2025-01-30 10:14:23,939 [INFO] WebApp:190 - Connection lost
2025-01-30 10:14:30,569 [INFO] WebApp:187 - Connection restablished
2025-01-30 12:22:27,703 [INFO] WebApp:190 - Connection lost
2025-01-30 12:22:28,809 [INFO] WebApp:187 - Connection restablished
2025-01-30 12:22:31,632 [INFO] WebApp:190 - Connection lost
2025-01-30 12:22:31,847 [INFO] WebApp:187 - Connection restablished
2025-01-30 14:36:26,293 [INFO] WebApp:190 - Connection lost
2025-01-30 14:36:29,852 [INFO] WebApp:187 - Connection restablished
2025-01-30 14:36:30,139 [INFO] WebApp:190 - Connection lost
2025-01-30 14:36:31,102 [INFO] WebApp:187 - Connection restablished
2025-01-30 21:23:46,911 [INFO] WebApp:190 - Connection lost
2025-01-30 21:23:56,058 [INFO] WebApp:187 - Connection restablished
2025-01-30 21:48:04,107 [INFO] WebApp:190 - Connection lost
2025-01-30 21:48:04,422 [INFO] WebApp:187 - Connection restablished
2025-01-30 22:57:10,571 [INFO] MainUpdater:2872 - connection check result : 10
2025-01-30 22:57:10,749 [INFO] McuFinderGlobals:76 - Set McuFinderConnectedMode to true
2025-01-30 22:57:10,753 [INFO] MultiScanPanel:200 - Auto-refresh data requested => check proxy status ongoing
2025-01-30 22:57:10,754 [INFO] FinderPluginLoader:95 - Searching for filters in installed packs
2025-01-30 22:57:15,826 [INFO] LoadUrlFilesThread:185 - End of LoadServerUrlFiles without Thread
2025-01-30 22:57:15,828 [INFO] DetailPanel:341 - Set advertising image to C:/Users/JadduVenkatesh/STM32Cube/Repository/\en.prom-stm32n6-mcu-finder.png
2025-01-30 22:57:17,962 [INFO] MultiScanPanel:728 - adjusting invalid saved split location: -0.27
2025-01-30 22:57:18,648 [INFO] MultiScanPanel:728 - adjusting invalid saved split location: -0.27
2025-01-30 22:58:00,578 [INFO] MultiScanPanel:200 - Auto-refresh data requested => check proxy status ongoing
2025-01-30 22:58:00,804 [INFO] LoadUrlFilesThread:185 - End of LoadServerUrlFiles without Thread
2025-01-30 22:58:00,804 [INFO] DetailPanel:341 - Set advertising image to C:/Users/JadduVenkatesh/STM32Cube/Repository/\en.prom-stm32n6-mcu-finder.png
2025-01-30 22:59:28,319 [INFO] MainUpdater:2872 - connection check result : 10
2025-01-30 22:59:28,320 [INFO] MainUpdater:2872 - connection check result : 10
2025-01-30 22:59:28,647 [INFO] MicroXplorer:468 - Change Database Path : 
2025-01-30 22:59:28,647 [INFO] MicroXplorer:498 - Change Database Version : DB.6.0.130
2025-01-30 22:59:28,781 [ERROR] ProjectManagerView:394 - 
java.lang.NullPointerException: Cannot invoke "javax.swing.JTextField.getText()" because the return value of "java.util.List.get(int)" is null
	at com.st.microxplorer.plugins.projectmanager.gui.ProjectChoiceTab$9.caretUpdate(ProjectChoiceTab.java:2616) ~[filemanager.jar:?]
	at javax.swing.text.JTextComponent.fireCaretUpdate(JTextComponent.java:408) ~[?:?]
	at javax.swing.text.JTextComponent$MutableCaretEvent.fire(JTextComponent.java:4484) ~[?:?]
	at javax.swing.text.JTextComponent$MutableCaretEvent.stateChanged(JTextComponent.java:4506) ~[?:?]
	at javax.swing.text.DefaultCaret.fireStateChanged(DefaultCaret.java:857) ~[?:?]
	at javax.swing.text.DefaultCaret.changeCaretPosition(DefaultCaret.java:1343) ~[?:?]
	at javax.swing.text.DefaultCaret.handleSetDot(DefaultCaret.java:1242) ~[?:?]
	at javax.swing.text.DefaultCaret.setDot(DefaultCaret.java:1223) ~[?:?]
	at javax.swing.text.DefaultCaret$Handler.insertUpdate(DefaultCaret.java:1819) ~[?:?]
	at javax.swing.text.AbstractDocument.fireInsertUpdate(AbstractDocument.java:227) ~[?:?]
	at javax.swing.text.AbstractDocument.handleInsertString(AbstractDocument.java:781) ~[?:?]
	at javax.swing.text.AbstractDocument.insertString(AbstractDocument.java:740) ~[?:?]
	at javax.swing.text.PlainDocument.insertString(PlainDocument.java:131) ~[?:?]
	at javax.swing.text.AbstractDocument.replace(AbstractDocument.java:699) ~[?:?]
	at javax.swing.text.JTextComponent.setText(JTextComponent.java:1725) ~[?:?]
	at com.st.microxplorer.plugins.projectmanager.gui.ProjectChoiceTab.createHeapStackFields(ProjectChoiceTab.java:975) ~[filemanager.jar:?]
	at com.st.microxplorer.plugins.projectmanager.gui.ProjectChoiceTab.buildLinkSettingsPanel(ProjectChoiceTab.java:3666) ~[filemanager.jar:?]
	at com.st.microxplorer.plugins.projectmanager.gui.ProjectChoiceTab.defineWindowsFields(ProjectChoiceTab.java:1934) ~[filemanager.jar:?]
	at com.st.microxplorer.plugins.projectmanager.gui.ProjectChoiceTab.updateSettings(ProjectChoiceTab.java:553) ~[filemanager.jar:?]
	at com.st.microxplorer.plugins.projectmanager.gui.ProjectSettingsPanel.UpdateDialog(ProjectSettingsPanel.java:245) ~[filemanager.jar:?]
	at com.st.microxplorer.plugins.projectmanager.ProjectManagerView.propertyChange(ProjectManagerView.java:391) ~[filemanager.jar:?]
	at java.beans.PropertyChangeSupport.fire(PropertyChangeSupport.java:343) ~[?:?]
	at java.beans.PropertyChangeSupport.firePropertyChange(PropertyChangeSupport.java:335) ~[?:?]
	at java.beans.PropertyChangeSupport.firePropertyChange(PropertyChangeSupport.java:268) ~[?:?]
	at com.st.microxplorer.util.MXPropertyChangeSupport.firePropertyChange(MXPropertyChangeSupport.java:54) ~[STM32CubeMX.jar:?]
	at com.st.microxplorer.mxsystem.MxSystem.closeConfig(MxSystem.java:899) ~[STM32CubeMX.jar:?]
	at com.st.microxplorer.maingui.MainPanel.closeConfig(MainPanel.java:789) ~[STM32CubeMX.jar:?]
	at com.st.microxplorer.plugins.filemanager.engine.OpenFileManager.loadConfigurationFile(OpenFileManager.java:265) ~[filemanager.jar:?]
	at com.st.microxplorer.plugins.filemanager.engine.MainFileManager.userLoadConfig(MainFileManager.java:340) ~[filemanager.jar:?]
	at com.st.microxplorer.plugins.filemanager.FileManagerView.getSpecificTask(FileManagerView.java:250) ~[filemanager.jar:?]
	at com.st.stm32cube.common.mx.editor.CubeMxEditor.getMxTabbedPaneInstance(CubeMxEditor.java:1191) ~[com.st.stm32cube.common.mx_6.13.0.202411220809/:?]
	at com.st.stm32cube.common.mx.editor.CubeMxEditor$12$1.createSwingComponent(CubeMxEditor.java:1068) ~[com.st.stm32cube.common.mx_6.13.0.202411220809/:?]
	at com.st.stm32cube.common.mx.oss.core.awtswtbridge.EmbeddedSwingComposite.doComponentCreation(EmbeddedSwingComposite.java:492) ~[com.st.stm32cube.common.mx.oss_6.13.0.202411220809/:?]
	at com.st.stm32cube.common.mx.oss.core.awtswtbridge.EmbeddedSwingComposite$4.run(EmbeddedSwingComposite.java:291) ~[com.st.stm32cube.common.mx.oss_6.13.0.202411220809/:?]
	at com.st.stm32cube.common.mx.oss.core.awtswtbridge.AwtEnvironment$2.run(AwtEnvironment.java:166) ~[com.st.stm32cube.common.mx.oss_6.13.0.202411220809/:?]
	at java.awt.event.InvocationEvent.dispatch(InvocationEvent.java:318) ~[?:?]
	at java.awt.EventQueue.dispatchEventImpl(EventQueue.java:773) ~[?:?]
	at java.awt.EventQueue$4.run(EventQueue.java:720) ~[?:?]
	at java.awt.EventQueue$4.run(EventQueue.java:714) ~[?:?]
	at java.security.AccessController.doPrivileged(AccessController.java:400) ~[?:?]
	at java.security.ProtectionDomain$JavaSecurityAccessImpl.doIntersectionPrivilege(ProtectionDomain.java:87) ~[?:?]
	at java.awt.EventQueue.dispatchEvent(EventQueue.java:742) ~[?:?]
	at java.awt.EventDispatchThread.pumpOneEventForFilters(EventDispatchThread.java:203) ~[?:?]
	at java.awt.EventDispatchThread.pumpEventsForFilter(EventDispatchThread.java:124) ~[?:?]
	at java.awt.EventDispatchThread.pumpEventsForHierarchy(EventDispatchThread.java:113) ~[?:?]
	at java.awt.EventDispatchThread.pumpEvents(EventDispatchThread.java:109) ~[?:?]
	at java.awt.EventDispatchThread.pumpEvents(EventDispatchThread.java:101) ~[?:?]
	at java.awt.EventDispatchThread.run(EventDispatchThread.java:90) ~[?:?]
2025-01-30 22:59:28,789 [WARN] ThirdParty:871 - waiting for thirdparty lock release [close project]
2025-01-30 22:59:28,789 [INFO] ThirdParty:873 - entering critical section [close project]
2025-01-30 22:59:28,789 [INFO] ThirdParty:883 - exiting critical section [close project]
2025-01-30 22:59:28,793 [INFO] PinOutPanel:1589 - setPackage(No Configuration,No Configuration)
2025-01-30 22:59:28,831 [WARN] IpParametersView:154 - Warning: This peripheral hasn't parameters
2025-01-30 22:59:28,860 [WARN] MainPanel:289 - <html><b><center>Warning: This peripheral has no parameters to be configured<br></b></html>
2025-01-30 22:59:28,860 [ERROR] MainPanel:599 - java.lang.IndexOutOfBoundsException: Index: 0, Tab count: 0
2025-01-30 22:59:28,872 [INFO] UtilMem:75 - Begin LoadConfig() Used Memory: 576242112 Bytes (894435328)
2025-01-30 22:59:28,876 [INFO] OpenFileManager:332 - Change cursor
2025-01-30 22:59:28,992 [INFO] RulesReader:64 - Compatibility file has been processed (297 Rules)
2025-01-30 22:59:29,036 [INFO] ProjectFactory:442 - No CPN specified for board NUCLEO-F446RE => set CPN to STM32F446RET6
2025-01-30 22:59:29,036 [INFO] Mcu:2035 - Initializing MCU STM32F446R(C-E)Tx STM32F446RETx STM32F446RET6
2025-01-30 22:59:33,506 [INFO] Context:748 - Trying to add GPIOservice into a context  which must be forbidden
2025-01-30 22:59:34,893 [INFO] Rule:228 - rule 117617 - U5Cobra4M][GTZC] default value MPCBB3 and MPCBB5 - Not Secured memory - MPCBB1 is applicable
2025-01-30 22:59:34,894 [INFO] Rule:228 - rule 117617 - U5Cobra4M][GTZC] default value MPCBB3 and MPCBB5 - Not Secured memory - MPCBB1 is applicable
2025-01-30 22:59:34,894 [INFO] Rule:228 - rule 117617 - U5Cobra4M][GTZC] default value MPCBB3 and MPCBB5 - Not Secured memory - MPCBB2 is applicable
2025-01-30 22:59:34,894 [INFO] Rule:228 - rule 117617 - U5Cobra4M][GTZC] default value MPCBB3 and MPCBB5 - Not Secured memory - MPCBB2 is applicable
2025-01-30 22:59:34,894 [INFO] Rule:228 - rule 117617 - U5Cobra4M][GTZC] default value MPCBB3 and MPCBB5 - Not Secured memory - MPCBB3 is applicable
2025-01-30 22:59:34,895 [INFO] Rule:228 - rule 117617 - U5Cobra4M][GTZC] default value MPCBB3 and MPCBB5 - Not Secured memory - MPCBB3 is applicable
2025-01-30 22:59:34,895 [INFO] Rule:228 - rule 117617 - U5Cobra4M][GTZC] default value MPCBB3 and MPCBB5 - Not Secured memory - MPCBB4 is applicable
2025-01-30 22:59:34,895 [INFO] Rule:228 - rule 117617 - U5Cobra4M][GTZC] default value MPCBB3 and MPCBB5 - Not Secured memory - MPCBB4 is applicable
2025-01-30 22:59:34,896 [INFO] Rule:228 - rule 117617 - U5Cobra4M][GTZC] default value MPCBB3 and MPCBB5 - Secured memory - MPCBB1 is applicable
2025-01-30 22:59:34,896 [INFO] Rule:228 - rule 117617 - U5Cobra4M][GTZC] default value MPCBB3 and MPCBB5 - Secured memory - MPCBB2 is applicable
2025-01-30 22:59:34,897 [INFO] Rule:228 - rule 117617 - U5Cobra4M][GTZC] default value MPCBB3 and MPCBB5 - Secured memory - MPCBB3 is applicable
2025-01-30 22:59:34,897 [INFO] Rule:228 - rule 117617 - U5Cobra4M][GTZC] default value MPCBB3 and MPCBB5 - Secured memory - MPCBB4 is applicable
2025-01-30 22:59:34,897 [INFO] Rule:228 - rule 117617 - U5Cobra4M][GTZC] default value MPCBB3 and MPCBB5 - Privileged memory - MPCBB1 is applicable
2025-01-30 22:59:34,897 [INFO] Rule:228 - rule 117617 - U5Cobra4M][GTZC] default value MPCBB3 and MPCBB5 - Privileged memory - MPCBB2 is applicable
2025-01-30 22:59:34,897 [INFO] Rule:228 - rule 117617 - U5Cobra4M][GTZC] default value MPCBB3 and MPCBB5 - Privileged memory - MPCBB3 is applicable
2025-01-30 22:59:34,897 [INFO] Rule:228 - rule 117617 - U5Cobra4M][GTZC] default value MPCBB3 and MPCBB5 - Privileged memory - MPCBB4 is applicable
2025-01-30 22:59:34,898 [INFO] Rule:228 - rule 117617 - U5Cobra4M][GTZC] default value MPCBB3 and MPCBB5 - Not Privileged memory - MPCBB1 is applicable
2025-01-30 22:59:34,898 [INFO] Rule:228 - rule 117617 - U5Cobra4M][GTZC] default value MPCBB3 and MPCBB5 - Not Privileged memory - MPCBB2 is applicable
2025-01-30 22:59:34,898 [INFO] Rule:228 - rule 117617 - U5Cobra4M][GTZC] default value MPCBB3 and MPCBB5 - Not Privileged memory - MPCBB3 is applicable
2025-01-30 22:59:34,898 [INFO] Rule:228 - rule 117617 - U5Cobra4M][GTZC] default value MPCBB3 and MPCBB5 - Not Privileged memory - MPCBB4 is applicable
2025-01-30 22:59:34,899 [INFO] Rule:228 - rule 117617 - U5Cobra4M][GTZC] default value MPCBB3 and MPCBB5 - Privileged memory - MPCBB1 is applicable
2025-01-30 22:59:34,899 [INFO] Rule:228 - rule 117617 - U5Cobra4M][GTZC] default value MPCBB3 and MPCBB5 - Privileged memory - MPCBB2 is applicable
2025-01-30 22:59:34,899 [INFO] Rule:228 - rule 117617 - U5Cobra4M][GTZC] default value MPCBB3 and MPCBB5 - Privileged memory - MPCBB3 is applicable
2025-01-30 22:59:34,899 [INFO] Rule:228 - rule 117617 - U5Cobra4M][GTZC] default value MPCBB3 and MPCBB5 - Privileged memory - MPCBB4 is applicable
2025-01-30 22:59:34,899 [INFO] Rule:228 - rule 117617 - U5Cobra4M][GTZC] default value MPCBB3 and MPCBB5 - Privileged memory - MPCBB1 is applicable
2025-01-30 22:59:34,900 [INFO] Rule:228 - rule 117617 - U5Cobra4M][GTZC] default value MPCBB3 and MPCBB5 - Privileged memory - MPCBB2 is applicable
2025-01-30 22:59:34,900 [INFO] Rule:228 - rule 117617 - U5Cobra4M][GTZC] default value MPCBB3 and MPCBB5 - Privileged memory - MPCBB3 is applicable
2025-01-30 22:59:34,900 [INFO] Rule:228 - rule 117617 - U5Cobra4M][GTZC] default value MPCBB3 and MPCBB5 - Privileged memory - MPCBB4 is applicable
2025-01-30 22:59:34,900 [INFO] Rule:228 - rule 117617 - U5Cobra4M][GTZC] default value MPCBB3 and MPCBB5 - Not Privileged memory - MPCBB1 is applicable
2025-01-30 22:59:34,900 [INFO] Rule:228 - rule 117617 - U5Cobra4M][GTZC] default value MPCBB3 and MPCBB5 - Not Privileged memory - MPCBB2 is applicable
2025-01-30 22:59:34,901 [INFO] Rule:228 - rule 117617 - U5Cobra4M][GTZC] default value MPCBB3 and MPCBB5 - Not Privileged memory - MPCBB3 is applicable
2025-01-30 22:59:34,901 [INFO] Rule:228 - rule 117617 - U5Cobra4M][GTZC] default value MPCBB3 and MPCBB5 - Not Privileged memory - MPCBB4 is applicable
2025-01-30 22:59:34,901 [INFO] Rule:228 - rule 117617 - U5Cobra4M][GTZC] default value MPCBB3 and MPCBB5 - Privileged memory - MPCBB1 is applicable
2025-01-30 22:59:34,901 [INFO] Rule:228 - rule 117617 - U5Cobra4M][GTZC] default value MPCBB3 and MPCBB5 - Privileged memory - MPCBB2 is applicable
2025-01-30 22:59:34,901 [INFO] Rule:228 - rule 117617 - U5Cobra4M][GTZC] default value MPCBB3 and MPCBB5 - Privileged memory - MPCBB3 is applicable
2025-01-30 22:59:34,901 [INFO] Rule:228 - rule 117617 - U5Cobra4M][GTZC] default value MPCBB3 and MPCBB5 - Privileged memory - MPCBB4 is applicable
2025-01-30 22:59:34,902 [INFO] Rule:228 - rule Rename SubGHz_Phy SUBGHZ_APPLICATION SUBGHZ_PINGPONG to SUBGHZ_ADV_APPLICATION is applicable
2025-01-30 22:59:34,902 [INFO] Rule:228 - rule Rename Enabled to IBEACON is applicable
2025-01-30 22:59:34,902 [INFO] Rule:228 - rule GTZC_S instance for project manager is applicable
2025-01-30 22:59:34,902 [INFO] Rule:228 - rule GTZC_S instance for context M33S is applicable
2025-01-30 22:59:34,902 [INFO] Rule:228 - rule GTZC_S instance value for IP GTZC is applicable
2025-01-30 22:59:34,903 [INFO] Rule:228 - rule GTZC_S instance for mcu.IP is applicable
2025-01-30 22:59:34,903 [INFO] Rule:228 - rule GTZC_S instance for VP is applicable
2025-01-30 22:59:34,903 [INFO] Rule:228 - rule GTZC_S instance for signal is applicable
2025-01-30 22:59:34,903 [INFO] Rule:228 - rule GTZC_S instance for mcu.Pin is applicable
2025-01-30 22:59:34,903 [INFO] Rule:228 - rule GTZC_S instance for VP is applicable
2025-01-30 22:59:34,903 [INFO] Rule:228 - rule GTZC_S instance for signal is applicable
2025-01-30 22:59:34,904 [INFO] Rule:228 - rule GTZC_S instance for mcu is applicable
2025-01-30 22:59:34,904 [INFO] Rule:228 - rule GTZC_S instance for mcu.Pin is applicable
2025-01-30 22:59:34,904 [INFO] Rule:228 - rule GTZC_S instance value for IP GTZC is applicable
2025-01-30 22:59:34,904 [INFO] Rule:228 - rule GTZC_S instance for project manager is applicable
2025-01-30 22:59:34,904 [INFO] Rule:228 - rule GTZC_S instance for context M33S is applicable
2025-01-30 22:59:34,905 [INFO] Rule:228 - rule GTZC_S instance for VP is applicable
2025-01-30 22:59:34,905 [INFO] Rule:228 - rule GTZC_S instance for signal is applicable
2025-01-30 22:59:34,905 [INFO] Rule:228 - rule SPDIFRX instance for mcu is applicable
2025-01-30 22:59:34,905 [INFO] Rule:228 - rule Rename Tracer Mode is applicable
2025-01-30 22:59:34,905 [INFO] Rule:228 - rule SPDIFRX instance value for IP SPDIFRX is applicable
2025-01-30 22:59:34,905 [INFO] Rule:228 - rule SPDIFRX instance for signal is applicable
2025-01-30 22:59:34,906 [INFO] Rule:228 - rule SPDIFRX instance for project manager is applicable
2025-01-30 22:59:34,906 [INFO] Rule:228 - rule SPDIFRX instance for project manager is applicable
2025-01-30 22:59:34,906 [INFO] Rule:228 - rule ADC Scan  fix with FW F7 is applicable
2025-01-30 22:59:34,906 [INFO] Rule:228 - rule ADC Scan  fix with FW F7 is applicable
2025-01-30 22:59:34,907 [INFO] Rule:228 - rule DFSDM instance value for IP DFSDM is applicable
2025-01-30 22:59:34,907 [INFO] Rule:228 - rule DFSDM instance for mcu is applicable
2025-01-30 22:59:34,907 [INFO] Rule:228 - rule DFSDM instance for VP is applicable
2025-01-30 22:59:34,908 [INFO] Rule:228 - rule DFSDM instance for signal is applicable
2025-01-30 22:59:34,908 [INFO] Rule:228 - rule DFSDM instance for shared is applicable
2025-01-30 22:59:34,908 [INFO] Rule:228 - rule BreakInputSource parameter for IP Timer is applicable
2025-01-30 22:59:34,909 [INFO] Rule:228 - rule Sourcebreak parameter for IP Timer is applicable
2025-01-30 22:59:34,909 [INFO] Rule:228 - rule Sourcebreak parameter for IP Timer is applicable
2025-01-30 22:59:34,909 [INFO] Rule:228 - rule DFSDM for PCC is applicable
2025-01-30 22:59:34,909 [INFO] Rule:228 - rule Serial_Wire Mode is applicable
2025-01-30 22:59:34,909 [INFO] Rule:228 - rule JTAG_4_pins Mode is applicable
2025-01-30 22:59:34,910 [INFO] Rule:228 - rule JTAG_5_pins Mode is applicable
2025-01-30 22:59:34,910 [INFO] Rule:228 - rule Trace_Asynchronous_SW Mode is applicable
2025-01-30 22:59:34,910 [INFO] Rule:228 - rule Trace_Synchro_1bit_JTAG Mode is applicable
2025-01-30 22:59:34,910 [INFO] Rule:228 - rule Trace_Synchro_2bits_JTAG Mode is applicable
2025-01-30 22:59:34,910 [INFO] Rule:228 - rule Trace_Synchro_4bits_JTAG Mode is applicable
2025-01-30 22:59:34,910 [INFO] Rule:228 - rule Trace_Synchro_1bit_SW Mode is applicable
2025-01-30 22:59:34,911 [INFO] Rule:228 - rule Trace_Synchro_2bits_SW Mode is applicable
2025-01-30 22:59:34,911 [INFO] Rule:228 - rule Trace_Synchro_4bits_SW Mode is applicable
2025-01-30 22:59:34,911 [INFO] Rule:228 - rule SYS_WakeUp0 Mode is applicable
2025-01-30 22:59:34,911 [INFO] Rule:228 - rule SYS_WakeUp0 Mode for STM32F446 is applicable
2025-01-30 22:59:34,911 [INFO] Rule:228 - rule SYS_WakeUp1 Mode is applicable
2025-01-30 22:59:34,911 [INFO] Rule:228 - rule SYS_WakeUp1 Mode for STM32F446 is applicable
2025-01-30 22:59:34,912 [INFO] Rule:228 - rule SYS_WakeUp2 Mode is applicable
2025-01-30 22:59:34,912 [INFO] Rule:228 - rule SYS_WakeUp3 Mode is applicable
2025-01-30 22:59:34,912 [INFO] Rule:228 - rule SYS_WakeUp4 Mode is applicable
2025-01-30 22:59:34,912 [INFO] Rule:228 - rule SYS_WakeUp5 Mode is applicable
2025-01-30 22:59:34,912 [INFO] Rule:228 - rule SYS_WakeUp6 Mode is applicable
2025-01-30 22:59:34,913 [INFO] Rule:228 - rule SYS_WakeUp7 Mode is applicable
2025-01-30 22:59:34,913 [INFO] Rule:228 - rule WakeUp0 Mode is applicable
2025-01-30 22:59:34,913 [INFO] Rule:228 - rule WakeUp0 SIGNAL is applicable
2025-01-30 22:59:34,913 [INFO] Rule:228 - rule WakeUp1 Mode is applicable
2025-01-30 22:59:34,913 [INFO] Rule:228 - rule WakeUp1 SIGNAL is applicable
2025-01-30 22:59:34,913 [INFO] Rule:228 - rule WakeUp2 Mode is applicable
2025-01-30 22:59:34,913 [INFO] Rule:228 - rule WakeUp2 SIGNAL is applicable
2025-01-30 22:59:34,914 [INFO] Rule:228 - rule WakeUp4 Mode is applicable
2025-01-30 22:59:34,914 [INFO] Rule:228 - rule WakeUp4 SIGNAL is applicable
2025-01-30 22:59:34,914 [INFO] Rule:228 - rule WakeUp5 Mode is applicable
2025-01-30 22:59:34,914 [INFO] Rule:228 - rule WakeUp5 SIGNAL is applicable
2025-01-30 22:59:34,914 [INFO] Rule:228 - rule Mode_PVD_Ext is applicable
2025-01-30 22:59:34,914 [INFO] Rule:228 - rule Mode_PVD_Int is applicable
2025-01-30 22:59:34,915 [INFO] Rule:228 - rule Add RTC Activate Clock Source is applicable
2025-01-30 22:59:34,915 [INFO] Rule:228 - rule Add RTC Activate Calendar 1 is applicable
2025-01-30 22:59:34,915 [INFO] Rule:228 - rule Add RTC Activate Calendar 2 is applicable
2025-01-30 22:59:34,915 [INFO] Rule:228 - rule Add RTC Activate Calendar 3 is applicable
2025-01-30 22:59:34,915 [INFO] Rule:228 - rule UART/USART TX Mode is applicable
2025-01-30 22:59:34,915 [INFO] Rule:228 - rule UART/USART RX Mode is applicable
2025-01-30 22:59:34,916 [INFO] Rule:228 - rule UART/USART RX TX Mode is applicable
2025-01-30 22:59:34,916 [INFO] Rule:228 - rule UART/USART PARITY NONE is applicable
2025-01-30 22:59:34,916 [INFO] Rule:228 - rule UART/USART PARITY EVEN is applicable
2025-01-30 22:59:34,916 [INFO] Rule:228 - rule UART/USART PARITY ODD is applicable
2025-01-30 22:59:34,916 [INFO] Rule:228 - rule USART StopBits 1 is applicable
2025-01-30 22:59:34,916 [INFO] Rule:228 - rule USART StopBits 2 is applicable
2025-01-30 22:59:34,917 [INFO] Rule:228 - rule USART StopBits 1.5 is applicable
2025-01-30 22:59:34,917 [INFO] Rule:228 - rule USART StopBits 0.5 is applicable
2025-01-30 22:59:34,917 [INFO] Rule:228 - rule UART/USART WORD LENGTH 7 is applicable
2025-01-30 22:59:34,917 [INFO] Rule:228 - rule UART/USART WORD LENGTH 8 is applicable
2025-01-30 22:59:34,917 [INFO] Rule:228 - rule UART/USART WORD LENGTH 9 is applicable
2025-01-30 22:59:34,917 [INFO] Rule:228 - rule Rename FMC NAND NCE signal is applicable
2025-01-30 22:59:34,918 [INFO] Rule:228 - rule Rename FMC NAND INT signal is applicable
2025-01-30 22:59:34,918 [INFO] Rule:228 - rule Change Default Value for LSE Drive Capability for WB family is applicable
2025-01-30 22:59:34,918 [INFO] Rule:228 - rule Change Default Value for ADC Clock Prescaler G0 family is applicable
2025-01-30 22:59:34,918 [INFO] Rule:228 - rule Change Default Value for ADC ExternalTrigConv L4 family is applicable
2025-01-30 22:59:34,918 [INFO] Rule:228 - rule Change Default Value for ADC ExternalTrigInjecConv L4 family is applicable
2025-01-30 22:59:34,918 [INFO] Rule:228 - rule Change Default Value for ADC ExternalTrigConv F3 family is applicable
2025-01-30 22:59:34,919 [INFO] Rule:228 - rule Change Default Value for ADC ExternalTrigInjecConv F3 family is applicable
2025-01-30 22:59:34,919 [INFO] Rule:228 - rule Change Default Value for ADC ExternalTrigConv Goldfish serie is applicable
2025-01-30 22:59:34,919 [INFO] Rule:228 - rule Change Default Value for ADC ExternalTrigInjecConv Goldfish serie is applicable
2025-01-30 22:59:34,919 [INFO] Rule:228 - rule Change Default Value for ADC ExternalTrigConv L0 family is applicable
2025-01-30 22:59:34,919 [INFO] Rule:228 - rule Change Default Value for ADC ExternalTrigConv F0 family is applicable
2025-01-30 22:59:34,919 [INFO] Rule:228 - rule Change Default Value for ADC ExternalTrigConvn L1 family is applicable
2025-01-30 22:59:34,919 [INFO] Rule:228 - rule Change Default Value for ADC ExternalTrigInjecConv L1 family is applicable
2025-01-30 22:59:34,920 [INFO] Rule:228 - rule Change Default Value for ADC ExternalTrigConv F1 family is applicable
2025-01-30 22:59:34,920 [INFO] Rule:228 - rule Change Default Value for ADC ExternalTrigInjecConv F1 family is applicable
2025-01-30 22:59:34,920 [INFO] Rule:228 - rule Change Default Value for ADC ExternalTrigConv F7 family is applicable
2025-01-30 22:59:34,920 [INFO] Rule:228 - rule Change Default Value for ADC ExternalTrigInjecConv F7 family is applicable
2025-01-30 22:59:34,920 [INFO] Rule:228 - rule Change Default Value for ADC ExternalTrigConv F4 and F2 family is applicable
2025-01-30 22:59:34,921 [INFO] Rule:228 - rule Change Default Value for ADC ExternalTrigInjecConv F4 and F2 family is applicable
2025-01-30 22:59:34,921 [INFO] Rule:228 - rule ADC SamplingTime fix with FW L0  is applicable
2025-01-30 22:59:34,921 [INFO] Rule:228 - rule ADC SamplingTime fix with FW L0  is applicable
2025-01-30 22:59:34,921 [INFO] Rule:228 - rule ADC SamplingTime fix with FW L0 is applicable
2025-01-30 22:59:34,921 [INFO] Rule:228 - rule ADC SamplingTime fix with FW L0 is applicable
2025-01-30 22:59:34,921 [INFO] Rule:228 - rule ADC SamplingTime fix with FW L0  is applicable
2025-01-30 22:59:34,922 [INFO] Rule:228 - rule ADC SamplingTime fix with FW L0 is applicable
2025-01-30 22:59:34,922 [INFO] Rule:228 - rule Rename USB_OE Signal is applicable
2025-01-30 22:59:34,922 [INFO] Rule:228 - rule Rename Activate_OE Mode is applicable
2025-01-30 22:59:34,922 [INFO] Rule:228 - rule Rename DIE462/DIE415 pin PC14/OSC32_IN -> PC14-OSC32_IN (PC14) is applicable
2025-01-30 22:59:34,923 [INFO] Rule:228 - rule Rename DIE462/DIE415 pin PC15/OSC32_OUT -> PC15-OSC32_OUT (PC15) is applicable
2025-01-30 22:59:34,923 [INFO] Rule:228 - rule Rename DIE462/DIE415 pin PH0/OSC_IN -> PH0-OSC_IN (PH0) is applicable
2025-01-30 22:59:34,923 [INFO] Rule:228 - rule Rename DIE462/DIE415 pin PH1/OSC_OUT -> PH1-OSC_OUT (PH1) is applicable
2025-01-30 22:59:34,923 [INFO] Rule:228 - rule Rename DIE462 pin PA13 -> PA13 (JTMS/SWDIO) is applicable
2025-01-30 22:59:34,923 [INFO] Rule:228 - rule Rename DIE415 pin PA13 -> PA13 (JTMS/SWDIO) is applicable
2025-01-30 22:59:34,923 [INFO] Rule:228 - rule Rename DIE462 pin PA14 -> PA14 (JTCK/SWCLK) is applicable
2025-01-30 22:59:34,924 [INFO] Rule:228 - rule Rename DIE415 pin PA14 -> PA14 (JTCK/SWCLK) is applicable
2025-01-30 22:59:34,926 [INFO] Rule:228 - rule Rename DIE462/DIE415 pin PA15 -> PA15 (JTDI) is applicable
2025-01-30 22:59:34,926 [INFO] Rule:228 - rule Rename DIE462 pin PB3 -> PB3 (JTD0/TRACESWO) is applicable
2025-01-30 22:59:34,926 [INFO] Rule:228 - rule Rename DIE415 pin PB3 -> PB3 (JTD0-TRACESWO) is applicable
2025-01-30 22:59:34,926 [INFO] Rule:228 - rule Rename DIE462/DIE415 pin PB4 -> PB4 (NJTRST) is applicable
2025-01-30 22:59:34,927 [INFO] Rule:228 - rule Rename DIE462 pin PH3/BOOT0 -> PH3-BOOT0 (BOOT0) is applicable
2025-01-30 22:59:34,927 [INFO] Rule:228 - rule Rename CRYP DataEncryptionTypesList to Algorithm is applicable
2025-01-30 22:59:34,927 [INFO] Rule:228 - rule Rename AES DataEncryptionTypesList to Algorithm is applicable
2025-01-30 22:59:34,927 [INFO] Rule:228 - rule Rename TDESECB to CRYP_TDES_ECB is applicable
2025-01-30 22:59:34,927 [INFO] Rule:228 - rule Rename TDESCBC to CRYP_TDES_CBC is applicable
2025-01-30 22:59:34,928 [INFO] Rule:228 - rule Rename DESECB to CRYP_DES_ECB is applicable
2025-01-30 22:59:34,928 [INFO] Rule:228 - rule Rename DESCBC to CRYP_DES_CBC is applicable
2025-01-30 22:59:34,928 [INFO] Rule:228 - rule Rename AESECB to CRYP_AES_ECB is applicable
2025-01-30 22:59:34,928 [INFO] Rule:228 - rule Rename AESCBC to CRYP_AES_CBC is applicable
2025-01-30 22:59:34,928 [INFO] Rule:228 - rule Rename AESCTR to CRYP_AES_CTR is applicable
2025-01-30 22:59:34,929 [INFO] Rule:228 - rule Rename AESGCM to CRYP_AES_GCM is applicable
2025-01-30 22:59:34,929 [INFO] Rule:228 - rule Rename AESCCM to CRYP_AES_CCM is applicable
2025-01-30 22:59:34,929 [INFO] Rule:228 - rule Rename CAN TimeSeg1 to BS1 is applicable
2025-01-30 22:59:34,929 [INFO] Rule:228 - rule Rename CAN TimeSeg2 to BS2 is applicable
2025-01-30 22:59:34,929 [INFO] Rule:228 - rule Rename CAN SyncJumpWidth to SJW is applicable
2025-01-30 22:59:34,930 [INFO] Rule:228 - rule TimeTriggeredMode to TTCM is applicable
2025-01-30 22:59:34,930 [INFO] Rule:228 - rule Rename CAN AutoBusOff to ABOM is applicable
2025-01-30 22:59:34,930 [INFO] Rule:228 - rule Rename CAN AutoWakeUp to AWUM is applicable
2025-01-30 22:59:34,930 [INFO] Rule:228 - rule Rename CAN AutoRetransmission to NART is applicable
2025-01-30 22:59:34,930 [INFO] Rule:228 - rule Rename CAN ReceiveFifoLocked to RFLM is applicable
2025-01-30 22:59:34,930 [INFO] Rule:228 - rule Rename CAN TransmitFifoPriority to TXFP is applicable
2025-01-30 22:59:34,931 [INFO] Rule:228 - rule Rename HRTIMER HRTIM_OUTPUTFAULTLEVEL_HIGH in HRTIMER HRTIM_OUTPUTFAULTLEVEL_HIGHZ is applicable
2025-01-30 22:59:34,931 [INFO] Rule:228 - rule Rename TIMER TIM_CLEARINPUTSOURCE_OCREFCLR in  TIMER TIM_CLEARINPUTSOURCE_NONE for F7 family is applicable
2025-01-30 22:59:34,931 [INFO] Rule:228 - rule FDCAN_R1 - Rename FDCAN mode Master into Classic is applicable
2025-01-30 22:59:34,931 [INFO] Rule:228 - rule FDCAN_R2 - Rename FDCAN mode Slave into Classic is applicable
2025-01-30 22:59:34,931 [INFO] Rule:228 - rule FDCAN1_R3 - if PA10.Mode=FullDuplex, add Pin PA12 is applicable
2025-01-30 22:59:34,932 [INFO] Rule:228 - rule FDCAN1_R3 - if PA9.Mode=FullDuplex, add Pin PA11 is applicable
2025-01-30 22:59:34,932 [INFO] Rule:228 - rule FDCAN1_R3 - Alternatepin_1 - if PE1.Mode=FullDuplex, add Pin PB9 is applicable
2025-01-30 22:59:34,932 [INFO] Rule:228 - rule FDCAN1_R3 - Alternatepin_1 - if PE0.Mode=FullDuplex, add Pin PB8 is applicable
2025-01-30 22:59:34,932 [INFO] Rule:228 - rule FDCAN1_R3 - Alternatepin_2 - if PD5.Mode=FullDuplex, add Pin PD1 is applicable
2025-01-30 22:59:34,932 [INFO] Rule:228 - rule FDCAN1_R3 - Alternatepin_2 - if PD4.Mode=FullDuplex, add Pin PD0 is applicable
2025-01-30 22:59:34,932 [INFO] Rule:228 - rule FDCAN1_R4 - Rename Mode FullDuplex into Enable FDCAN_TXFD for pin PA10 is applicable
2025-01-30 22:59:34,933 [INFO] Rule:228 - rule FDCAN1_R4 - Rename Mode FullDuplex into Enable FDCAN_TXFD for pin PA9 is applicable
2025-01-30 22:59:34,933 [INFO] Rule:228 - rule FDCAN1_R4 - Alternatepin_1 - Rename Mode FullDuplex into Enable FDCAN_TXFD for pin PE1 is applicable
2025-01-30 22:59:34,933 [INFO] Rule:228 - rule FDCAN1_R4 - Alternatepin_1 - Rename Mode FullDuplex into Enable FDCAN_TXFD for pin PE0 is applicable
2025-01-30 22:59:34,933 [INFO] Rule:228 - rule FDCAN1_R4 - Alternatepin_2 - Rename Mode FullDuplex into Enable FDCAN_TXFD for pin PD5 is applicable
2025-01-30 22:59:34,933 [INFO] Rule:228 - rule FDCAN1_R4 - Alternatepin_2 - Rename Mode FullDuplex into Enable FDCAN_TXFD for pin PD4 is applicable
2025-01-30 22:59:34,933 [INFO] Rule:228 - rule FDCAN2_R3 - if PD10.Mode=FullDuplex, add Pin PB13 is applicable
2025-01-30 22:59:34,933 [INFO] Rule:228 - rule FDCAN2_R3 - if PD9.Mode=FullDuplex, add Pin PB12 is applicable
2025-01-30 22:59:34,933 [INFO] Rule:228 - rule FDCAN2_R3 - Alternatepin_1 - if PB7.Mode=FullDuplex, add Pin PB6 is applicable
2025-01-30 22:59:34,934 [INFO] Rule:228 - rule FDCAN2_R3 - Alternatepin_1 - if PD9.Mode=FullDuplex, add Pin PB12 is applicable
2025-01-30 22:59:34,934 [INFO] Rule:228 - rule FDCAN2_R4 - Rename Mode FullDuplex into Enable FDCAN_TXFD for pin PD10 is applicable
2025-01-30 22:59:34,934 [INFO] Rule:228 - rule FDCAN2_R4 - Rename Mode FullDuplex into Enable FDCAN_TXFD for pin PD9 is applicable
2025-01-30 22:59:34,934 [INFO] Rule:228 - rule FDCAN2_R4 - Alternatepin_1 - Rename Mode FullDuplex into Enable FDCAN_TXFD for pin PB7 is applicable
2025-01-30 22:59:34,934 [INFO] Rule:228 - rule FDCAN2_R4 - Alternatepin_1 - Rename Mode FullDuplex into Enable FDCAN_TXFD for pin PD6 is applicable
2025-01-30 22:59:34,934 [INFO] Rule:228 - rule USART TxPinLevelInvertParam Mode is applicable
2025-01-30 22:59:34,934 [INFO] Rule:228 - rule USART RxPinLevelInvertParam Mode is applicable
2025-01-30 22:59:34,934 [INFO] Rule:228 - rule USART DataInvertParam Mode is applicable
2025-01-30 22:59:34,935 [INFO] Rule:228 - rule USART SwapParam Mode is applicable
2025-01-30 22:59:34,935 [INFO] Rule:228 - rule USART OverrunDisableParam Mode is applicable
2025-01-30 22:59:34,935 [INFO] Rule:228 - rule USART DMADisableonRxErrorParam Mode is applicable
2025-01-30 22:59:34,935 [INFO] Rule:228 - rule USART MSBFirstParam Mode is applicable
2025-01-30 22:59:34,935 [INFO] Rule:228 - rule Update MwName for USB_DEVICE is applicable
2025-01-30 22:59:34,935 [INFO] Rule:228 - rule Change PWR_Regulator_Voltage_Scale Default Value for RCC  H7 family is applicable
2025-01-30 22:59:34,935 [INFO] Rule:228 - rule UART/USART IPParameter rename Prescaler parameter to ClockPrescaler is applicable
2025-01-30 22:59:34,935 [INFO] Rule:228 - rule UART/USART Prescaler rename Prescaler parameter to ClockPrescaler is applicable
2025-01-30 22:59:34,936 [INFO] Rule:228 - rule TIM1CLockSelection is applicable
2025-01-30 22:59:34,936 [INFO] Rule:228 - rule TIM15CLockSelection is applicable
2025-01-30 22:59:34,936 [INFO] Rule:228 - rule align RCC SDMMC3CLockSelection default value on MP1 is applicable
2025-01-30 22:59:34,936 [INFO] Rule:228 - rule align RCC SDMMC12CLockSelection default value on MP1 is applicable
2025-01-30 22:59:34,936 [INFO] Rule:228 - rule align RCC QSPICLockSelection default value on MP1 is applicable
2025-01-30 22:59:34,936 [INFO] Rule:228 - rule align RCC QSPICLockSelection default value on MP1 is applicable
2025-01-30 22:59:34,936 [INFO] Rule:228 - rule align RCC SPI6CLockSelection default value on MP1 is applicable
2025-01-30 22:59:34,937 [INFO] Rule:228 - rule align RCC LPTIM23CLockSelection default value on MP1 is applicable
2025-01-30 22:59:34,937 [INFO] Rule:228 - rule align RCC LPTIM1CLockSelection default value on MP1 is applicable
2025-01-30 22:59:34,937 [INFO] Rule:228 - rule align RCC USART1CLockSelection default value on MP1 is applicable
2025-01-30 22:59:34,937 [INFO] Rule:228 - rule align RCC USART24CLockSelection default value on MP1 is applicable
2025-01-30 22:59:34,937 [INFO] Rule:228 - rule align RCC USART6CLockSelection default value on MP1 is applicable
2025-01-30 22:59:34,937 [INFO] Rule:228 - rule align RCC UART78CLockSelection default value on MP1 is applicable
2025-01-30 22:59:34,938 [INFO] Rule:228 - rule align RCC USART35CLockSelection default value on MP1 is applicable
2025-01-30 22:59:34,938 [INFO] Rule:228 - rule align RCC SPI45CLockSelection default value on MP1 is applicable
2025-01-30 22:59:34,938 [INFO] Rule:228 - rule align RCC I2C46CLockSelection BCLK value on MP1 is applicable
2025-01-30 22:59:34,938 [INFO] Rule:228 - rule align RCC SPI45CLockSelection default value on MP1 is applicable
2025-01-30 22:59:34,938 [INFO] Rule:228 - rule align RCC I2C12CLockSelection default value on MP1 is applicable
2025-01-30 22:59:34,939 [INFO] Rule:228 - rule align RCC I2C35CLockSelection default value on MP1 is applicable
2025-01-30 22:59:34,939 [INFO] Rule:228 - rule align RCC LPTIM45CLockSelection default value on MP1 is applicable
2025-01-30 22:59:34,939 [INFO] Rule:228 - rule Rename DCMI PIXCK signal is applicable
2025-01-30 22:59:34,939 [INFO] Rule:228 - rule Change Default Value for I2C46CLockSelection MP1 family is applicable
2025-01-30 22:59:34,939 [INFO] Rule:228 - rule Change Default Value for UART for G4, G0 and WB families is applicable
2025-01-30 22:59:34,939 [INFO] Rule:228 - rule Change Default Value for USART for G4, G0 and WB families is applicable
2025-01-30 22:59:34,939 [INFO] Rule:228 - rule Change Default Value for USART for G4 family is applicable
2025-01-30 22:59:34,940 [INFO] Rule:228 - rule Change USART1CLockSelection refparam name for MP1 is applicable
2025-01-30 22:59:34,940 [INFO] Rule:228 - rule Change USART2CLockSelection refparam name for MP1 is applicable
2025-01-30 22:59:34,940 [INFO] Rule:228 - rule Change USART3CLockSelection refparam name for MP1 is applicable
2025-01-30 22:59:34,940 [INFO] Rule:228 - rule Change UART4CLockSelection refparam name for MP1 is applicable
2025-01-30 22:59:34,940 [INFO] Rule:228 - rule Change UART5CLockSelection refparam name for MP1 is applicable
2025-01-30 22:59:34,941 [INFO] Rule:228 - rule Change LPUART1CLockSelection refparam name for MP1 is applicable
2025-01-30 22:59:34,941 [INFO] Rule:228 - rule Change LPTIM1CLockSelection refparam name for MP1 is applicable
2025-01-30 22:59:34,942 [INFO] Rule:228 - rule Change LPTIM2CLockSelection refparam name for MP1 is applicable
2025-01-30 22:59:34,942 [INFO] Rule:228 - rule Change RCC_MCO1Source refparam name for MP1 is applicable
2025-01-30 22:59:34,942 [INFO] Rule:228 - rule Change LSCOSource1 refparam name for MP1 is applicable
2025-01-30 22:59:34,943 [INFO] Rule:228 - rule Change SMPSCLockSelection refparam name for MP1 is applicable
2025-01-30 22:59:34,943 [INFO] Rule:228 - rule Change LPTIM3CLockSelection refparam name for MP1 is applicable
2025-01-30 22:59:34,943 [INFO] Rule:228 - rule Change MPCBB* Default Template Mode to Parameters is applicable
2025-01-30 22:59:34,943 [INFO] Rule:228 - rule Change MPCWM* or MPCBB* Secure Mode to Parameters is applicable
2025-01-30 22:59:34,943 [INFO] Rule:228 - rule Change MPCWM* or MPCBB* No Secure Mode to Parameters is applicable
2025-01-30 22:59:34,944 [INFO] Rule:228 - rule Change TZSC IP Secure Mode to Parameters is applicable
2025-01-30 22:59:34,944 [INFO] Rule:228 - rule Change TZSC IP No Secure Mode to Parameters is applicable
2025-01-30 22:59:34,944 [INFO] Rule:228 - rule Change TZSC IP Privilege Mode to Parameters is applicable
2025-01-30 22:59:34,944 [INFO] Rule:228 - rule Change TZSC IP No Privilege Mode to Parameters is applicable
2025-01-30 22:59:34,944 [INFO] Rule:228 - rule Change TZIC IT Secure Mode to Parameters is applicable
2025-01-30 22:59:34,944 [INFO] Rule:228 - rule Change TZIC IT No Secure Mode to Parameters is applicable
2025-01-30 22:59:34,944 [INFO] Rule:228 - rule Add MPCBB1_NonSecureArea_Start_Address value with referenced to MPCBB1_NonSecureArea_Start value is applicable
2025-01-30 22:59:34,945 [INFO] Rule:228 - rule Add MPCBB2_NonSecureArea_Start_Address value with referenced to MPCBB2_NonSecureArea_Start value is applicable
2025-01-30 22:59:34,945 [INFO] Rule:228 - rule Add MPCWM1_NonSecureArea*_Start_Address value with referenced to MPCWM1_NonSecureArea*_Start value is applicable
2025-01-30 22:59:34,945 [INFO] Rule:228 - rule Add MPCWM2_NonSecureArea*_Start_Address value with referenced to MPCWM2_NonSecureArea*_Start value is applicable
2025-01-30 22:59:34,945 [INFO] Rule:228 - rule Add MPCWM3_NonSecureArea_Start_Address value with referenced to MPCWM3_NonSecureArea_Start value is applicable
2025-01-30 22:59:34,946 [INFO] Rule:228 - rule Change Default Value for PLL1UserDefinedConfig is applicable
2025-01-30 22:59:34,946 [INFO] Rule:228 - rule Change GPIO_PuPd Default Value for USART in async mode is applicable
2025-01-30 22:59:34,946 [INFO] Rule:228 - rule Change SMPSDivider Default Value is applicable
2025-01-30 22:59:34,946 [INFO] Rule:228 - rule OPAMP is applicable
2025-01-30 22:59:34,946 [INFO] Rule:228 - rule LPUART IPParameter rename Prescaler parameter to ClockPrescaler for STM32H7 is applicable
2025-01-30 22:59:34,946 [INFO] Rule:228 - rule LPUART IPParameter rename Prescaler parameter to ClockPrescaler for STM32H7 is applicable
2025-01-30 22:59:34,946 [INFO] Rule:228 - rule LPUART IPParameter rename Prescaler parameter to ClockPrescaler for STM32WB is applicable
2025-01-30 22:59:34,947 [INFO] Rule:228 - rule LPUART IPParameter rename Prescaler parameter to ClockPrescaler for STM32WB is applicable
2025-01-30 22:59:34,947 [INFO] Rule:228 - rule LPUART IPParameter rename Prescaler parameter to ClockPrescaler for STM32G4 is applicable
2025-01-30 22:59:34,947 [INFO] Rule:228 - rule LPUART IPParameter rename Prescaler parameter to ClockPrescaler for STM32G4 is applicable
2025-01-30 22:59:34,947 [INFO] Rule:228 - rule LPUART IPParameter rename Prescaler parameter to ClockPrescaler for STM32L5 is applicable
2025-01-30 22:59:34,947 [INFO] Rule:228 - rule LPUART IPParameter rename Prescaler parameter to ClockPrescaler for STM32L5 is applicable
2025-01-30 22:59:34,947 [INFO] Rule:228 - rule LPUART IPParameter rename Prescaler parameter to ClockPrescaler for STM32G4 is applicable
2025-01-30 22:59:34,948 [INFO] Rule:228 - rule LPUART IPParameter rename Prescaler parameter to ClockPrescaler for STM32G4 is applicable
2025-01-30 22:59:34,948 [INFO] Rule:228 - rule USB device lib V2.5.3 for L0 rename USBD_SUPPORT_USER_STRING parameter to USBD_SUPPORT_USER_STRING_DESC4 is applicable
2025-01-30 22:59:34,948 [INFO] Rule:228 - rule I2SCLockSelection clock entry align is applicable
2025-01-30 22:59:34,948 [INFO] Rule:228 - rule Assign TIMx context if used as SYS timebase is applicable
2025-01-30 22:59:34,948 [INFO] Rule:228 - rule Change GPIO_Pu Default Value for I2C is applicable
2025-01-30 22:59:34,948 [INFO] Rule:228 - rule Change GPIO_Pu Default Value for SMBus is applicable
2025-01-30 22:59:34,948 [INFO] Rule:228 - rule change FDCAN default value is applicable
2025-01-30 22:59:34,949 [INFO] Rule:228 - rule Change mode sai is applicable
2025-01-30 22:59:34,949 [INFO] Rule:228 - rule **Change sai mode is applicable
2025-01-30 22:59:34,949 [INFO] Rule:228 - rule Rename STM32WPAN CFG_BLE_IRK to CFG_BLE_IR is applicable
2025-01-30 22:59:34,949 [INFO] Rule:228 - rule Rename STM32WPAN CFG_BLE_ERK to CFG_BLE_ER is applicable
2025-01-30 22:59:34,949 [INFO] Rule:228 - rule Rename STM32WPAN CFG_BLE_IRK_HEX to CFG_BLE_IR_HEX is applicable
2025-01-30 22:59:34,949 [INFO] Rule:228 - rule Rename STM32WPAN CFG_BLE_ERK_HEX to CFG_BLE_ER_HEX is applicable
2025-01-30 22:59:34,987 [INFO] DbConfProperties:307 - Apply Compatibility (78/293 Rules)
2025-01-30 22:59:35,058 [INFO] ImportTextPane:218 - (OptionalMessage_ERROR) Unable to find key (Mcu.ThirdPartyNb) in loaded IOC file
2025-01-30 22:59:35,760 [INFO] RtosManager:555 - Registered RTOS mode: class=CMSIS, group=RTOS, mode=CMSIS_V1, owner=FREERTOS
2025-01-30 22:59:35,761 [INFO] RtosManager:555 - Registered RTOS mode: class=CMSIS, group=RTOS2, mode=CMSIS_V2, owner=FREERTOS
2025-01-30 22:59:35,761 [INFO] RtosManager:555 - Registered RTOS mode: class=RTOS, group=Core, mode=CMSIS_V1, owner=FREERTOS
2025-01-30 22:59:35,761 [INFO] RtosManager:555 - Registered RTOS mode: class=RTOS, group=Core, mode=CMSIS_V2, owner=FREERTOS
2025-01-30 22:59:35,761 [WARN] ModelIntegratedComponent:184 - Missing modes for component STMicroelectronics:FreeRTOS:0.0.1:STMicroelectronics:RTOS:FreeRTOS:Core:::10.2.0:
2025-01-30 22:59:35,785 [WARN] ModelIntegratedComponent:63 - No mode defined for component null
2025-01-30 22:59:35,785 [WARN] ModelIntegratedComponent:63 - No mode defined for component null
2025-01-30 22:59:35,785 [WARN] ModelIntegratedComponent:63 - No mode defined for component null
2025-01-30 22:59:35,785 [WARN] ModelIntegratedComponent:63 - No mode defined for component null
2025-01-30 22:59:35,785 [WARN] ModelIntegratedComponent:63 - No mode defined for component null
2025-01-30 22:59:35,786 [WARN] ModelIntegratedComponent:63 - No mode defined for component null
2025-01-30 22:59:35,786 [WARN] ModelIntegratedComponent:63 - No mode defined for component null
2025-01-30 22:59:35,786 [WARN] ModelIntegratedComponent:63 - No mode defined for component null
2025-01-30 22:59:35,786 [WARN] ModelIntegratedComponent:63 - No mode defined for component null
2025-01-30 22:59:35,786 [WARN] ModelIntegratedComponent:63 - No mode defined for component null
2025-01-30 22:59:35,786 [WARN] ModelIntegratedComponent:63 - No mode defined for component null
2025-01-30 22:59:35,786 [WARN] ModelIntegratedComponent:63 - No mode defined for component null
2025-01-30 22:59:35,787 [WARN] ModelIntegratedComponent:63 - No mode defined for component null
2025-01-30 22:59:35,787 [WARN] ModelIntegratedComponent:63 - No mode defined for component null
2025-01-30 22:59:35,787 [WARN] ModelIntegratedComponent:63 - No mode defined for component null
2025-01-30 22:59:35,787 [WARN] ModelIntegratedComponent:63 - No mode defined for component null
2025-01-30 22:59:35,787 [WARN] ModelIntegratedComponent:63 - No mode defined for component null
2025-01-30 22:59:35,787 [WARN] ModelIntegratedComponent:63 - No mode defined for component null
2025-01-30 22:59:35,787 [WARN] ModelIntegratedComponent:63 - No mode defined for component null
2025-01-30 22:59:35,788 [WARN] ModelIntegratedComponent:63 - No mode defined for component null
2025-01-30 22:59:35,788 [WARN] ModelIntegratedComponent:63 - No mode defined for component null
2025-01-30 22:59:35,788 [WARN] ModelIntegratedComponent:63 - No mode defined for component null
2025-01-30 22:59:35,788 [WARN] ModelIntegratedComponent:63 - No mode defined for component null
2025-01-30 22:59:35,788 [WARN] ModelIntegratedComponent:63 - No mode defined for component null
2025-01-30 22:59:35,788 [WARN] ModelIntegratedComponent:63 - No mode defined for component null
2025-01-30 22:59:35,789 [WARN] ModelIntegratedComponent:63 - No mode defined for component null
2025-01-30 22:59:35,789 [WARN] ModelIntegratedComponent:63 - No mode defined for component null
2025-01-30 22:59:35,789 [WARN] ModelIntegratedComponent:63 - No mode defined for component null
2025-01-30 22:59:35,789 [WARN] ModelIntegratedComponent:63 - No mode defined for component null
2025-01-30 22:59:35,789 [WARN] ModelIntegratedComponent:63 - No mode defined for component null
2025-01-30 22:59:35,789 [WARN] ModelIntegratedComponent:63 - No mode defined for component null
2025-01-30 22:59:35,789 [WARN] ModelIntegratedComponent:63 - No mode defined for component null
2025-01-30 22:59:35,789 [WARN] ModelIntegratedComponent:63 - No mode defined for component null
2025-01-30 22:59:35,790 [WARN] ModelIntegratedComponent:63 - No mode defined for component null
2025-01-30 22:59:35,790 [WARN] ModelIntegratedComponent:63 - No mode defined for component null
2025-01-30 22:59:35,790 [WARN] ModelPack:524 - Component already loaded: STMicroelectronics:HAL Drivers:0.0.0:STMicroelectronics:Device:STMicro_Driver:XSPI:HAL::0.0.1:HAL_XSPI
2025-01-30 22:59:36,244 [INFO] ThirdPartyModel:298 - Start build external matchings
2025-01-30 22:59:39,263 [INFO] ThirdPartyModel:316 - End build external matchings
2025-01-30 22:59:40,025 [INFO] UtilMem:75 - End LoadConfig() Used Memory: 757940096 Bytes (894435328)
2025-01-30 22:59:40,097 [WARN] ThirdParty:833 - waiting for thirdparty lock release [change project]
2025-01-30 22:59:40,097 [INFO] ThirdParty:835 - entering critical section [change project]
2025-01-30 22:59:40,097 [INFO] ThirdParty:1030 - CMSIS Pack Vendor :STMicroelectronics USBPD 4.1
2025-01-30 22:59:40,098 [INFO] ThirdParty:1030 - CMSIS Pack Vendor :STMicroelectronics X-CUBE-AZRTOS-H7 3.3.0
2025-01-30 22:59:40,098 [INFO] ThirdParty:1030 - CMSIS Pack Vendor :STMicroelectronics X-CUBE-NFC9 1.0.0
2025-01-30 22:59:40,098 [INFO] ThirdParty:1030 - CMSIS Pack Vendor :STMicroelectronics USB_HOST 2.0.0
2025-01-30 22:59:40,098 [INFO] ThirdParty:1030 - CMSIS Pack Vendor :STMicroelectronics FP-SNS-MOTENVWB1 1.4.0
2025-01-30 22:59:40,098 [INFO] ThirdParty:1030 - CMSIS Pack Vendor :STMicroelectronics X-CUBE-AZRTOS-F4 1.1.0
2025-01-30 22:59:40,098 [INFO] ThirdParty:1030 - CMSIS Pack Vendor :STMicroelectronics LIBJPEG 8.0.0
2025-01-30 22:59:40,098 [INFO] ThirdParty:1030 - CMSIS Pack Vendor :STMicroelectronics FP-ATR-ASTRA1 2.0.1
2025-01-30 22:59:40,098 [INFO] ThirdParty:1030 - CMSIS Pack Vendor :STMicroelectronics X-CUBE-SMBUS 2.1.0
2025-01-30 22:59:40,099 [INFO] ThirdParty:1030 - CMSIS Pack Vendor :STMicroelectronics X-CUBE-WB05N 1.1.0
2025-01-30 22:59:40,099 [INFO] ThirdParty:1030 - CMSIS Pack Vendor :STMicroelectronics USB_DEVICE 3.0.0
2025-01-30 22:59:40,099 [INFO] ThirdParty:1030 - CMSIS Pack Vendor :STMicroelectronics X-CUBE-TCPP 4.1.0
2025-01-30 22:59:40,099 [INFO] ThirdParty:1030 - CMSIS Pack Vendor :STMicroelectronics X-CUBE-ISPU 2.1.0
2025-01-30 22:59:40,099 [INFO] ThirdParty:1030 - CMSIS Pack Vendor :STMicroelectronics X-CUBE-FREERTOS 1.2.0
2025-01-30 22:59:40,099 [INFO] ThirdParty:1030 - CMSIS Pack Vendor :STMicroelectronics X-CUBE-IPS 3.0.0
2025-01-30 22:59:40,099 [INFO] ThirdParty:1030 - CMSIS Pack Vendor :STMicroelectronics X-CUBE-AZRTOS-WB 2.0.0
2025-01-30 22:59:40,099 [INFO] ThirdParty:1030 - CMSIS Pack Vendor :STMicroelectronics X-CUBE-GNSS1 7.0.0
2025-01-30 22:59:40,100 [INFO] ThirdParty:1030 - CMSIS Pack Vendor :STMicroelectronics X-CUBE-GNSS1 7.0.1
2025-01-30 22:59:40,100 [INFO] ThirdParty:1030 - CMSIS Pack Vendor :STMicroelectronics X-CUBE-AZRTOS-F7 1.1.0
2025-01-30 22:59:40,100 [INFO] ThirdParty:1030 - CMSIS Pack Vendor :STMicroelectronics X-CUBE-AZRTOS-L5 2.0.0
2025-01-30 22:59:40,100 [INFO] ThirdParty:1030 - CMSIS Pack Vendor :STMicroelectronics USB_DEVICE 2.0.0
2025-01-30 22:59:40,100 [INFO] ThirdParty:1030 - CMSIS Pack Vendor :STMicroelectronics X-CUBE-NFC6 3.1.0
2025-01-30 22:59:40,100 [INFO] ThirdParty:1030 - CMSIS Pack Vendor :STMicroelectronics FP-SNS-STBOX1 2.0.0
2025-01-30 22:59:40,100 [INFO] ThirdParty:1030 - CMSIS Pack Vendor :STMicroelectronics X-CUBE-MEMS1 11.0.0
2025-01-30 22:59:40,100 [INFO] ThirdParty:1030 - CMSIS Pack Vendor :STMicroelectronics FreeRTOS 0.0.1
2025-01-30 22:59:40,101 [INFO] ThirdParty:1030 - CMSIS Pack Vendor :STMicroelectronics X-CUBE-AZRTOS-G0 1.1.0
2025-01-30 22:59:40,101 [INFO] ThirdParty:1030 - CMSIS Pack Vendor :STMicroelectronics X-CUBE-SAFEA1 1.2.2
2025-01-30 22:59:40,101 [INFO] ThirdParty:1030 - CMSIS Pack Vendor :STMicroelectronics X-CUBE-NFC4 3.0.0
2025-01-30 22:59:40,101 [INFO] ThirdParty:1030 - CMSIS Pack Vendor :STMicroelectronics X-CUBE-DPower 1.2.0
2025-01-30 22:59:40,101 [INFO] ThirdParty:1030 - CMSIS Pack Vendor :STMicroelectronics X-CUBE-SUBG2 5.0.0
2025-01-30 22:59:40,101 [INFO] ThirdParty:1030 - CMSIS Pack Vendor :STMicroelectronics STM32_WPAN 1.0.0
2025-01-30 22:59:40,101 [INFO] ThirdParty:1030 - CMSIS Pack Vendor :EmbeddedOffice I-CUBE-FS-RTOS 1.0.1
2025-01-30 22:59:40,101 [INFO] ThirdParty:1030 - CMSIS Pack Vendor :STMicroelectronics lwIP 2.0.3
2025-01-30 22:59:40,101 [INFO] ThirdParty:1030 - CMSIS Pack Vendor :STMicroelectronics FP-SNS-FLIGHT1 5.0.2
2025-01-30 22:59:40,102 [INFO] ThirdParty:1030 - CMSIS Pack Vendor :Cesanta I-CUBE-Mongoose 7.13.0
2025-01-30 22:59:40,102 [INFO] ThirdParty:1030 - CMSIS Pack Vendor :STMicroelectronics USB_HOST 1.0.0
2025-01-30 22:59:40,102 [INFO] ThirdParty:1030 - CMSIS Pack Vendor :Infineon AIROC-Wi-Fi-Bluetooth-STM32 1.7.0
2025-01-30 22:59:40,102 [INFO] ThirdParty:1030 - CMSIS Pack Vendor :STMicroelectronics X-CUBE-AZRTOS-G4 2.0.0
2025-01-30 22:59:40,102 [INFO] ThirdParty:1030 - CMSIS Pack Vendor :STMicroelectronics PDM2PCM 3.1.0
2025-01-30 22:59:40,102 [INFO] ThirdParty:1030 - CMSIS Pack Vendor :STMicroelectronics PDM2PCM 3.3.0
2025-01-30 22:59:40,102 [INFO] ThirdParty:1030 - CMSIS Pack Vendor :STMicroelectronics X-CUBE-DISPLAY 3.0.0
2025-01-30 22:59:40,102 [INFO] ThirdParty:1030 - CMSIS Pack Vendor :STMicroelectronics X-CUBE-TCPP 4.2.0
2025-01-30 22:59:40,102 [INFO] ThirdParty:1030 - CMSIS Pack Vendor :RealThread X-CUBE-RT-Thread_Nano 4.1.1
2025-01-30 22:59:40,103 [INFO] ThirdParty:1030 - CMSIS Pack Vendor :STMicroelectronics X-CUBE-BLE1 7.0.0
2025-01-30 22:59:40,103 [INFO] ThirdParty:1030 - CMSIS Pack Vendor :STMicroelectronics FP-ATR-SIGFOX1 3.2.0
2025-01-30 22:59:40,103 [INFO] ThirdParty:1030 - CMSIS Pack Vendor :STMicroelectronics X-CUBE-NFC10 1.0.0
2025-01-30 22:59:40,103 [INFO] ThirdParty:1030 - CMSIS Pack Vendor :quantropi X-CUBE-qispace-sdk-base 1.9.3
2025-01-30 22:59:40,103 [INFO] ThirdParty:1030 - CMSIS Pack Vendor :STMicroelectronics X-CUBE-BLEMGR 4.0.0
2025-01-30 22:59:40,103 [INFO] ThirdParty:1030 - CMSIS Pack Vendor :STMicroelectronics X-CUBE-EEPRMA1 5.1.0
2025-01-30 22:59:40,103 [INFO] ThirdParty:1030 - CMSIS Pack Vendor :STMicroelectronics HAL Drivers 0.0.0
2025-01-30 22:59:40,103 [INFO] ThirdParty:1030 - CMSIS Pack Vendor :STMicroelectronics MBEDTLS 2.16.2
2025-01-30 22:59:40,104 [INFO] ThirdParty:1030 - CMSIS Pack Vendor :STMicroelectronics X-CUBE-IPS 3.1.0
2025-01-30 22:59:40,104 [INFO] ThirdParty:1030 - CMSIS Pack Vendor :STMicroelectronics X-CUBE-ALS 1.0.2
2025-01-30 22:59:40,104 [INFO] ThirdParty:1030 - CMSIS Pack Vendor :emotas I-CUBE-CANOPEN 1.3.0
2025-01-30 22:59:40,104 [INFO] ThirdParty:1030 - CMSIS Pack Vendor :STMicroelectronics X-CUBE-FREERTOS 1.3.0
2025-01-30 22:59:40,104 [INFO] ThirdParty:1030 - CMSIS Pack Vendor :wolfSSL I-CUBE-wolfSSL 5.7.4
2025-01-30 22:59:40,104 [INFO] ThirdParty:1030 - CMSIS Pack Vendor :STMicroelectronics X-CUBE-NFC7 1.0.1
2025-01-30 22:59:40,105 [INFO] ThirdParty:1030 - CMSIS Pack Vendor :STMicroelectronics MBEDTLS 2.14.1
2025-01-30 22:59:40,105 [INFO] ThirdParty:1030 - CMSIS Pack Vendor :ITTIA_DB I-CUBE-ITTIADB 8.9.0
2025-01-30 22:59:40,105 [INFO] ThirdParty:1030 - CMSIS Pack Vendor :STMicroelectronics X-CUBE-TOUCHGFX 4.24.2
2025-01-30 22:59:40,105 [INFO] ThirdParty:1030 - CMSIS Pack Vendor :STMicroelectronics X-CUBE-TOUCHGFX 4.24.1
2025-01-30 22:59:40,105 [INFO] ThirdParty:1030 - CMSIS Pack Vendor :wolfSSL I-CUBE-wolfTPM 3.4.0
2025-01-30 22:59:40,105 [INFO] ThirdParty:1030 - CMSIS Pack Vendor :portGmbH I-Cube-SoM-uGOAL 1.1.0
2025-01-30 22:59:40,105 [INFO] ThirdParty:1030 - CMSIS Pack Vendor :STMicroelectronics X-CUBE-BLEMGR 3.1.0
2025-01-30 22:59:40,105 [INFO] ThirdParty:1030 - CMSIS Pack Vendor :STMicroelectronics X-CUBE-AI 10.0.0
2025-01-30 22:59:40,105 [INFO] ThirdParty:1030 - CMSIS Pack Vendor :STMicroelectronics ThreadX 1.0.0
2025-01-30 22:59:40,106 [INFO] ThirdParty:1030 - CMSIS Pack Vendor :STMicroelectronics FP-SNS-SMARTAG2 1.2.0
2025-01-30 22:59:40,106 [INFO] ThirdParty:1030 - CMSIS Pack Vendor :STMicroelectronics X-CUBE-MEMS1 11.1.0
2025-01-30 22:59:40,106 [INFO] ThirdParty:1030 - CMSIS Pack Vendor :STMicroelectronics X-CUBE-AZRTOS-WL 2.0.0
2025-01-30 22:59:40,106 [INFO] ThirdParty:1030 - CMSIS Pack Vendor :SEGGER I-CUBE-embOS 1.3.1
2025-01-30 22:59:40,106 [INFO] ThirdParty:1030 - CMSIS Pack Vendor :STMicroelectronics X-CUBE-ALGOBUILD 1.4.0
2025-01-30 22:59:40,106 [INFO] ThirdParty:1030 - CMSIS Pack Vendor :STMicroelectronics FP-SNS-MOTENV1 5.0.0
2025-01-30 22:59:40,107 [INFO] ThirdParty:1030 - CMSIS Pack Vendor :STMicroelectronics USB_DEVICE 1.0.0
2025-01-30 22:59:40,107 [INFO] ThirdParty:1030 - CMSIS Pack Vendor :STMicroelectronics X-CUBE-AZRTOS-H7RS 1.0.0
2025-01-30 22:59:40,107 [INFO] ThirdParty:1030 - CMSIS Pack Vendor :wolfSSL I-CUBE-wolfMQTT 1.19.0
2025-01-30 22:59:40,107 [INFO] ThirdParty:1030 - CMSIS Pack Vendor :STMicroelectronics X-CUBE-AZRTOS-L4 2.0.0
2025-01-30 22:59:40,107 [INFO] ThirdParty:1030 - CMSIS Pack Vendor :STMicroelectronics ThreadX 0.0.2
2025-01-30 22:59:40,107 [INFO] ThirdParty:1030 - CMSIS Pack Vendor :WES I-CUBE-Cesium 1.3.0
2025-01-30 22:59:40,107 [INFO] ThirdParty:1030 - CMSIS Pack Vendor :STMicroelectronics lwIP 2.1.2
2025-01-30 22:59:40,108 [INFO] ThirdParty:1030 - CMSIS Pack Vendor :STMicroelectronics X-CUBE-SFXS2LP1 4.0.0
2025-01-30 22:59:40,108 [INFO] ThirdParty:1030 - CMSIS Pack Vendor :STMicroelectronics X-CUBE-BLE2 3.3.0
2025-01-30 22:59:40,108 [INFO] ThirdParty:1030 - CMSIS Pack Vendor :STMicroelectronics X-CUBE-TOF1 3.4.2
2025-01-30 22:59:40,108 [INFO] ThirdParty:1030 - CMSIS Pack Vendor :STMicroelectronics X-CUBE-AI 9.1.0
2025-01-30 22:59:40,108 [INFO] ThirdParty:1030 - CMSIS Pack Vendor :STMicroelectronics PDM2PCM 3.2.0
2025-01-30 22:59:40,108 [INFO] ThirdParty:1030 - CMSIS Pack Vendor :wolfSSL I-CUBE-wolfSSH 1.4.17
2025-01-30 22:59:40,109 [INFO] ThirdParty:841 - exiting critical section [change project]
2025-01-30 22:59:40,857 [INFO] PinOutPanel:1589 - setPackage(No Configuration,No Configuration)
2025-01-30 22:59:40,860 [INFO] PinOutPanel:1589 - setPackage(STM32F446RETx,LQFP64)
2025-01-30 22:59:42,294 [INFO] UtilMem:75 - Before build in PCC Used Memory: 525081424 Bytes (894435328)
2025-01-30 22:59:43,037 [INFO] UtilMem:75 - After build in PCC Used Memory: 574886736 Bytes (894435328)
2025-01-30 22:59:43,103 [INFO] IPUIPlugin:80 - create IPUIPlugin
2025-01-30 22:59:43,103 [INFO] IPUIPlugin:80 - create IPUIPlugin
2025-01-30 22:59:43,103 [INFO] IPUIPlugin:80 - create IPUIPlugin
2025-01-30 22:59:43,104 [INFO] IPUIPlugin:80 - create IPUIPlugin
2025-01-30 22:59:43,104 [INFO] IPUIPlugin:80 - create IPUIPlugin
2025-01-30 22:59:43,104 [INFO] IPUIPlugin:80 - create IPUIPlugin
2025-01-30 22:59:43,105 [INFO] IPUIPlugin:80 - create IPUIPlugin
2025-01-30 22:59:43,105 [INFO] IPUIPlugin:80 - create IPUIPlugin
2025-01-30 22:59:43,105 [INFO] IPUIPlugin:80 - create IPUIPlugin
2025-01-30 22:59:43,105 [INFO] IPUIPlugin:80 - create IPUIPlugin
2025-01-30 22:59:43,106 [INFO] IPUIPlugin:80 - create IPUIPlugin
2025-01-30 22:59:43,106 [INFO] IPUIPlugin:80 - create IPUIPlugin
2025-01-30 22:59:43,106 [INFO] IPUIPlugin:80 - create IPUIPlugin
2025-01-30 22:59:43,108 [INFO] IPUIPlugin:80 - create IPUIPlugin
2025-01-30 22:59:43,109 [INFO] IPUIPlugin:80 - create IPUIPlugin
2025-01-30 22:59:43,109 [INFO] IPUIPlugin:80 - create IPUIPlugin
2025-01-30 22:59:43,110 [INFO] IPUIPlugin:80 - create IPUIPlugin
2025-01-30 22:59:43,110 [INFO] IPUIPlugin:80 - create IPUIPlugin
2025-01-30 22:59:43,110 [INFO] IPUIPlugin:80 - create IPUIPlugin
2025-01-30 22:59:43,110 [INFO] IPUIPlugin:80 - create IPUIPlugin
2025-01-30 22:59:43,111 [INFO] IPUIPlugin:80 - create IPUIPlugin
2025-01-30 22:59:43,111 [INFO] IPUIPlugin:80 - create IPUIPlugin
2025-01-30 22:59:43,112 [INFO] IPUIPlugin:80 - create IPUIPlugin
2025-01-30 22:59:43,112 [INFO] IPUIPlugin:80 - create IPUIPlugin
2025-01-30 22:59:43,112 [INFO] IPUIPlugin:80 - create IPUIPlugin
2025-01-30 22:59:43,112 [INFO] IPUIPlugin:80 - create IPUIPlugin
2025-01-30 22:59:43,113 [INFO] IPUIPlugin:80 - create IPUIPlugin
2025-01-30 22:59:43,113 [INFO] IPUIPlugin:80 - create IPUIPlugin
2025-01-30 22:59:43,114 [INFO] IPUIPlugin:80 - create IPUIPlugin
2025-01-30 22:59:43,114 [INFO] IPUIPlugin:80 - create IPUIPlugin
2025-01-30 22:59:43,115 [INFO] IPUIPlugin:80 - create IPUIPlugin
2025-01-30 22:59:43,115 [INFO] IPUIPlugin:80 - create IPUIPlugin
2025-01-30 22:59:43,115 [INFO] IPUIPlugin:80 - create IPUIPlugin
2025-01-30 22:59:43,116 [INFO] IPUIPlugin:80 - create IPUIPlugin
2025-01-30 22:59:43,116 [INFO] IPUIPlugin:80 - create IPUIPlugin
2025-01-30 22:59:43,117 [INFO] IPUIPlugin:80 - create IPUIPlugin
2025-01-30 22:59:43,117 [INFO] IPUIPlugin:80 - create IPUIPlugin
2025-01-30 22:59:43,118 [INFO] IPUIPlugin:80 - create IPUIPlugin
2025-01-30 22:59:43,118 [INFO] IPUIPlugin:80 - create IPUIPlugin
2025-01-30 22:59:43,119 [INFO] IPUIPlugin:80 - create IPUIPlugin
2025-01-30 22:59:43,119 [INFO] IPUIPlugin:80 - create IPUIPlugin
2025-01-30 22:59:43,119 [INFO] IPUIPlugin:80 - create IPUIPlugin
2025-01-30 22:59:43,120 [INFO] IPUIPlugin:80 - create IPUIPlugin
2025-01-30 22:59:43,120 [INFO] IPUIPlugin:80 - create IPUIPlugin
2025-01-30 22:59:43,121 [INFO] IPUIPlugin:80 - create IPUIPlugin
2025-01-30 22:59:43,121 [INFO] IPUIPlugin:80 - create IPUIPlugin
2025-01-30 22:59:43,122 [INFO] IPUIPlugin:80 - create IPUIPlugin
2025-01-30 22:59:43,122 [INFO] IPUIPlugin:80 - create IPUIPlugin
2025-01-30 22:59:43,122 [INFO] IPUIPlugin:80 - create IPUIPlugin
2025-01-30 22:59:43,123 [INFO] IPUIPlugin:80 - create IPUIPlugin
2025-01-30 22:59:43,125 [INFO] IPUIPlugin:80 - create IPUIPlugin
2025-01-30 22:59:43,126 [INFO] IPUIPlugin:80 - create IPUIPlugin
2025-01-30 22:59:43,127 [INFO] IPUIPlugin:80 - create IPUIPlugin
2025-01-30 22:59:43,128 [INFO] IPUIPlugin:80 - create IPUIPlugin
2025-01-30 22:59:43,129 [INFO] IPUIPlugin:80 - create IPUIPlugin
2025-01-30 22:59:43,130 [INFO] IPUIPlugin:80 - create IPUIPlugin
2025-01-30 22:59:43,131 [INFO] IPUIPlugin:80 - create IPUIPlugin
2025-01-30 22:59:43,132 [INFO] IPUIPlugin:80 - create IPUIPlugin
2025-01-30 22:59:43,134 [INFO] IPUIPlugin:80 - create IPUIPlugin
2025-01-30 22:59:43,135 [INFO] IPUIPlugin:80 - create IPUIPlugin
2025-01-30 22:59:43,179 [INFO] ApiDbMcu:508 - Load IP Config File for PDM2PCM
2025-01-30 22:59:43,251 [INFO] CADModel:165 - CPN selected for project levelSTM32F446RET6
2025-01-30 22:59:43,252 [INFO] CADModel:114 - Register for checkConnection events
2025-01-30 22:59:43,340 [INFO] OpenFileManager:363 - Restore cursor
2025-01-30 22:59:44,652 [INFO] UtilMem:75 - End SaveConfig() Used Memory: 700715856 Bytes (894435328)
2025-01-30 22:59:44,850 [INFO] UtilMem:75 - End SaveConfig() Used Memory: 722735952 Bytes (894435328)
2025-01-30 22:59:45,368 [INFO] BlockDiagram:2766 - set Specific Code input for plugin: RCC
2025-01-30 22:59:45,368 [INFO] BlockDiagram:2766 - set Specific Code input for plugin: NVIC
2025-01-30 22:59:45,369 [INFO] BlockDiagram:2766 - set Specific Code input for plugin: GPIO
2025-01-30 22:59:45,376 [INFO] CodeGenerator:896 - code generatio: config db path: C:\ST\STM32CubeIDE_1.17.0\STM32CubeIDE\plugins\com.st.stm32cube.common.mx_6.13.0.202411220809\\db\
2025-01-30 22:59:45,868 [INFO] CodeEngine:255 - oldGeneratedFile, C:\Users\JadduVenkatesh\Desktop\FreeRTOS\RTOS_WorkSpace\004.Btn_ISR_inrpt\MXTmpFiles\license.tmp_save
2025-01-30 22:59:46,826 [INFO] CodeEngine:279 - Generated code: C:\Users\JadduVenkatesh\Desktop\FreeRTOS\RTOS_WorkSpace\004.Btn_ISR_inrpt\MXTmpFiles\license.tmp
2025-01-30 22:59:47,016 [INFO] CodeEngine:255 - oldGeneratedFile, C:\Users\JadduVenkatesh\Desktop\FreeRTOS\RTOS_WorkSpace\004.Btn_ISR_inrpt\MXTmpFiles\gpio.tmp_save
2025-01-30 22:59:47,530 [INFO] CodeEngine:279 - Generated code: C:\Users\JadduVenkatesh\Desktop\FreeRTOS\RTOS_WorkSpace\004.Btn_ISR_inrpt\MXTmpFiles\gpio.tmp
2025-01-30 22:59:47,597 [INFO] CodeEngine:255 - oldGeneratedFile, C:\Users\JadduVenkatesh\Desktop\FreeRTOS\RTOS_WorkSpace\004.Btn_ISR_inrpt\Core\Src\stm32f4xx_it.c_save
2025-01-30 22:59:48,504 [INFO] CodeEngine:279 - Generated code: C:\Users\JadduVenkatesh\Desktop\FreeRTOS\RTOS_WorkSpace\004.Btn_ISR_inrpt\Core\Src\stm32f4xx_it.c
2025-01-30 22:59:48,547 [INFO] CodeEngine:255 - oldGeneratedFile, C:\Users\JadduVenkatesh\Desktop\FreeRTOS\RTOS_WorkSpace\004.Btn_ISR_inrpt\Core\Inc\stm32f4xx_it.h_save
2025-01-30 22:59:48,933 [INFO] CodeEngine:279 - Generated code: C:\Users\JadduVenkatesh\Desktop\FreeRTOS\RTOS_WorkSpace\004.Btn_ISR_inrpt\Core\Inc\stm32f4xx_it.h
2025-01-30 22:59:49,069 [INFO] CodeEngine:255 - oldGeneratedFile, C:\Users\JadduVenkatesh\Desktop\FreeRTOS\RTOS_WorkSpace\004.Btn_ISR_inrpt\Core\Src\stm32f4xx_hal_msp.c_save
2025-01-30 22:59:49,594 [INFO] CodeEngine:279 - Generated code: C:\Users\JadduVenkatesh\Desktop\FreeRTOS\RTOS_WorkSpace\004.Btn_ISR_inrpt\Core\Src\stm32f4xx_hal_msp.c
2025-01-30 22:59:49,630 [INFO] CodeEngine:255 - oldGeneratedFile, C:\Users\JadduVenkatesh\Desktop\FreeRTOS\RTOS_WorkSpace\004.Btn_ISR_inrpt\MXTmpFiles\system.tmp_save
2025-01-30 22:59:49,915 [INFO] CodeEngine:279 - Generated code: C:\Users\JadduVenkatesh\Desktop\FreeRTOS\RTOS_WorkSpace\004.Btn_ISR_inrpt\MXTmpFiles\system.tmp
2025-01-30 22:59:49,979 [INFO] CodeEngine:311 - oldGeneratedFile, C:\Users\JadduVenkatesh\Desktop\FreeRTOS\RTOS_WorkSpace\004.Btn_ISR_inrpt\Core\Inc\stm32f4xx_hal_conf.h_save
2025-01-30 22:59:50,354 [INFO] CodeEngine:335 - Generated code: C:\Users\JadduVenkatesh\Desktop\FreeRTOS\RTOS_WorkSpace\004.Btn_ISR_inrpt\Core\Inc\stm32f4xx_hal_conf.h
2025-01-30 22:59:50,465 [WARN] IPConfigManager:3034 - Warning: the RefConfig PLL2P_FOR_MCO is not available in your config.xml file
2025-01-30 22:59:50,480 [INFO] ApiDbMcu:508 - Load IP Config File for RCC
2025-01-30 22:59:50,533 [INFO] CodeEngine:255 - oldGeneratedFile, C:\Users\JadduVenkatesh\Desktop\FreeRTOS\RTOS_WorkSpace\004.Btn_ISR_inrpt\Core\Inc\main.h_save
2025-01-30 22:59:50,924 [INFO] CodeEngine:279 - Generated code: C:\Users\JadduVenkatesh\Desktop\FreeRTOS\RTOS_WorkSpace\004.Btn_ISR_inrpt\Core\Inc\main.h
2025-01-30 22:59:50,965 [INFO] CodeEngine:255 - oldGeneratedFile, C:\Users\JadduVenkatesh\Desktop\FreeRTOS\RTOS_WorkSpace\004.Btn_ISR_inrpt\Core\Src\main.c_save
2025-01-30 22:59:51,406 [INFO] CodeEngine:279 - Generated code: C:\Users\JadduVenkatesh\Desktop\FreeRTOS\RTOS_WorkSpace\004.Btn_ISR_inrpt\Core\Src\main.c
2025-01-30 22:59:52,463 [INFO] ProjectBuilder:3289 - Time for Copy HAL[1] : 469mS.
2025-01-30 22:59:52,481 [INFO] ProjectBuilder:4876 - Project Generator version: 4.5.0-RC5
2025-01-30 22:59:52,835 [INFO] ConfigFileManager:1579 - The Die is : DIE421
2025-01-30 22:59:52,872 [INFO] ApiDbMcu:508 - Load IP Config File for FATFS
2025-01-30 22:59:52,911 [INFO] ApiDbMcu:508 - Load IP Config File for FREERTOS
2025-01-30 22:59:52,941 [INFO] ApiDbMcu:508 - Load IP Config File for LIBJPEG
2025-01-30 22:59:52,982 [INFO] ApiDbMcu:508 - Load IP Config File for MBEDTLS
2025-01-30 22:59:53,036 [INFO] ApiDbMcu:508 - Load IP Config File for USB_DEVICE
2025-01-30 22:59:53,069 [INFO] ApiDbMcu:508 - Load IP Config File for USB_HOST
2025-01-30 22:59:57,785 [INFO] ProjectBuilder:5154 - Time for Generating toolchain IDE Files: 5304mS.
2025-01-30 22:59:57,794 [INFO] ProjectBuilder:3146 - Time for Copy CMSIS : 7mS.
2025-01-30 22:59:57,800 [INFO] ProjectBuilder:3146 - Time for Copy CMSIS : 0mS.
2025-01-30 23:00:00,484 [INFO] McuFinderGlobals:76 - Set McuFinderConnectedMode to true
2025-01-30 23:00:00,490 [INFO] ApiDb:448 - Save user favorites file C:\Users\JadduVenkatesh/.stm32cubeide/favorites.mcus.txt: 0 item(s)
2025-01-30 23:00:00,491 [INFO] ApiDb:452 - User favorites MCUs=[]
2025-01-30 23:00:00,495 [INFO] ApiDb:448 - Save user favorites file C:\Users\JadduVenkatesh/.stm32cubeide/favorites.boards.txt: 0 item(s)
2025-01-30 23:00:00,495 [INFO] ApiDb:452 - User favorites Boards=[]
2025-01-30 23:01:53,877 [INFO] Gpio:277 - dependency for GPIO []
2025-01-30 23:02:16,046 [INFO] Gpio:277 - dependency for GPIO []
2025-01-30 23:02:16,251 [INFO] NvicIntPanel:101 - NVIC parent = com.st.microxplorer.plugins.ip.nvic.MultiNvicIntPanel[,0,0,0x0,invalid,layout=javax.swing.BoxLayout,alignmentX=0.0,alignmentY=0.0,border=,flags=9,maximumSize=,minimumSize=,preferredSize=]
2025-01-30 23:02:22,665 [INFO] Gpio:277 - dependency for GPIO []
2025-01-30 23:02:22,795 [INFO] NvicIntPanel:101 - NVIC parent = com.st.microxplorer.plugins.ip.nvic.MultiNvicIntPanel[,0,0,0x0,invalid,layout=javax.swing.BoxLayout,alignmentX=0.0,alignmentY=0.0,border=,flags=9,maximumSize=,minimumSize=,preferredSize=]
2025-01-30 23:03:42,237 [INFO] UtilMem:75 - End SaveConfig() Used Memory: 673949984 Bytes (894435328)
2025-01-30 23:03:44,366 [INFO] UtilMem:75 - End SaveConfig() Used Memory: 703832352 Bytes (894435328)
2025-01-30 23:03:49,072 [INFO] UtilMem:75 - End SaveConfig() Used Memory: 838050080 Bytes (894435328)
2025-01-30 23:03:49,622 [INFO] BlockDiagram:2766 - set Specific Code input for plugin: SYS
2025-01-30 23:03:49,622 [INFO] BlockDiagram:2766 - set Specific Code input for plugin: RCC
2025-01-30 23:03:49,623 [INFO] BlockDiagram:2766 - set Specific Code input for plugin: NVIC
2025-01-30 23:03:49,623 [INFO] BlockDiagram:2766 - set Specific Code input for plugin: GPIO
2025-01-30 23:03:49,630 [INFO] CodeGenerator:896 - code generatio: config db path: C:\ST\STM32CubeIDE_1.17.0\STM32CubeIDE\plugins\com.st.stm32cube.common.mx_6.13.0.202411220809\\db\
2025-01-30 23:03:49,975 [INFO] CodeEngine:255 - oldGeneratedFile, C:\Users\JadduVenkatesh\Desktop\FreeRTOS\RTOS_WorkSpace\004.Btn_ISR_inrpt\MXTmpFiles\license.tmp_save
2025-01-30 23:03:50,475 [INFO] CodeEngine:279 - Generated code: C:\Users\JadduVenkatesh\Desktop\FreeRTOS\RTOS_WorkSpace\004.Btn_ISR_inrpt\MXTmpFiles\license.tmp
2025-01-30 23:03:50,595 [INFO] CodeEngine:255 - oldGeneratedFile, C:\Users\JadduVenkatesh\Desktop\FreeRTOS\RTOS_WorkSpace\004.Btn_ISR_inrpt\MXTmpFiles\gpio.tmp_save
2025-01-30 23:03:50,930 [INFO] CodeEngine:279 - Generated code: C:\Users\JadduVenkatesh\Desktop\FreeRTOS\RTOS_WorkSpace\004.Btn_ISR_inrpt\MXTmpFiles\gpio.tmp
2025-01-30 23:03:51,050 [INFO] CodeEngine:255 - oldGeneratedFile, C:\Users\JadduVenkatesh\Desktop\FreeRTOS\RTOS_WorkSpace\004.Btn_ISR_inrpt\Core\Src\stm32f4xx_it.c_save
2025-01-30 23:03:51,552 [INFO] CodeEngine:279 - Generated code: C:\Users\JadduVenkatesh\Desktop\FreeRTOS\RTOS_WorkSpace\004.Btn_ISR_inrpt\Core\Src\stm32f4xx_it.c
2025-01-30 23:03:51,580 [INFO] CodeEngine:255 - oldGeneratedFile, C:\Users\JadduVenkatesh\Desktop\FreeRTOS\RTOS_WorkSpace\004.Btn_ISR_inrpt\Core\Inc\stm32f4xx_it.h_save
2025-01-30 23:03:51,877 [INFO] CodeEngine:279 - Generated code: C:\Users\JadduVenkatesh\Desktop\FreeRTOS\RTOS_WorkSpace\004.Btn_ISR_inrpt\Core\Inc\stm32f4xx_it.h
2025-01-30 23:03:51,964 [INFO] CodeEngine:255 - oldGeneratedFile, C:\Users\JadduVenkatesh\Desktop\FreeRTOS\RTOS_WorkSpace\004.Btn_ISR_inrpt\Core\Src\stm32f4xx_hal_msp.c_save
2025-01-30 23:03:52,461 [INFO] CodeEngine:279 - Generated code: C:\Users\JadduVenkatesh\Desktop\FreeRTOS\RTOS_WorkSpace\004.Btn_ISR_inrpt\Core\Src\stm32f4xx_hal_msp.c
2025-01-30 23:03:52,489 [INFO] CodeEngine:255 - oldGeneratedFile, C:\Users\JadduVenkatesh\Desktop\FreeRTOS\RTOS_WorkSpace\004.Btn_ISR_inrpt\MXTmpFiles\system.tmp_save
2025-01-30 23:03:52,809 [INFO] CodeEngine:279 - Generated code: C:\Users\JadduVenkatesh\Desktop\FreeRTOS\RTOS_WorkSpace\004.Btn_ISR_inrpt\MXTmpFiles\system.tmp
2025-01-30 23:03:52,858 [INFO] CodeEngine:255 - oldGeneratedFile, C:\Users\JadduVenkatesh\Desktop\FreeRTOS\RTOS_WorkSpace\004.Btn_ISR_inrpt\Core\Src\stm32f4xx_hal_timebase_tim.c_save
2025-01-30 23:03:53,264 [INFO] CodeEngine:279 - Generated code: C:\Users\JadduVenkatesh\Desktop\FreeRTOS\RTOS_WorkSpace\004.Btn_ISR_inrpt\Core\Src\stm32f4xx_hal_timebase_tim.c
2025-01-30 23:03:53,339 [INFO] CodeEngine:311 - oldGeneratedFile, C:\Users\JadduVenkatesh\Desktop\FreeRTOS\RTOS_WorkSpace\004.Btn_ISR_inrpt\Core\Inc\stm32f4xx_hal_conf.h_save
2025-01-30 23:03:53,687 [INFO] CodeEngine:335 - Generated code: C:\Users\JadduVenkatesh\Desktop\FreeRTOS\RTOS_WorkSpace\004.Btn_ISR_inrpt\Core\Inc\stm32f4xx_hal_conf.h
2025-01-30 23:03:53,831 [WARN] IPConfigManager:3034 - Warning: the RefConfig PLL2P_FOR_MCO is not available in your config.xml file
2025-01-30 23:03:53,904 [INFO] CodeEngine:255 - oldGeneratedFile, C:\Users\JadduVenkatesh\Desktop\FreeRTOS\RTOS_WorkSpace\004.Btn_ISR_inrpt\Core\Inc\main.h_save
2025-01-30 23:03:54,258 [INFO] CodeEngine:279 - Generated code: C:\Users\JadduVenkatesh\Desktop\FreeRTOS\RTOS_WorkSpace\004.Btn_ISR_inrpt\Core\Inc\main.h
2025-01-30 23:03:54,311 [INFO] CodeEngine:255 - oldGeneratedFile, C:\Users\JadduVenkatesh\Desktop\FreeRTOS\RTOS_WorkSpace\004.Btn_ISR_inrpt\Core\Src\main.c_save
2025-01-30 23:03:54,724 [INFO] CodeEngine:279 - Generated code: C:\Users\JadduVenkatesh\Desktop\FreeRTOS\RTOS_WorkSpace\004.Btn_ISR_inrpt\Core\Src\main.c
2025-01-30 23:03:55,850 [INFO] ProjectBuilder:3289 - Time for Copy HAL[1] : 617mS.
2025-01-30 23:03:55,861 [INFO] ProjectBuilder:4876 - Project Generator version: 4.5.0-RC5
2025-01-30 23:03:56,172 [INFO] ConfigFileManager:1579 - The Die is : DIE421
2025-01-30 23:03:59,260 [INFO] ProjectBuilder:5154 - Time for Generating toolchain IDE Files: 3399mS.
2025-01-30 23:03:59,270 [INFO] ProjectBuilder:3146 - Time for Copy CMSIS : 10mS.
2025-01-30 23:03:59,277 [INFO] ProjectBuilder:3146 - Time for Copy CMSIS : 0mS.
2025-01-30 23:05:23,689 [INFO] MainUpdater:2872 - connection check result : 10
2025-01-30 23:05:23,690 [INFO] MainUpdater:2872 - connection check result : 10
2025-01-30 23:05:23,869 [INFO] MicroXplorer:468 - Change Database Path : 
2025-01-30 23:05:23,869 [INFO] MicroXplorer:498 - Change Database Version : DB.6.0.130
2025-01-30 23:05:23,914 [ERROR] ProjectManagerView:394 - 
java.lang.NullPointerException: Cannot invoke "javax.swing.JTextField.getText()" because the return value of "java.util.List.get(int)" is null
	at com.st.microxplorer.plugins.projectmanager.gui.ProjectChoiceTab$9.caretUpdate(ProjectChoiceTab.java:2616) ~[filemanager.jar:?]
	at javax.swing.text.JTextComponent.fireCaretUpdate(JTextComponent.java:408) ~[?:?]
	at javax.swing.text.JTextComponent$MutableCaretEvent.fire(JTextComponent.java:4484) ~[?:?]
	at javax.swing.text.JTextComponent$MutableCaretEvent.stateChanged(JTextComponent.java:4506) ~[?:?]
	at javax.swing.text.DefaultCaret.fireStateChanged(DefaultCaret.java:857) ~[?:?]
	at javax.swing.text.DefaultCaret.changeCaretPosition(DefaultCaret.java:1343) ~[?:?]
	at javax.swing.text.DefaultCaret.handleSetDot(DefaultCaret.java:1242) ~[?:?]
	at javax.swing.text.DefaultCaret.setDot(DefaultCaret.java:1223) ~[?:?]
	at javax.swing.text.DefaultCaret$Handler.insertUpdate(DefaultCaret.java:1819) ~[?:?]
	at javax.swing.text.AbstractDocument.fireInsertUpdate(AbstractDocument.java:227) ~[?:?]
	at javax.swing.text.AbstractDocument.handleInsertString(AbstractDocument.java:781) ~[?:?]
	at javax.swing.text.AbstractDocument.insertString(AbstractDocument.java:740) ~[?:?]
	at javax.swing.text.PlainDocument.insertString(PlainDocument.java:131) ~[?:?]
	at javax.swing.text.AbstractDocument.replace(AbstractDocument.java:699) ~[?:?]
	at javax.swing.text.JTextComponent.setText(JTextComponent.java:1725) ~[?:?]
	at com.st.microxplorer.plugins.projectmanager.gui.ProjectChoiceTab.createHeapStackFields(ProjectChoiceTab.java:975) ~[filemanager.jar:?]
	at com.st.microxplorer.plugins.projectmanager.gui.ProjectChoiceTab.buildLinkSettingsPanel(ProjectChoiceTab.java:3666) ~[filemanager.jar:?]
	at com.st.microxplorer.plugins.projectmanager.gui.ProjectChoiceTab.defineWindowsFields(ProjectChoiceTab.java:1934) ~[filemanager.jar:?]
	at com.st.microxplorer.plugins.projectmanager.gui.ProjectChoiceTab.updateSettings(ProjectChoiceTab.java:553) ~[filemanager.jar:?]
	at com.st.microxplorer.plugins.projectmanager.gui.ProjectSettingsPanel.UpdateDialog(ProjectSettingsPanel.java:245) ~[filemanager.jar:?]
	at com.st.microxplorer.plugins.projectmanager.ProjectManagerView.propertyChange(ProjectManagerView.java:391) ~[filemanager.jar:?]
	at java.beans.PropertyChangeSupport.fire(PropertyChangeSupport.java:343) ~[?:?]
	at java.beans.PropertyChangeSupport.firePropertyChange(PropertyChangeSupport.java:335) ~[?:?]
	at java.beans.PropertyChangeSupport.firePropertyChange(PropertyChangeSupport.java:268) ~[?:?]
	at com.st.microxplorer.util.MXPropertyChangeSupport.firePropertyChange(MXPropertyChangeSupport.java:54) ~[STM32CubeMX.jar:?]
	at com.st.microxplorer.mxsystem.MxSystem.closeConfig(MxSystem.java:899) ~[STM32CubeMX.jar:?]
	at com.st.microxplorer.maingui.MainPanel.closeConfig(MainPanel.java:789) ~[STM32CubeMX.jar:?]
	at com.st.microxplorer.plugins.filemanager.engine.OpenFileManager.loadConfigurationFile(OpenFileManager.java:265) ~[filemanager.jar:?]
	at com.st.microxplorer.plugins.filemanager.engine.MainFileManager.userLoadConfig(MainFileManager.java:340) ~[filemanager.jar:?]
	at com.st.microxplorer.plugins.filemanager.engine.MainFileManager.userLoadConfig(MainFileManager.java:318) ~[filemanager.jar:?]
	at com.st.microxplorer.plugins.filemanager.FileManagerView.getSpecificTask(FileManagerView.java:246) ~[filemanager.jar:?]
	at com.st.stm32cube.common.mx.editor.CubeMxEditor.getMxTabbedPaneInstance(CubeMxEditor.java:1198) ~[com.st.stm32cube.common.mx_6.13.0.202411220809/:?]
	at com.st.stm32cube.common.mx.editor.CubeMxEditor$12$1.createSwingComponent(CubeMxEditor.java:1068) ~[com.st.stm32cube.common.mx_6.13.0.202411220809/:?]
	at com.st.stm32cube.common.mx.oss.core.awtswtbridge.EmbeddedSwingComposite.doComponentCreation(EmbeddedSwingComposite.java:492) ~[com.st.stm32cube.common.mx.oss_6.13.0.202411220809/:?]
	at com.st.stm32cube.common.mx.oss.core.awtswtbridge.EmbeddedSwingComposite$4.run(EmbeddedSwingComposite.java:291) ~[com.st.stm32cube.common.mx.oss_6.13.0.202411220809/:?]
	at com.st.stm32cube.common.mx.oss.core.awtswtbridge.AwtEnvironment$2.run(AwtEnvironment.java:166) ~[com.st.stm32cube.common.mx.oss_6.13.0.202411220809/:?]
	at java.awt.event.InvocationEvent.dispatch(InvocationEvent.java:318) ~[?:?]
	at java.awt.EventQueue.dispatchEventImpl(EventQueue.java:773) ~[?:?]
	at java.awt.EventQueue$4.run(EventQueue.java:720) ~[?:?]
	at java.awt.EventQueue$4.run(EventQueue.java:714) ~[?:?]
	at java.security.AccessController.doPrivileged(AccessController.java:400) ~[?:?]
	at java.security.ProtectionDomain$JavaSecurityAccessImpl.doIntersectionPrivilege(ProtectionDomain.java:87) ~[?:?]
	at java.awt.EventQueue.dispatchEvent(EventQueue.java:742) ~[?:?]
	at java.awt.EventDispatchThread.pumpOneEventForFilters(EventDispatchThread.java:203) ~[?:?]
	at java.awt.EventDispatchThread.pumpEventsForFilter(EventDispatchThread.java:124) ~[?:?]
	at java.awt.EventDispatchThread.pumpEventsForHierarchy(EventDispatchThread.java:113) ~[?:?]
	at java.awt.EventDispatchThread.pumpEvents(EventDispatchThread.java:109) ~[?:?]
	at java.awt.EventDispatchThread.pumpEvents(EventDispatchThread.java:101) ~[?:?]
	at java.awt.EventDispatchThread.run(EventDispatchThread.java:90) ~[?:?]
2025-01-30 23:05:23,919 [WARN] ThirdParty:871 - waiting for thirdparty lock release [close project]
2025-01-30 23:05:23,920 [INFO] ThirdParty:873 - entering critical section [close project]
2025-01-30 23:05:23,920 [INFO] ThirdParty:883 - exiting critical section [close project]
2025-01-30 23:05:23,928 [INFO] PinOutPanel:1589 - setPackage(No Configuration,No Configuration)
2025-01-30 23:05:23,962 [WARN] IpParametersView:154 - Warning: This peripheral hasn't parameters
2025-01-30 23:05:23,977 [WARN] MainPanel:289 - <html><b><center>Warning: This peripheral has no parameters to be configured<br></b></html>
2025-01-30 23:05:23,978 [ERROR] MainPanel:599 - java.lang.IndexOutOfBoundsException: Index: 0, Tab count: 0
2025-01-30 23:05:23,986 [INFO] UtilMem:75 - Begin LoadConfig() Used Memory: 598084160 Bytes (897581056)
2025-01-30 23:05:23,987 [INFO] MicroXplorer:468 - Change Database Path : 
2025-01-30 23:05:23,987 [INFO] MicroXplorer:498 - Change Database Version : DB.6.0.130
2025-01-30 23:05:23,988 [INFO] OpenFileManager:332 - Change cursor
2025-01-30 23:05:24,043 [INFO] RulesReader:64 - Compatibility file has been processed (297 Rules)
2025-01-30 23:05:24,053 [INFO] Mcu:2035 - Initializing MCU STM32F446R(C-E)Tx STM32F446RETx STM32F446RET6
2025-01-30 23:05:27,382 [INFO] Context:748 - Trying to add GPIOservice into a context  which must be forbidden
2025-01-30 23:05:29,800 [INFO] RtosManager:555 - Registered RTOS mode: class=CMSIS, group=RTOS, mode=CMSIS_V1, owner=FREERTOS
2025-01-30 23:05:29,801 [INFO] RtosManager:555 - Registered RTOS mode: class=CMSIS, group=RTOS2, mode=CMSIS_V2, owner=FREERTOS
2025-01-30 23:05:29,801 [INFO] RtosManager:555 - Registered RTOS mode: class=RTOS, group=Core, mode=CMSIS_V1, owner=FREERTOS
2025-01-30 23:05:29,801 [INFO] RtosManager:555 - Registered RTOS mode: class=RTOS, group=Core, mode=CMSIS_V2, owner=FREERTOS
2025-01-30 23:05:29,801 [WARN] ModelIntegratedComponent:184 - Missing modes for component STMicroelectronics:FreeRTOS:0.0.1:STMicroelectronics:RTOS:FreeRTOS:Core:::10.2.0:
2025-01-30 23:05:29,828 [WARN] ModelIntegratedComponent:63 - No mode defined for component null
2025-01-30 23:05:29,828 [WARN] ModelIntegratedComponent:63 - No mode defined for component null
2025-01-30 23:05:29,828 [WARN] ModelIntegratedComponent:63 - No mode defined for component null
2025-01-30 23:05:29,828 [WARN] ModelIntegratedComponent:63 - No mode defined for component null
2025-01-30 23:05:29,829 [WARN] ModelIntegratedComponent:63 - No mode defined for component null
2025-01-30 23:05:29,829 [WARN] ModelIntegratedComponent:63 - No mode defined for component null
2025-01-30 23:05:29,829 [WARN] ModelIntegratedComponent:63 - No mode defined for component null
2025-01-30 23:05:29,829 [WARN] ModelIntegratedComponent:63 - No mode defined for component null
2025-01-30 23:05:29,829 [WARN] ModelIntegratedComponent:63 - No mode defined for component null
2025-01-30 23:05:29,829 [WARN] ModelIntegratedComponent:63 - No mode defined for component null
2025-01-30 23:05:29,830 [WARN] ModelIntegratedComponent:63 - No mode defined for component null
2025-01-30 23:05:29,830 [WARN] ModelIntegratedComponent:63 - No mode defined for component null
2025-01-30 23:05:29,831 [WARN] ModelIntegratedComponent:63 - No mode defined for component null
2025-01-30 23:05:29,831 [WARN] ModelIntegratedComponent:63 - No mode defined for component null
2025-01-30 23:05:29,832 [WARN] ModelIntegratedComponent:63 - No mode defined for component null
2025-01-30 23:05:29,832 [WARN] ModelIntegratedComponent:63 - No mode defined for component null
2025-01-30 23:05:29,832 [WARN] ModelIntegratedComponent:63 - No mode defined for component null
2025-01-30 23:05:29,832 [WARN] ModelIntegratedComponent:63 - No mode defined for component null
2025-01-30 23:05:29,832 [WARN] ModelIntegratedComponent:63 - No mode defined for component null
2025-01-30 23:05:29,833 [WARN] ModelIntegratedComponent:63 - No mode defined for component null
2025-01-30 23:05:29,833 [WARN] ModelIntegratedComponent:63 - No mode defined for component null
2025-01-30 23:05:29,833 [WARN] ModelIntegratedComponent:63 - No mode defined for component null
2025-01-30 23:05:29,833 [WARN] ModelIntegratedComponent:63 - No mode defined for component null
2025-01-30 23:05:29,833 [WARN] ModelIntegratedComponent:63 - No mode defined for component null
2025-01-30 23:05:29,834 [WARN] ModelIntegratedComponent:63 - No mode defined for component null
2025-01-30 23:05:29,834 [WARN] ModelIntegratedComponent:63 - No mode defined for component null
2025-01-30 23:05:29,834 [WARN] ModelIntegratedComponent:63 - No mode defined for component null
2025-01-30 23:05:29,834 [WARN] ModelIntegratedComponent:63 - No mode defined for component null
2025-01-30 23:05:29,834 [WARN] ModelIntegratedComponent:63 - No mode defined for component null
2025-01-30 23:05:29,834 [WARN] ModelIntegratedComponent:63 - No mode defined for component null
2025-01-30 23:05:29,835 [WARN] ModelIntegratedComponent:63 - No mode defined for component null
2025-01-30 23:05:29,835 [WARN] ModelIntegratedComponent:63 - No mode defined for component null
2025-01-30 23:05:29,835 [WARN] ModelIntegratedComponent:63 - No mode defined for component null
2025-01-30 23:05:29,835 [WARN] ModelIntegratedComponent:63 - No mode defined for component null
2025-01-30 23:05:29,835 [WARN] ModelIntegratedComponent:63 - No mode defined for component null
2025-01-30 23:05:29,836 [WARN] ModelPack:524 - Component already loaded: STMicroelectronics:HAL Drivers:0.0.0:STMicroelectronics:Device:STMicro_Driver:XSPI:HAL::0.0.1:HAL_XSPI
2025-01-30 23:05:30,249 [INFO] ThirdPartyModel:298 - Start build external matchings
2025-01-30 23:05:33,101 [INFO] ThirdPartyModel:316 - End build external matchings
2025-01-30 23:05:33,646 [INFO] UtilMem:75 - End LoadConfig() Used Memory: 817310184 Bytes (897581056)
2025-01-30 23:05:33,681 [WARN] ThirdParty:833 - waiting for thirdparty lock release [change project]
2025-01-30 23:05:33,682 [INFO] ThirdParty:835 - entering critical section [change project]
2025-01-30 23:05:33,682 [INFO] ThirdParty:1030 - CMSIS Pack Vendor :STMicroelectronics USBPD 4.1
2025-01-30 23:05:33,682 [INFO] ThirdParty:1030 - CMSIS Pack Vendor :STMicroelectronics X-CUBE-AZRTOS-H7 3.3.0
2025-01-30 23:05:33,682 [INFO] ThirdParty:1030 - CMSIS Pack Vendor :STMicroelectronics X-CUBE-NFC9 1.0.0
2025-01-30 23:05:33,683 [INFO] ThirdParty:1030 - CMSIS Pack Vendor :STMicroelectronics USB_HOST 2.0.0
2025-01-30 23:05:33,683 [INFO] ThirdParty:1030 - CMSIS Pack Vendor :STMicroelectronics FP-SNS-MOTENVWB1 1.4.0
2025-01-30 23:05:33,684 [INFO] ThirdParty:1030 - CMSIS Pack Vendor :STMicroelectronics X-CUBE-AZRTOS-F4 1.1.0
2025-01-30 23:05:33,684 [INFO] ThirdParty:1030 - CMSIS Pack Vendor :STMicroelectronics LIBJPEG 8.0.0
2025-01-30 23:05:33,684 [INFO] ThirdParty:1030 - CMSIS Pack Vendor :STMicroelectronics FP-ATR-ASTRA1 2.0.1
2025-01-30 23:05:33,685 [INFO] ThirdParty:1030 - CMSIS Pack Vendor :STMicroelectronics X-CUBE-SMBUS 2.1.0
2025-01-30 23:05:33,685 [INFO] ThirdParty:1030 - CMSIS Pack Vendor :STMicroelectronics X-CUBE-WB05N 1.1.0
2025-01-30 23:05:33,685 [INFO] ThirdParty:1030 - CMSIS Pack Vendor :STMicroelectronics USB_DEVICE 3.0.0
2025-01-30 23:05:33,685 [INFO] ThirdParty:1030 - CMSIS Pack Vendor :STMicroelectronics X-CUBE-TCPP 4.1.0
2025-01-30 23:05:33,685 [INFO] ThirdParty:1030 - CMSIS Pack Vendor :STMicroelectronics X-CUBE-ISPU 2.1.0
2025-01-30 23:05:33,686 [INFO] ThirdParty:1030 - CMSIS Pack Vendor :STMicroelectronics X-CUBE-FREERTOS 1.2.0
2025-01-30 23:05:33,686 [INFO] ThirdParty:1030 - CMSIS Pack Vendor :STMicroelectronics X-CUBE-IPS 3.0.0
2025-01-30 23:05:33,686 [INFO] ThirdParty:1030 - CMSIS Pack Vendor :STMicroelectronics X-CUBE-AZRTOS-WB 2.0.0
2025-01-30 23:05:33,686 [INFO] ThirdParty:1030 - CMSIS Pack Vendor :STMicroelectronics X-CUBE-GNSS1 7.0.0
2025-01-30 23:05:33,686 [INFO] ThirdParty:1030 - CMSIS Pack Vendor :STMicroelectronics X-CUBE-GNSS1 7.0.1
2025-01-30 23:05:33,686 [INFO] ThirdParty:1030 - CMSIS Pack Vendor :STMicroelectronics X-CUBE-AZRTOS-F7 1.1.0
2025-01-30 23:05:33,687 [INFO] ThirdParty:1030 - CMSIS Pack Vendor :STMicroelectronics X-CUBE-AZRTOS-L5 2.0.0
2025-01-30 23:05:33,687 [INFO] ThirdParty:1030 - CMSIS Pack Vendor :STMicroelectronics USB_DEVICE 2.0.0
2025-01-30 23:05:33,687 [INFO] ThirdParty:1030 - CMSIS Pack Vendor :STMicroelectronics X-CUBE-NFC6 3.1.0
2025-01-30 23:05:33,687 [INFO] ThirdParty:1030 - CMSIS Pack Vendor :STMicroelectronics FP-SNS-STBOX1 2.0.0
2025-01-30 23:05:33,687 [INFO] ThirdParty:1030 - CMSIS Pack Vendor :STMicroelectronics X-CUBE-MEMS1 11.0.0
2025-01-30 23:05:33,687 [INFO] ThirdParty:1030 - CMSIS Pack Vendor :STMicroelectronics FreeRTOS 0.0.1
2025-01-30 23:05:33,687 [INFO] ThirdParty:1030 - CMSIS Pack Vendor :STMicroelectronics X-CUBE-AZRTOS-G0 1.1.0
2025-01-30 23:05:33,687 [INFO] ThirdParty:1030 - CMSIS Pack Vendor :STMicroelectronics X-CUBE-SAFEA1 1.2.2
2025-01-30 23:05:33,688 [INFO] ThirdParty:1030 - CMSIS Pack Vendor :STMicroelectronics X-CUBE-NFC4 3.0.0
2025-01-30 23:05:33,688 [INFO] ThirdParty:1030 - CMSIS Pack Vendor :STMicroelectronics X-CUBE-DPower 1.2.0
2025-01-30 23:05:33,688 [INFO] ThirdParty:1030 - CMSIS Pack Vendor :STMicroelectronics X-CUBE-SUBG2 5.0.0
2025-01-30 23:05:33,689 [INFO] ThirdParty:1030 - CMSIS Pack Vendor :STMicroelectronics STM32_WPAN 1.0.0
2025-01-30 23:05:33,690 [INFO] ThirdParty:1030 - CMSIS Pack Vendor :EmbeddedOffice I-CUBE-FS-RTOS 1.0.1
2025-01-30 23:05:33,691 [INFO] ThirdParty:1030 - CMSIS Pack Vendor :STMicroelectronics lwIP 2.0.3
2025-01-30 23:05:33,691 [INFO] ThirdParty:1030 - CMSIS Pack Vendor :STMicroelectronics FP-SNS-FLIGHT1 5.0.2
2025-01-30 23:05:33,691 [INFO] ThirdParty:1030 - CMSIS Pack Vendor :Cesanta I-CUBE-Mongoose 7.13.0
2025-01-30 23:05:33,691 [INFO] ThirdParty:1030 - CMSIS Pack Vendor :STMicroelectronics USB_HOST 1.0.0
2025-01-30 23:05:33,692 [INFO] ThirdParty:1030 - CMSIS Pack Vendor :Infineon AIROC-Wi-Fi-Bluetooth-STM32 1.7.0
2025-01-30 23:05:33,692 [INFO] ThirdParty:1030 - CMSIS Pack Vendor :STMicroelectronics X-CUBE-AZRTOS-G4 2.0.0
2025-01-30 23:05:33,692 [INFO] ThirdParty:1030 - CMSIS Pack Vendor :STMicroelectronics PDM2PCM 3.1.0
2025-01-30 23:05:33,692 [INFO] ThirdParty:1030 - CMSIS Pack Vendor :STMicroelectronics PDM2PCM 3.3.0
2025-01-30 23:05:33,692 [INFO] ThirdParty:1030 - CMSIS Pack Vendor :STMicroelectronics X-CUBE-DISPLAY 3.0.0
2025-01-30 23:05:33,692 [INFO] ThirdParty:1030 - CMSIS Pack Vendor :STMicroelectronics X-CUBE-TCPP 4.2.0
2025-01-30 23:05:33,693 [INFO] ThirdParty:1030 - CMSIS Pack Vendor :RealThread X-CUBE-RT-Thread_Nano 4.1.1
2025-01-30 23:05:33,693 [INFO] ThirdParty:1030 - CMSIS Pack Vendor :STMicroelectronics X-CUBE-BLE1 7.0.0
2025-01-30 23:05:33,693 [INFO] ThirdParty:1030 - CMSIS Pack Vendor :STMicroelectronics FP-ATR-SIGFOX1 3.2.0
2025-01-30 23:05:33,693 [INFO] ThirdParty:1030 - CMSIS Pack Vendor :STMicroelectronics X-CUBE-NFC10 1.0.0
2025-01-30 23:05:33,693 [INFO] ThirdParty:1030 - CMSIS Pack Vendor :quantropi X-CUBE-qispace-sdk-base 1.9.3
2025-01-30 23:05:33,693 [INFO] ThirdParty:1030 - CMSIS Pack Vendor :STMicroelectronics X-CUBE-BLEMGR 4.0.0
2025-01-30 23:05:33,694 [INFO] ThirdParty:1030 - CMSIS Pack Vendor :STMicroelectronics X-CUBE-EEPRMA1 5.1.0
2025-01-30 23:05:33,694 [INFO] ThirdParty:1030 - CMSIS Pack Vendor :STMicroelectronics HAL Drivers 0.0.0
2025-01-30 23:05:33,694 [INFO] ThirdParty:1030 - CMSIS Pack Vendor :STMicroelectronics MBEDTLS 2.16.2
2025-01-30 23:05:33,694 [INFO] ThirdParty:1030 - CMSIS Pack Vendor :STMicroelectronics X-CUBE-IPS 3.1.0
2025-01-30 23:05:33,694 [INFO] ThirdParty:1030 - CMSIS Pack Vendor :STMicroelectronics X-CUBE-ALS 1.0.2
2025-01-30 23:05:33,694 [INFO] ThirdParty:1030 - CMSIS Pack Vendor :emotas I-CUBE-CANOPEN 1.3.0
2025-01-30 23:05:33,695 [INFO] ThirdParty:1030 - CMSIS Pack Vendor :STMicroelectronics X-CUBE-FREERTOS 1.3.0
2025-01-30 23:05:33,695 [INFO] ThirdParty:1030 - CMSIS Pack Vendor :wolfSSL I-CUBE-wolfSSL 5.7.4
2025-01-30 23:05:33,695 [INFO] ThirdParty:1030 - CMSIS Pack Vendor :STMicroelectronics X-CUBE-NFC7 1.0.1
2025-01-30 23:05:33,695 [INFO] ThirdParty:1030 - CMSIS Pack Vendor :STMicroelectronics MBEDTLS 2.14.1
2025-01-30 23:05:33,695 [INFO] ThirdParty:1030 - CMSIS Pack Vendor :ITTIA_DB I-CUBE-ITTIADB 8.9.0
2025-01-30 23:05:33,695 [INFO] ThirdParty:1030 - CMSIS Pack Vendor :STMicroelectronics X-CUBE-TOUCHGFX 4.24.2
2025-01-30 23:05:33,695 [INFO] ThirdParty:1030 - CMSIS Pack Vendor :STMicroelectronics X-CUBE-TOUCHGFX 4.24.1
2025-01-30 23:05:33,696 [INFO] ThirdParty:1030 - CMSIS Pack Vendor :wolfSSL I-CUBE-wolfTPM 3.4.0
2025-01-30 23:05:33,696 [INFO] ThirdParty:1030 - CMSIS Pack Vendor :portGmbH I-Cube-SoM-uGOAL 1.1.0
2025-01-30 23:05:33,696 [INFO] ThirdParty:1030 - CMSIS Pack Vendor :STMicroelectronics X-CUBE-BLEMGR 3.1.0
2025-01-30 23:05:33,696 [INFO] ThirdParty:1030 - CMSIS Pack Vendor :STMicroelectronics X-CUBE-AI 10.0.0
2025-01-30 23:05:33,696 [INFO] ThirdParty:1030 - CMSIS Pack Vendor :STMicroelectronics ThreadX 1.0.0
2025-01-30 23:05:33,696 [INFO] ThirdParty:1030 - CMSIS Pack Vendor :STMicroelectronics FP-SNS-SMARTAG2 1.2.0
2025-01-30 23:05:33,697 [INFO] ThirdParty:1030 - CMSIS Pack Vendor :STMicroelectronics X-CUBE-MEMS1 11.1.0
2025-01-30 23:05:33,697 [INFO] ThirdParty:1030 - CMSIS Pack Vendor :STMicroelectronics X-CUBE-AZRTOS-WL 2.0.0
2025-01-30 23:05:33,697 [INFO] ThirdParty:1030 - CMSIS Pack Vendor :SEGGER I-CUBE-embOS 1.3.1
2025-01-30 23:05:33,697 [INFO] ThirdParty:1030 - CMSIS Pack Vendor :STMicroelectronics X-CUBE-ALGOBUILD 1.4.0
2025-01-30 23:05:33,697 [INFO] ThirdParty:1030 - CMSIS Pack Vendor :STMicroelectronics FP-SNS-MOTENV1 5.0.0
2025-01-30 23:05:33,697 [INFO] ThirdParty:1030 - CMSIS Pack Vendor :STMicroelectronics USB_DEVICE 1.0.0
2025-01-30 23:05:33,697 [INFO] ThirdParty:1030 - CMSIS Pack Vendor :STMicroelectronics X-CUBE-AZRTOS-H7RS 1.0.0
2025-01-30 23:05:33,698 [INFO] ThirdParty:1030 - CMSIS Pack Vendor :wolfSSL I-CUBE-wolfMQTT 1.19.0
2025-01-30 23:05:33,698 [INFO] ThirdParty:1030 - CMSIS Pack Vendor :STMicroelectronics X-CUBE-AZRTOS-L4 2.0.0
2025-01-30 23:05:33,698 [INFO] ThirdParty:1030 - CMSIS Pack Vendor :STMicroelectronics ThreadX 0.0.2
2025-01-30 23:05:33,698 [INFO] ThirdParty:1030 - CMSIS Pack Vendor :WES I-CUBE-Cesium 1.3.0
2025-01-30 23:05:33,698 [INFO] ThirdParty:1030 - CMSIS Pack Vendor :STMicroelectronics lwIP 2.1.2
2025-01-30 23:05:33,698 [INFO] ThirdParty:1030 - CMSIS Pack Vendor :STMicroelectronics X-CUBE-SFXS2LP1 4.0.0
2025-01-30 23:05:33,698 [INFO] ThirdParty:1030 - CMSIS Pack Vendor :STMicroelectronics X-CUBE-BLE2 3.3.0
2025-01-30 23:05:33,699 [INFO] ThirdParty:1030 - CMSIS Pack Vendor :STMicroelectronics X-CUBE-TOF1 3.4.2
2025-01-30 23:05:33,699 [INFO] ThirdParty:1030 - CMSIS Pack Vendor :STMicroelectronics X-CUBE-AI 9.1.0
2025-01-30 23:05:33,699 [INFO] ThirdParty:1030 - CMSIS Pack Vendor :STMicroelectronics PDM2PCM 3.2.0
2025-01-30 23:05:33,699 [INFO] ThirdParty:1030 - CMSIS Pack Vendor :wolfSSL I-CUBE-wolfSSH 1.4.17
2025-01-30 23:05:33,700 [INFO] ThirdParty:841 - exiting critical section [change project]
2025-01-30 23:05:34,495 [INFO] PinOutPanel:1589 - setPackage(No Configuration,No Configuration)
2025-01-30 23:05:34,498 [INFO] PinOutPanel:1589 - setPackage(STM32F446RETx,LQFP64)
2025-01-30 23:05:35,810 [INFO] UtilMem:75 - Before build in PCC Used Memory: 537862016 Bytes (897581056)
2025-01-30 23:05:36,677 [INFO] UtilMem:75 - After build in PCC Used Memory: 588193664 Bytes (897581056)
2025-01-30 23:05:36,749 [INFO] IPUIPlugin:80 - create IPUIPlugin
2025-01-30 23:05:36,749 [INFO] IPUIPlugin:80 - create IPUIPlugin
2025-01-30 23:05:36,749 [INFO] IPUIPlugin:80 - create IPUIPlugin
2025-01-30 23:05:36,749 [INFO] IPUIPlugin:80 - create IPUIPlugin
2025-01-30 23:05:36,750 [INFO] IPUIPlugin:80 - create IPUIPlugin
2025-01-30 23:05:36,750 [INFO] IPUIPlugin:80 - create IPUIPlugin
2025-01-30 23:05:36,751 [INFO] IPUIPlugin:80 - create IPUIPlugin
2025-01-30 23:05:36,751 [INFO] IPUIPlugin:80 - create IPUIPlugin
2025-01-30 23:05:36,751 [INFO] IPUIPlugin:80 - create IPUIPlugin
2025-01-30 23:05:36,752 [INFO] IPUIPlugin:80 - create IPUIPlugin
2025-01-30 23:05:36,752 [INFO] IPUIPlugin:80 - create IPUIPlugin
2025-01-30 23:05:36,752 [INFO] IPUIPlugin:80 - create IPUIPlugin
2025-01-30 23:05:36,752 [INFO] IPUIPlugin:80 - create IPUIPlugin
2025-01-30 23:05:36,753 [INFO] IPUIPlugin:80 - create IPUIPlugin
2025-01-30 23:05:36,753 [INFO] IPUIPlugin:80 - create IPUIPlugin
2025-01-30 23:05:36,753 [INFO] IPUIPlugin:80 - create IPUIPlugin
2025-01-30 23:05:36,754 [INFO] IPUIPlugin:80 - create IPUIPlugin
2025-01-30 23:05:36,755 [INFO] IPUIPlugin:80 - create IPUIPlugin
2025-01-30 23:05:36,756 [INFO] IPUIPlugin:80 - create IPUIPlugin
2025-01-30 23:05:36,757 [INFO] IPUIPlugin:80 - create IPUIPlugin
2025-01-30 23:05:36,758 [INFO] IPUIPlugin:80 - create IPUIPlugin
2025-01-30 23:05:36,758 [INFO] IPUIPlugin:80 - create IPUIPlugin
2025-01-30 23:05:36,759 [INFO] IPUIPlugin:80 - create IPUIPlugin
2025-01-30 23:05:36,760 [INFO] IPUIPlugin:80 - create IPUIPlugin
2025-01-30 23:05:36,760 [INFO] IPUIPlugin:80 - create IPUIPlugin
2025-01-30 23:05:36,761 [INFO] IPUIPlugin:80 - create IPUIPlugin
2025-01-30 23:05:36,761 [INFO] IPUIPlugin:80 - create IPUIPlugin
2025-01-30 23:05:36,762 [INFO] IPUIPlugin:80 - create IPUIPlugin
2025-01-30 23:05:36,763 [INFO] IPUIPlugin:80 - create IPUIPlugin
2025-01-30 23:05:36,763 [INFO] IPUIPlugin:80 - create IPUIPlugin
2025-01-30 23:05:36,764 [INFO] IPUIPlugin:80 - create IPUIPlugin
2025-01-30 23:05:36,765 [INFO] IPUIPlugin:80 - create IPUIPlugin
2025-01-30 23:05:36,766 [INFO] IPUIPlugin:80 - create IPUIPlugin
2025-01-30 23:05:36,766 [INFO] IPUIPlugin:80 - create IPUIPlugin
2025-01-30 23:05:36,767 [INFO] IPUIPlugin:80 - create IPUIPlugin
2025-01-30 23:05:36,768 [INFO] IPUIPlugin:80 - create IPUIPlugin
2025-01-30 23:05:36,768 [INFO] IPUIPlugin:80 - create IPUIPlugin
2025-01-30 23:05:36,769 [INFO] IPUIPlugin:80 - create IPUIPlugin
2025-01-30 23:05:36,769 [INFO] IPUIPlugin:80 - create IPUIPlugin
2025-01-30 23:05:36,770 [INFO] IPUIPlugin:80 - create IPUIPlugin
2025-01-30 23:05:36,771 [INFO] IPUIPlugin:80 - create IPUIPlugin
2025-01-30 23:05:36,772 [INFO] IPUIPlugin:80 - create IPUIPlugin
2025-01-30 23:05:36,773 [INFO] IPUIPlugin:80 - create IPUIPlugin
2025-01-30 23:05:36,774 [INFO] IPUIPlugin:80 - create IPUIPlugin
2025-01-30 23:05:36,775 [INFO] IPUIPlugin:80 - create IPUIPlugin
2025-01-30 23:05:36,776 [INFO] IPUIPlugin:80 - create IPUIPlugin
2025-01-30 23:05:36,777 [INFO] IPUIPlugin:80 - create IPUIPlugin
2025-01-30 23:05:36,778 [INFO] IPUIPlugin:80 - create IPUIPlugin
2025-01-30 23:05:36,779 [INFO] IPUIPlugin:80 - create IPUIPlugin
2025-01-30 23:05:36,780 [INFO] IPUIPlugin:80 - create IPUIPlugin
2025-01-30 23:05:36,782 [INFO] IPUIPlugin:80 - create IPUIPlugin
2025-01-30 23:05:36,784 [INFO] IPUIPlugin:80 - create IPUIPlugin
2025-01-30 23:05:36,785 [INFO] IPUIPlugin:80 - create IPUIPlugin
2025-01-30 23:05:36,786 [INFO] IPUIPlugin:80 - create IPUIPlugin
2025-01-30 23:05:36,788 [INFO] IPUIPlugin:80 - create IPUIPlugin
2025-01-30 23:05:36,790 [INFO] IPUIPlugin:80 - create IPUIPlugin
2025-01-30 23:05:36,791 [INFO] IPUIPlugin:80 - create IPUIPlugin
2025-01-30 23:05:36,792 [INFO] IPUIPlugin:80 - create IPUIPlugin
2025-01-30 23:05:36,793 [INFO] IPUIPlugin:80 - create IPUIPlugin
2025-01-30 23:05:36,793 [INFO] IPUIPlugin:80 - create IPUIPlugin
2025-01-30 23:05:36,801 [INFO] ApiDbMcu:508 - Load IP Config File for PDM2PCM
2025-01-30 23:05:36,869 [INFO] CADModel:165 - CPN selected for project levelSTM32F446RET6
2025-01-30 23:05:36,869 [INFO] CADModel:114 - Register for checkConnection events
2025-01-30 23:05:36,938 [INFO] OpenFileManager:363 - Restore cursor
2025-01-30 23:05:45,796 [INFO] Gpio:277 - dependency for GPIO []
2025-01-30 23:05:47,361 [INFO] NvicIntPanel:101 - NVIC parent = com.st.microxplorer.plugins.ip.nvic.MultiNvicIntPanel[,2,27,487x337,layout=javax.swing.BoxLayout,alignmentX=0.0,alignmentY=0.0,border=,flags=9,maximumSize=,minimumSize=,preferredSize=]
2025-01-30 23:05:51,895 [INFO] Gpio:277 - dependency for GPIO []
2025-01-30 23:08:09,320 [INFO] Gpio:277 - dependency for GPIO []
2025-01-30 23:46:50,634 [INFO] WebApp:190 - Connection lost
2025-01-30 23:46:50,916 [INFO] WebApp:187 - Connection restablished
2025-01-30 23:47:04,147 [INFO] WebApp:190 - Connection lost
2025-01-30 23:47:04,397 [INFO] WebApp:187 - Connection restablished
