2025-01-17 00:01:42,172 [INFO] MainUpdater:2872 - connection check result : 10
2025-01-17 00:01:42,196 [INFO] MainUpdater:2872 - connection check result : 10
2025-01-17 00:01:42,346 [INFO] MicroXplorer:468 - Change Database Path : 
2025-01-17 00:01:42,347 [INFO] MicroXplorer:498 - Change Database Version : DB.6.0.130
2025-01-17 00:01:42,374 [ERROR] ProjectManagerView:394 - 
java.lang.NullPointerException: Cannot invoke "javax.swing.JTextField.getText()" because the return value of "java.util.List.get(int)" is null
	at com.st.microxplorer.plugins.projectmanager.gui.ProjectChoiceTab$9.caretUpdate(ProjectChoiceTab.java:2616) ~[filemanager.jar:?]
	at javax.swing.text.JTextComponent.fireCaretUpdate(JTextComponent.java:408) ~[?:?]
	at javax.swing.text.JTextComponent$MutableCaretEvent.fire(JTextComponent.java:4484) ~[?:?]
	at javax.swing.text.JTextComponent$MutableCaretEvent.stateChanged(JTextComponent.java:4506) ~[?:?]
	at javax.swing.text.DefaultCaret.fireStateChanged(DefaultCaret.java:857) ~[?:?]
	at javax.swing.text.DefaultCaret.changeCaretPosition(DefaultCaret.java:1343) ~[?:?]
	at javax.swing.text.DefaultCaret.handleSetDot(DefaultCaret.java:1242) ~[?:?]
	at javax.swing.text.DefaultCaret.setDot(DefaultCaret.java:1223) ~[?:?]
	at javax.swing.text.DefaultCaret$Handler.insertUpdate(DefaultCaret.java:1819) ~[?:?]
	at javax.swing.text.AbstractDocument.fireInsertUpdate(AbstractDocument.java:227) ~[?:?]
	at javax.swing.text.AbstractDocument.handleInsertString(AbstractDocument.java:781) ~[?:?]
	at javax.swing.text.AbstractDocument.insertString(AbstractDocument.java:740) ~[?:?]
	at javax.swing.text.PlainDocument.insertString(PlainDocument.java:131) ~[?:?]
	at javax.swing.text.AbstractDocument.replace(AbstractDocument.java:699) ~[?:?]
	at javax.swing.text.JTextComponent.setText(JTextComponent.java:1725) ~[?:?]
	at com.st.microxplorer.plugins.projectmanager.gui.ProjectChoiceTab.createHeapStackFields(ProjectChoiceTab.java:975) ~[filemanager.jar:?]
	at com.st.microxplorer.plugins.projectmanager.gui.ProjectChoiceTab.buildLinkSettingsPanel(ProjectChoiceTab.java:3666) ~[filemanager.jar:?]
	at com.st.microxplorer.plugins.projectmanager.gui.ProjectChoiceTab.defineWindowsFields(ProjectChoiceTab.java:1934) ~[filemanager.jar:?]
	at com.st.microxplorer.plugins.projectmanager.gui.ProjectChoiceTab.updateSettings(ProjectChoiceTab.java:553) ~[filemanager.jar:?]
	at com.st.microxplorer.plugins.projectmanager.gui.ProjectSettingsPanel.UpdateDialog(ProjectSettingsPanel.java:245) ~[filemanager.jar:?]
	at com.st.microxplorer.plugins.projectmanager.ProjectManagerView.propertyChange(ProjectManagerView.java:391) ~[filemanager.jar:?]
	at java.beans.PropertyChangeSupport.fire(PropertyChangeSupport.java:343) ~[?:?]
	at java.beans.PropertyChangeSupport.firePropertyChange(PropertyChangeSupport.java:335) ~[?:?]
	at java.beans.PropertyChangeSupport.firePropertyChange(PropertyChangeSupport.java:268) ~[?:?]
	at com.st.microxplorer.util.MXPropertyChangeSupport.firePropertyChange(MXPropertyChangeSupport.java:54) ~[STM32CubeMX.jar:?]
	at com.st.microxplorer.mxsystem.MxSystem.closeConfig(MxSystem.java:899) ~[STM32CubeMX.jar:?]
	at com.st.microxplorer.maingui.MainPanel.closeConfig(MainPanel.java:789) ~[STM32CubeMX.jar:?]
	at com.st.microxplorer.plugins.filemanager.engine.OpenFileManager.loadConfigurationFile(OpenFileManager.java:265) ~[filemanager.jar:?]
	at com.st.microxplorer.plugins.filemanager.engine.MainFileManager.userLoadConfig(MainFileManager.java:340) ~[filemanager.jar:?]
	at com.st.microxplorer.plugins.filemanager.engine.MainFileManager.userLoadConfig(MainFileManager.java:318) ~[filemanager.jar:?]
	at com.st.microxplorer.plugins.filemanager.FileManagerView.getSpecificTask(FileManagerView.java:246) ~[filemanager.jar:?]
	at com.st.stm32cube.common.mx.editor.CubeMxEditor.getMxTabbedPaneInstance(CubeMxEditor.java:1198) ~[com.st.stm32cube.common.mx_6.13.0.202411220809/:?]
	at com.st.stm32cube.common.mx.editor.CubeMxEditor$12$1.createSwingComponent(CubeMxEditor.java:1068) ~[com.st.stm32cube.common.mx_6.13.0.202411220809/:?]
	at com.st.stm32cube.common.mx.oss.core.awtswtbridge.EmbeddedSwingComposite.doComponentCreation(EmbeddedSwingComposite.java:492) ~[com.st.stm32cube.common.mx.oss_6.13.0.202411220809/:?]
	at com.st.stm32cube.common.mx.oss.core.awtswtbridge.EmbeddedSwingComposite$4.run(EmbeddedSwingComposite.java:291) ~[com.st.stm32cube.common.mx.oss_6.13.0.202411220809/:?]
	at com.st.stm32cube.common.mx.oss.core.awtswtbridge.AwtEnvironment$2.run(AwtEnvironment.java:166) ~[com.st.stm32cube.common.mx.oss_6.13.0.202411220809/:?]
	at java.awt.event.InvocationEvent.dispatch(InvocationEvent.java:318) ~[?:?]
	at java.awt.EventQueue.dispatchEventImpl(EventQueue.java:773) ~[?:?]
	at java.awt.EventQueue$4.run(EventQueue.java:720) ~[?:?]
	at java.awt.EventQueue$4.run(EventQueue.java:714) ~[?:?]
	at java.security.AccessController.doPrivileged(AccessController.java:400) ~[?:?]
	at java.security.ProtectionDomain$JavaSecurityAccessImpl.doIntersectionPrivilege(ProtectionDomain.java:87) ~[?:?]
	at java.awt.EventQueue.dispatchEvent(EventQueue.java:742) ~[?:?]
	at java.awt.EventDispatchThread.pumpOneEventForFilters(EventDispatchThread.java:203) ~[?:?]
	at java.awt.EventDispatchThread.pumpEventsForFilter(EventDispatchThread.java:124) ~[?:?]
	at java.awt.EventDispatchThread.pumpEventsForHierarchy(EventDispatchThread.java:113) ~[?:?]
	at java.awt.EventDispatchThread.pumpEvents(EventDispatchThread.java:109) ~[?:?]
	at java.awt.EventDispatchThread.pumpEvents(EventDispatchThread.java:101) ~[?:?]
	at java.awt.EventDispatchThread.run(EventDispatchThread.java:90) ~[?:?]
2025-01-17 00:01:42,378 [WARN] ThirdParty:871 - waiting for thirdparty lock release [close project]
2025-01-17 00:01:42,378 [INFO] ThirdParty:873 - entering critical section [close project]
2025-01-17 00:01:42,378 [INFO] ThirdParty:883 - exiting critical section [close project]
2025-01-17 00:01:42,381 [INFO] PinOutPanel:1589 - setPackage(No Configuration,No Configuration)
2025-01-17 00:01:42,409 [WARN] IpParametersView:154 - Warning: This peripheral hasn't parameters
2025-01-17 00:01:42,418 [WARN] MainPanel:289 - <html><b><center>Warning: This peripheral has no parameters to be configured<br></b></html>
2025-01-17 00:01:42,419 [ERROR] MainPanel:599 - java.lang.IndexOutOfBoundsException: Index: 0, Tab count: 0
2025-01-17 00:01:42,426 [INFO] UtilMem:75 - Begin LoadConfig() Used Memory: 505231936 Bytes (979369984)
2025-01-17 00:01:42,428 [INFO] MicroXplorer:468 - Change Database Path : 
2025-01-17 00:01:42,428 [INFO] MicroXplorer:498 - Change Database Version : DB.6.0.130
2025-01-17 00:01:42,428 [INFO] OpenFileManager:332 - Change cursor
2025-01-17 00:01:42,467 [INFO] RulesReader:64 - Compatibility file has been processed (297 Rules)
2025-01-17 00:01:42,475 [INFO] Mcu:2035 - Initializing MCU STM32F446R(C-E)Tx STM32F446RETx STM32F446RET6
2025-01-17 00:01:44,408 [INFO] Context:748 - Trying to add GPIOservice into a context  which must be forbidden
2025-01-17 00:01:45,511 [INFO] RtosManager:555 - Registered RTOS mode: class=CMSIS, group=RTOS, mode=CMSIS_V1, owner=FREERTOS
2025-01-17 00:01:45,512 [INFO] RtosManager:555 - Registered RTOS mode: class=CMSIS, group=RTOS2, mode=CMSIS_V2, owner=FREERTOS
2025-01-17 00:01:45,512 [INFO] RtosManager:555 - Registered RTOS mode: class=RTOS, group=Core, mode=CMSIS_V1, owner=FREERTOS
2025-01-17 00:01:45,512 [INFO] RtosManager:555 - Registered RTOS mode: class=RTOS, group=Core, mode=CMSIS_V2, owner=FREERTOS
2025-01-17 00:01:45,512 [WARN] ModelIntegratedComponent:184 - Missing modes for component STMicroelectronics:FreeRTOS:0.0.1:STMicroelectronics:RTOS:FreeRTOS:Core:::10.2.0:
2025-01-17 00:01:45,528 [WARN] ModelIntegratedComponent:63 - No mode defined for component null
2025-01-17 00:01:45,529 [WARN] ModelIntegratedComponent:63 - No mode defined for component null
2025-01-17 00:01:45,529 [WARN] ModelIntegratedComponent:63 - No mode defined for component null
2025-01-17 00:01:45,529 [WARN] ModelIntegratedComponent:63 - No mode defined for component null
2025-01-17 00:01:45,529 [WARN] ModelIntegratedComponent:63 - No mode defined for component null
2025-01-17 00:01:45,529 [WARN] ModelIntegratedComponent:63 - No mode defined for component null
2025-01-17 00:01:45,529 [WARN] ModelIntegratedComponent:63 - No mode defined for component null
2025-01-17 00:01:45,529 [WARN] ModelIntegratedComponent:63 - No mode defined for component null
2025-01-17 00:01:45,529 [WARN] ModelIntegratedComponent:63 - No mode defined for component null
2025-01-17 00:01:45,529 [WARN] ModelIntegratedComponent:63 - No mode defined for component null
2025-01-17 00:01:45,529 [WARN] ModelIntegratedComponent:63 - No mode defined for component null
2025-01-17 00:01:45,529 [WARN] ModelIntegratedComponent:63 - No mode defined for component null
2025-01-17 00:01:45,530 [WARN] ModelIntegratedComponent:63 - No mode defined for component null
2025-01-17 00:01:45,530 [WARN] ModelIntegratedComponent:63 - No mode defined for component null
2025-01-17 00:01:45,530 [WARN] ModelIntegratedComponent:63 - No mode defined for component null
2025-01-17 00:01:45,530 [WARN] ModelIntegratedComponent:63 - No mode defined for component null
2025-01-17 00:01:45,530 [WARN] ModelIntegratedComponent:63 - No mode defined for component null
2025-01-17 00:01:45,530 [WARN] ModelIntegratedComponent:63 - No mode defined for component null
2025-01-17 00:01:45,530 [WARN] ModelIntegratedComponent:63 - No mode defined for component null
2025-01-17 00:01:45,531 [WARN] ModelIntegratedComponent:63 - No mode defined for component null
2025-01-17 00:01:45,531 [WARN] ModelIntegratedComponent:63 - No mode defined for component null
2025-01-17 00:01:45,531 [WARN] ModelIntegratedComponent:63 - No mode defined for component null
2025-01-17 00:01:45,531 [WARN] ModelIntegratedComponent:63 - No mode defined for component null
2025-01-17 00:01:45,531 [WARN] ModelIntegratedComponent:63 - No mode defined for component null
2025-01-17 00:01:45,531 [WARN] ModelIntegratedComponent:63 - No mode defined for component null
2025-01-17 00:01:45,531 [WARN] ModelIntegratedComponent:63 - No mode defined for component null
2025-01-17 00:01:45,531 [WARN] ModelIntegratedComponent:63 - No mode defined for component null
2025-01-17 00:01:45,532 [WARN] ModelIntegratedComponent:63 - No mode defined for component null
2025-01-17 00:01:45,532 [WARN] ModelIntegratedComponent:63 - No mode defined for component null
2025-01-17 00:01:45,532 [WARN] ModelIntegratedComponent:63 - No mode defined for component null
2025-01-17 00:01:45,532 [WARN] ModelIntegratedComponent:63 - No mode defined for component null
2025-01-17 00:01:45,532 [WARN] ModelIntegratedComponent:63 - No mode defined for component null
2025-01-17 00:01:45,532 [WARN] ModelIntegratedComponent:63 - No mode defined for component null
2025-01-17 00:01:45,532 [WARN] ModelIntegratedComponent:63 - No mode defined for component null
2025-01-17 00:01:45,532 [WARN] ModelIntegratedComponent:63 - No mode defined for component null
2025-01-17 00:01:45,532 [WARN] ModelPack:524 - Component already loaded: STMicroelectronics:HAL Drivers:0.0.0:STMicroelectronics:Device:STMicro_Driver:XSPI:HAL::0.0.1:HAL_XSPI
2025-01-17 00:01:45,712 [INFO] ThirdPartyModel:298 - Start build external matchings
2025-01-17 00:01:47,060 [INFO] ThirdPartyModel:316 - End build external matchings
2025-01-17 00:01:47,517 [INFO] UtilMem:75 - End LoadConfig() Used Memory: 838255184 Bytes (979369984)
2025-01-17 00:01:47,571 [WARN] ThirdParty:833 - waiting for thirdparty lock release [change project]
2025-01-17 00:01:47,571 [INFO] ThirdParty:835 - entering critical section [change project]
2025-01-17 00:01:47,572 [INFO] ThirdParty:1030 - CMSIS Pack Vendor :STMicroelectronics USBPD 4.1
2025-01-17 00:01:47,572 [INFO] ThirdParty:1030 - CMSIS Pack Vendor :STMicroelectronics X-CUBE-AZRTOS-H7 3.3.0
2025-01-17 00:01:47,572 [INFO] ThirdParty:1030 - CMSIS Pack Vendor :STMicroelectronics X-CUBE-NFC9 1.0.0
2025-01-17 00:01:47,572 [INFO] ThirdParty:1030 - CMSIS Pack Vendor :STMicroelectronics USB_HOST 2.0.0
2025-01-17 00:01:47,572 [INFO] ThirdParty:1030 - CMSIS Pack Vendor :STMicroelectronics FP-SNS-MOTENVWB1 1.4.0
2025-01-17 00:01:47,572 [INFO] ThirdParty:1030 - CMSIS Pack Vendor :STMicroelectronics X-CUBE-AZRTOS-F4 1.1.0
2025-01-17 00:01:47,572 [INFO] ThirdParty:1030 - CMSIS Pack Vendor :STMicroelectronics LIBJPEG 8.0.0
2025-01-17 00:01:47,572 [INFO] ThirdParty:1030 - CMSIS Pack Vendor :STMicroelectronics FP-ATR-ASTRA1 2.0.1
2025-01-17 00:01:47,572 [INFO] ThirdParty:1030 - CMSIS Pack Vendor :STMicroelectronics X-CUBE-SMBUS 2.1.0
2025-01-17 00:01:47,572 [INFO] ThirdParty:1030 - CMSIS Pack Vendor :STMicroelectronics X-CUBE-WB05N 1.1.0
2025-01-17 00:01:47,573 [INFO] ThirdParty:1030 - CMSIS Pack Vendor :STMicroelectronics USB_DEVICE 3.0.0
2025-01-17 00:01:47,577 [INFO] ThirdParty:1030 - CMSIS Pack Vendor :STMicroelectronics X-CUBE-TCPP 4.1.0
2025-01-17 00:01:47,578 [INFO] ThirdParty:1030 - CMSIS Pack Vendor :STMicroelectronics X-CUBE-ISPU 2.1.0
2025-01-17 00:01:47,578 [INFO] ThirdParty:1030 - CMSIS Pack Vendor :STMicroelectronics X-CUBE-FREERTOS 1.2.0
2025-01-17 00:01:47,578 [INFO] ThirdParty:1030 - CMSIS Pack Vendor :STMicroelectronics X-CUBE-IPS 3.0.0
2025-01-17 00:01:47,579 [INFO] ThirdParty:1030 - CMSIS Pack Vendor :STMicroelectronics X-CUBE-AZRTOS-WB 2.0.0
2025-01-17 00:01:47,579 [INFO] ThirdParty:1030 - CMSIS Pack Vendor :STMicroelectronics X-CUBE-GNSS1 7.0.0
2025-01-17 00:01:47,579 [INFO] ThirdParty:1030 - CMSIS Pack Vendor :STMicroelectronics X-CUBE-GNSS1 7.0.1
2025-01-17 00:01:47,579 [INFO] ThirdParty:1030 - CMSIS Pack Vendor :STMicroelectronics X-CUBE-AZRTOS-F7 1.1.0
2025-01-17 00:01:47,579 [INFO] ThirdParty:1030 - CMSIS Pack Vendor :STMicroelectronics X-CUBE-AZRTOS-L5 2.0.0
2025-01-17 00:01:47,580 [INFO] ThirdParty:1030 - CMSIS Pack Vendor :STMicroelectronics USB_DEVICE 2.0.0
2025-01-17 00:01:47,580 [INFO] ThirdParty:1030 - CMSIS Pack Vendor :STMicroelectronics X-CUBE-NFC6 3.1.0
2025-01-17 00:01:47,580 [INFO] ThirdParty:1030 - CMSIS Pack Vendor :STMicroelectronics FP-SNS-STBOX1 2.0.0
2025-01-17 00:01:47,580 [INFO] ThirdParty:1030 - CMSIS Pack Vendor :STMicroelectronics X-CUBE-MEMS1 11.0.0
2025-01-17 00:01:47,581 [INFO] ThirdParty:1030 - CMSIS Pack Vendor :STMicroelectronics FreeRTOS 0.0.1
2025-01-17 00:01:47,581 [INFO] ThirdParty:1030 - CMSIS Pack Vendor :STMicroelectronics X-CUBE-AZRTOS-G0 1.1.0
2025-01-17 00:01:47,581 [INFO] ThirdParty:1030 - CMSIS Pack Vendor :STMicroelectronics X-CUBE-SAFEA1 1.2.2
2025-01-17 00:01:47,581 [INFO] ThirdParty:1030 - CMSIS Pack Vendor :STMicroelectronics X-CUBE-NFC4 3.0.0
2025-01-17 00:01:47,581 [INFO] ThirdParty:1030 - CMSIS Pack Vendor :STMicroelectronics X-CUBE-DPower 1.2.0
2025-01-17 00:01:47,581 [INFO] ThirdParty:1030 - CMSIS Pack Vendor :STMicroelectronics X-CUBE-SUBG2 5.0.0
2025-01-17 00:01:47,581 [INFO] ThirdParty:1030 - CMSIS Pack Vendor :STMicroelectronics STM32_WPAN 1.0.0
2025-01-17 00:01:47,581 [INFO] ThirdParty:1030 - CMSIS Pack Vendor :EmbeddedOffice I-CUBE-FS-RTOS 1.0.1
2025-01-17 00:01:47,581 [INFO] ThirdParty:1030 - CMSIS Pack Vendor :STMicroelectronics lwIP 2.0.3
2025-01-17 00:01:47,581 [INFO] ThirdParty:1030 - CMSIS Pack Vendor :STMicroelectronics FP-SNS-FLIGHT1 5.0.2
2025-01-17 00:01:47,582 [INFO] ThirdParty:1030 - CMSIS Pack Vendor :Cesanta I-CUBE-Mongoose 7.13.0
2025-01-17 00:01:47,582 [INFO] ThirdParty:1030 - CMSIS Pack Vendor :STMicroelectronics USB_HOST 1.0.0
2025-01-17 00:01:47,582 [INFO] ThirdParty:1030 - CMSIS Pack Vendor :Infineon AIROC-Wi-Fi-Bluetooth-STM32 1.7.0
2025-01-17 00:01:47,582 [INFO] ThirdParty:1030 - CMSIS Pack Vendor :STMicroelectronics X-CUBE-AZRTOS-G4 2.0.0
2025-01-17 00:01:47,582 [INFO] ThirdParty:1030 - CMSIS Pack Vendor :STMicroelectronics PDM2PCM 3.1.0
2025-01-17 00:01:47,582 [INFO] ThirdParty:1030 - CMSIS Pack Vendor :STMicroelectronics PDM2PCM 3.3.0
2025-01-17 00:01:47,582 [INFO] ThirdParty:1030 - CMSIS Pack Vendor :STMicroelectronics X-CUBE-DISPLAY 3.0.0
2025-01-17 00:01:47,582 [INFO] ThirdParty:1030 - CMSIS Pack Vendor :STMicroelectronics X-CUBE-TCPP 4.2.0
2025-01-17 00:01:47,582 [INFO] ThirdParty:1030 - CMSIS Pack Vendor :RealThread X-CUBE-RT-Thread_Nano 4.1.1
2025-01-17 00:01:47,582 [INFO] ThirdParty:1030 - CMSIS Pack Vendor :STMicroelectronics X-CUBE-BLE1 7.0.0
2025-01-17 00:01:47,582 [INFO] ThirdParty:1030 - CMSIS Pack Vendor :STMicroelectronics FP-ATR-SIGFOX1 3.2.0
2025-01-17 00:01:47,583 [INFO] ThirdParty:1030 - CMSIS Pack Vendor :STMicroelectronics X-CUBE-NFC10 1.0.0
2025-01-17 00:01:47,583 [INFO] ThirdParty:1030 - CMSIS Pack Vendor :quantropi X-CUBE-qispace-sdk-base 1.9.3
2025-01-17 00:01:47,583 [INFO] ThirdParty:1030 - CMSIS Pack Vendor :STMicroelectronics X-CUBE-BLEMGR 4.0.0
2025-01-17 00:01:47,583 [INFO] ThirdParty:1030 - CMSIS Pack Vendor :STMicroelectronics X-CUBE-EEPRMA1 5.1.0
2025-01-17 00:01:47,583 [INFO] ThirdParty:1030 - CMSIS Pack Vendor :STMicroelectronics HAL Drivers 0.0.0
2025-01-17 00:01:47,583 [INFO] ThirdParty:1030 - CMSIS Pack Vendor :STMicroelectronics MBEDTLS 2.16.2
2025-01-17 00:01:47,583 [INFO] ThirdParty:1030 - CMSIS Pack Vendor :STMicroelectronics X-CUBE-IPS 3.1.0
2025-01-17 00:01:47,583 [INFO] ThirdParty:1030 - CMSIS Pack Vendor :STMicroelectronics X-CUBE-ALS 1.0.2
2025-01-17 00:01:47,584 [INFO] ThirdParty:1030 - CMSIS Pack Vendor :emotas I-CUBE-CANOPEN 1.3.0
2025-01-17 00:01:47,584 [INFO] ThirdParty:1030 - CMSIS Pack Vendor :STMicroelectronics X-CUBE-FREERTOS 1.3.0
2025-01-17 00:01:47,584 [INFO] ThirdParty:1030 - CMSIS Pack Vendor :wolfSSL I-CUBE-wolfSSL 5.7.4
2025-01-17 00:01:47,584 [INFO] ThirdParty:1030 - CMSIS Pack Vendor :STMicroelectronics X-CUBE-NFC7 1.0.1
2025-01-17 00:01:47,585 [INFO] ThirdParty:1030 - CMSIS Pack Vendor :STMicroelectronics MBEDTLS 2.14.1
2025-01-17 00:01:47,585 [INFO] ThirdParty:1030 - CMSIS Pack Vendor :ITTIA_DB I-CUBE-ITTIADB 8.9.0
2025-01-17 00:01:47,585 [INFO] ThirdParty:1030 - CMSIS Pack Vendor :STMicroelectronics X-CUBE-TOUCHGFX 4.24.2
2025-01-17 00:01:47,585 [INFO] ThirdParty:1030 - CMSIS Pack Vendor :STMicroelectronics X-CUBE-TOUCHGFX 4.24.1
2025-01-17 00:01:47,585 [INFO] ThirdParty:1030 - CMSIS Pack Vendor :wolfSSL I-CUBE-wolfTPM 3.4.0
2025-01-17 00:01:47,585 [INFO] ThirdParty:1030 - CMSIS Pack Vendor :portGmbH I-Cube-SoM-uGOAL 1.1.0
2025-01-17 00:01:47,585 [INFO] ThirdParty:1030 - CMSIS Pack Vendor :STMicroelectronics X-CUBE-BLEMGR 3.1.0
2025-01-17 00:01:47,585 [INFO] ThirdParty:1030 - CMSIS Pack Vendor :STMicroelectronics ThreadX 1.0.0
2025-01-17 00:01:47,587 [INFO] ThirdParty:1030 - CMSIS Pack Vendor :STMicroelectronics FP-SNS-SMARTAG2 1.2.0
2025-01-17 00:01:47,587 [INFO] ThirdParty:1030 - CMSIS Pack Vendor :STMicroelectronics X-CUBE-MEMS1 11.1.0
2025-01-17 00:01:47,587 [INFO] ThirdParty:1030 - CMSIS Pack Vendor :STMicroelectronics X-CUBE-AZRTOS-WL 2.0.0
2025-01-17 00:01:47,587 [INFO] ThirdParty:1030 - CMSIS Pack Vendor :SEGGER I-CUBE-embOS 1.3.1
2025-01-17 00:01:47,587 [INFO] ThirdParty:1030 - CMSIS Pack Vendor :STMicroelectronics X-CUBE-ALGOBUILD 1.4.0
2025-01-17 00:01:47,587 [INFO] ThirdParty:1030 - CMSIS Pack Vendor :STMicroelectronics FP-SNS-MOTENV1 5.0.0
2025-01-17 00:01:47,587 [INFO] ThirdParty:1030 - CMSIS Pack Vendor :STMicroelectronics USB_DEVICE 1.0.0
2025-01-17 00:01:47,587 [INFO] ThirdParty:1030 - CMSIS Pack Vendor :STMicroelectronics X-CUBE-AZRTOS-H7RS 1.0.0
2025-01-17 00:01:47,589 [INFO] ThirdParty:1030 - CMSIS Pack Vendor :wolfSSL I-CUBE-wolfMQTT 1.19.0
2025-01-17 00:01:47,589 [INFO] ThirdParty:1030 - CMSIS Pack Vendor :STMicroelectronics X-CUBE-AZRTOS-L4 2.0.0
2025-01-17 00:01:47,589 [INFO] ThirdParty:1030 - CMSIS Pack Vendor :STMicroelectronics ThreadX 0.0.2
2025-01-17 00:01:47,589 [INFO] ThirdParty:1030 - CMSIS Pack Vendor :WES I-CUBE-Cesium 1.3.0
2025-01-17 00:01:47,589 [INFO] ThirdParty:1030 - CMSIS Pack Vendor :STMicroelectronics lwIP 2.1.2
2025-01-17 00:01:47,590 [INFO] ThirdParty:1030 - CMSIS Pack Vendor :STMicroelectronics X-CUBE-SFXS2LP1 4.0.0
2025-01-17 00:01:47,590 [INFO] ThirdParty:1030 - CMSIS Pack Vendor :STMicroelectronics X-CUBE-BLE2 3.3.0
2025-01-17 00:01:47,590 [INFO] ThirdParty:1030 - CMSIS Pack Vendor :STMicroelectronics X-CUBE-TOF1 3.4.2
2025-01-17 00:01:47,590 [INFO] ThirdParty:1030 - CMSIS Pack Vendor :STMicroelectronics X-CUBE-AI 9.1.0
2025-01-17 00:01:47,590 [INFO] ThirdParty:1030 - CMSIS Pack Vendor :STMicroelectronics PDM2PCM 3.2.0
2025-01-17 00:01:47,590 [INFO] ThirdParty:1030 - CMSIS Pack Vendor :wolfSSL I-CUBE-wolfSSH 1.4.17
2025-01-17 00:01:47,592 [INFO] ThirdParty:841 - exiting critical section [change project]
2025-01-17 00:01:47,928 [INFO] PinOutPanel:1589 - setPackage(No Configuration,No Configuration)
2025-01-17 00:01:47,930 [INFO] PinOutPanel:1589 - setPackage(STM32F446RETx,LQFP64)
2025-01-17 00:01:49,085 [INFO] UtilMem:75 - Before build in PCC Used Memory: 486596456 Bytes (979369984)
2025-01-17 00:01:49,987 [INFO] UtilMem:75 - After build in PCC Used Memory: 536594040 Bytes (979369984)
2025-01-17 00:01:50,038 [INFO] IPUIPlugin:80 - create IPUIPlugin
2025-01-17 00:01:50,038 [INFO] IPUIPlugin:80 - create IPUIPlugin
2025-01-17 00:01:50,039 [INFO] IPUIPlugin:80 - create IPUIPlugin
2025-01-17 00:01:50,039 [INFO] IPUIPlugin:80 - create IPUIPlugin
2025-01-17 00:01:50,039 [INFO] IPUIPlugin:80 - create IPUIPlugin
2025-01-17 00:01:50,039 [INFO] IPUIPlugin:80 - create IPUIPlugin
2025-01-17 00:01:50,039 [INFO] IPUIPlugin:80 - create IPUIPlugin
2025-01-17 00:01:50,039 [INFO] IPUIPlugin:80 - create IPUIPlugin
2025-01-17 00:01:50,039 [INFO] IPUIPlugin:80 - create IPUIPlugin
2025-01-17 00:01:50,040 [INFO] IPUIPlugin:80 - create IPUIPlugin
2025-01-17 00:01:50,040 [INFO] IPUIPlugin:80 - create IPUIPlugin
2025-01-17 00:01:50,045 [INFO] IPUIPlugin:80 - create IPUIPlugin
2025-01-17 00:01:50,047 [INFO] IPUIPlugin:80 - create IPUIPlugin
2025-01-17 00:01:50,047 [INFO] IPUIPlugin:80 - create IPUIPlugin
2025-01-17 00:01:50,047 [INFO] IPUIPlugin:80 - create IPUIPlugin
2025-01-17 00:01:50,048 [INFO] IPUIPlugin:80 - create IPUIPlugin
2025-01-17 00:01:50,048 [INFO] IPUIPlugin:80 - create IPUIPlugin
2025-01-17 00:01:50,049 [INFO] IPUIPlugin:80 - create IPUIPlugin
2025-01-17 00:01:50,049 [INFO] IPUIPlugin:80 - create IPUIPlugin
2025-01-17 00:01:50,050 [INFO] IPUIPlugin:80 - create IPUIPlugin
2025-01-17 00:01:50,051 [INFO] IPUIPlugin:80 - create IPUIPlugin
2025-01-17 00:01:50,051 [INFO] IPUIPlugin:80 - create IPUIPlugin
2025-01-17 00:01:50,052 [INFO] IPUIPlugin:80 - create IPUIPlugin
2025-01-17 00:01:50,052 [INFO] IPUIPlugin:80 - create IPUIPlugin
2025-01-17 00:01:50,052 [INFO] IPUIPlugin:80 - create IPUIPlugin
2025-01-17 00:01:50,053 [INFO] IPUIPlugin:80 - create IPUIPlugin
2025-01-17 00:01:50,053 [INFO] IPUIPlugin:80 - create IPUIPlugin
2025-01-17 00:01:50,053 [INFO] IPUIPlugin:80 - create IPUIPlugin
2025-01-17 00:01:50,053 [INFO] IPUIPlugin:80 - create IPUIPlugin
2025-01-17 00:01:50,055 [INFO] IPUIPlugin:80 - create IPUIPlugin
2025-01-17 00:01:50,055 [INFO] IPUIPlugin:80 - create IPUIPlugin
2025-01-17 00:01:50,056 [INFO] IPUIPlugin:80 - create IPUIPlugin
2025-01-17 00:01:50,056 [INFO] IPUIPlugin:80 - create IPUIPlugin
2025-01-17 00:01:50,056 [INFO] IPUIPlugin:80 - create IPUIPlugin
2025-01-17 00:01:50,058 [INFO] IPUIPlugin:80 - create IPUIPlugin
2025-01-17 00:01:50,060 [INFO] IPUIPlugin:80 - create IPUIPlugin
2025-01-17 00:01:50,060 [INFO] IPUIPlugin:80 - create IPUIPlugin
2025-01-17 00:01:50,061 [INFO] IPUIPlugin:80 - create IPUIPlugin
2025-01-17 00:01:50,061 [INFO] IPUIPlugin:80 - create IPUIPlugin
2025-01-17 00:01:50,062 [INFO] IPUIPlugin:80 - create IPUIPlugin
2025-01-17 00:01:50,062 [INFO] IPUIPlugin:80 - create IPUIPlugin
2025-01-17 00:01:50,063 [INFO] IPUIPlugin:80 - create IPUIPlugin
2025-01-17 00:01:50,063 [INFO] IPUIPlugin:80 - create IPUIPlugin
2025-01-17 00:01:50,063 [INFO] IPUIPlugin:80 - create IPUIPlugin
2025-01-17 00:01:50,063 [INFO] IPUIPlugin:80 - create IPUIPlugin
2025-01-17 00:01:50,064 [INFO] IPUIPlugin:80 - create IPUIPlugin
2025-01-17 00:01:50,064 [INFO] IPUIPlugin:80 - create IPUIPlugin
2025-01-17 00:01:50,064 [INFO] IPUIPlugin:80 - create IPUIPlugin
2025-01-17 00:01:50,065 [INFO] IPUIPlugin:80 - create IPUIPlugin
2025-01-17 00:01:50,065 [INFO] IPUIPlugin:80 - create IPUIPlugin
2025-01-17 00:01:50,066 [INFO] IPUIPlugin:80 - create IPUIPlugin
2025-01-17 00:01:50,066 [INFO] IPUIPlugin:80 - create IPUIPlugin
2025-01-17 00:01:50,067 [INFO] IPUIPlugin:80 - create IPUIPlugin
2025-01-17 00:01:50,067 [INFO] IPUIPlugin:80 - create IPUIPlugin
2025-01-17 00:01:50,068 [INFO] IPUIPlugin:80 - create IPUIPlugin
2025-01-17 00:01:50,068 [INFO] IPUIPlugin:80 - create IPUIPlugin
2025-01-17 00:01:50,068 [INFO] IPUIPlugin:80 - create IPUIPlugin
2025-01-17 00:01:50,069 [INFO] IPUIPlugin:80 - create IPUIPlugin
2025-01-17 00:01:50,069 [INFO] IPUIPlugin:80 - create IPUIPlugin
2025-01-17 00:01:50,070 [INFO] IPUIPlugin:80 - create IPUIPlugin
2025-01-17 00:01:50,082 [INFO] ApiDbMcu:508 - Load IP Config File for PDM2PCM
2025-01-17 00:01:50,138 [INFO] CADModel:165 - CPN selected for project levelSTM32F446RET6
2025-01-17 00:01:50,138 [INFO] CADModel:114 - Register for checkConnection events
2025-01-17 00:01:50,183 [INFO] OpenFileManager:363 - Restore cursor
2025-01-17 00:01:50,194 [INFO] ApiDb:581 - Connected to CubeFinder SQLite database (C:\Users\JadduVenkatesh\.stmcufinder\plugins\mcufinder\mcu\cube-finder-db.db)
2025-01-17 00:03:27,595 [INFO] UtilMem:75 - End SaveConfig() Used Memory: 799976824 Bytes (979369984)
2025-01-17 00:03:29,401 [INFO] UtilMem:75 - End SaveConfig() Used Memory: 827239800 Bytes (979369984)
2025-01-17 00:03:31,826 [INFO] UtilMem:75 - End SaveConfig() Used Memory: 373939848 Bytes (979369984)
2025-01-17 00:03:32,336 [INFO] BlockDiagram:2766 - set Specific Code input for plugin: SYS
2025-01-17 00:03:32,337 [INFO] BlockDiagram:2766 - set Specific Code input for plugin: RCC
2025-01-17 00:03:32,337 [INFO] BlockDiagram:2766 - set Specific Code input for plugin: NVIC
2025-01-17 00:03:32,337 [INFO] BlockDiagram:2766 - set Specific Code input for plugin: GPIO
2025-01-17 00:03:32,338 [INFO] CodeGenerator:896 - code generatio: config db path: C:\ST\STM32CubeIDE_1.17.0\STM32CubeIDE\plugins\com.st.stm32cube.common.mx_6.13.0.202411220809\\db\
2025-01-17 00:03:32,501 [INFO] CodeEngine:255 - oldGeneratedFile, C:\Users\JadduVenkatesh\Desktop\FreeRTOS\RTOS_WorkSpace\002.LEDs\MXTmpFiles\license.tmp_save
2025-01-17 00:03:32,968 [INFO] CodeEngine:279 - Generated code: C:\Users\JadduVenkatesh\Desktop\FreeRTOS\RTOS_WorkSpace\002.LEDs\MXTmpFiles\license.tmp
2025-01-17 00:03:33,030 [INFO] CodeEngine:255 - oldGeneratedFile, C:\Users\JadduVenkatesh\Desktop\FreeRTOS\RTOS_WorkSpace\002.LEDs\MXTmpFiles\gpio.tmp_save
2025-01-17 00:03:33,318 [INFO] CodeEngine:279 - Generated code: C:\Users\JadduVenkatesh\Desktop\FreeRTOS\RTOS_WorkSpace\002.LEDs\MXTmpFiles\gpio.tmp
2025-01-17 00:03:33,385 [INFO] CodeEngine:255 - oldGeneratedFile, C:\Users\JadduVenkatesh\Desktop\FreeRTOS\RTOS_WorkSpace\002.LEDs\Core\Src\stm32f4xx_it.c_save
2025-01-17 00:03:33,819 [INFO] CodeEngine:279 - Generated code: C:\Users\JadduVenkatesh\Desktop\FreeRTOS\RTOS_WorkSpace\002.LEDs\Core\Src\stm32f4xx_it.c
2025-01-17 00:03:33,829 [INFO] CodeEngine:255 - oldGeneratedFile, C:\Users\JadduVenkatesh\Desktop\FreeRTOS\RTOS_WorkSpace\002.LEDs\Core\Inc\stm32f4xx_it.h_save
2025-01-17 00:03:33,989 [INFO] CodeEngine:279 - Generated code: C:\Users\JadduVenkatesh\Desktop\FreeRTOS\RTOS_WorkSpace\002.LEDs\Core\Inc\stm32f4xx_it.h
2025-01-17 00:03:34,036 [INFO] CodeEngine:255 - oldGeneratedFile, C:\Users\JadduVenkatesh\Desktop\FreeRTOS\RTOS_WorkSpace\002.LEDs\Core\Src\stm32f4xx_hal_msp.c_save
2025-01-17 00:03:34,344 [INFO] CodeEngine:279 - Generated code: C:\Users\JadduVenkatesh\Desktop\FreeRTOS\RTOS_WorkSpace\002.LEDs\Core\Src\stm32f4xx_hal_msp.c
2025-01-17 00:03:34,353 [INFO] CodeEngine:255 - oldGeneratedFile, C:\Users\JadduVenkatesh\Desktop\FreeRTOS\RTOS_WorkSpace\002.LEDs\MXTmpFiles\system.tmp_save
2025-01-17 00:03:34,518 [INFO] CodeEngine:279 - Generated code: C:\Users\JadduVenkatesh\Desktop\FreeRTOS\RTOS_WorkSpace\002.LEDs\MXTmpFiles\system.tmp
2025-01-17 00:03:34,545 [INFO] CodeEngine:255 - oldGeneratedFile, C:\Users\JadduVenkatesh\Desktop\FreeRTOS\RTOS_WorkSpace\002.LEDs\Core\Src\stm32f4xx_hal_timebase_tim.c_save
2025-01-17 00:03:34,733 [INFO] CodeEngine:279 - Generated code: C:\Users\JadduVenkatesh\Desktop\FreeRTOS\RTOS_WorkSpace\002.LEDs\Core\Src\stm32f4xx_hal_timebase_tim.c
2025-01-17 00:03:34,775 [INFO] CodeEngine:311 - oldGeneratedFile, C:\Users\JadduVenkatesh\Desktop\FreeRTOS\RTOS_WorkSpace\002.LEDs\Core\Inc\stm32f4xx_hal_conf.h_save
2025-01-17 00:03:34,961 [INFO] CodeEngine:335 - Generated code: C:\Users\JadduVenkatesh\Desktop\FreeRTOS\RTOS_WorkSpace\002.LEDs\Core\Inc\stm32f4xx_hal_conf.h
2025-01-17 00:03:35,011 [WARN] IPConfigManager:3034 - Warning: the RefConfig PLL2P_FOR_MCO is not available in your config.xml file
2025-01-17 00:03:35,023 [INFO] ApiDbMcu:508 - Load IP Config File for RCC
2025-01-17 00:03:35,068 [INFO] CodeEngine:255 - oldGeneratedFile, C:\Users\JadduVenkatesh\Desktop\FreeRTOS\RTOS_WorkSpace\002.LEDs\Core\Inc\main.h_save
2025-01-17 00:03:35,455 [INFO] CodeEngine:279 - Generated code: C:\Users\JadduVenkatesh\Desktop\FreeRTOS\RTOS_WorkSpace\002.LEDs\Core\Inc\main.h
2025-01-17 00:03:35,492 [INFO] CodeEngine:255 - oldGeneratedFile, C:\Users\JadduVenkatesh\Desktop\FreeRTOS\RTOS_WorkSpace\002.LEDs\Core\Src\main.c_save
2025-01-17 00:03:35,801 [INFO] CodeEngine:279 - Generated code: C:\Users\JadduVenkatesh\Desktop\FreeRTOS\RTOS_WorkSpace\002.LEDs\Core\Src\main.c
2025-01-17 00:03:36,627 [INFO] ProjectBuilder:3289 - Time for Copy HAL[1] : 313mS.
2025-01-17 00:03:36,636 [INFO] ProjectBuilder:4876 - Project Generator version: 4.5.0-RC5
2025-01-17 00:03:36,813 [INFO] ConfigFileManager:1579 - The Die is : DIE421
2025-01-17 00:03:36,819 [INFO] ApiDbMcu:508 - Load IP Config File for FATFS
2025-01-17 00:03:36,831 [INFO] ApiDbMcu:508 - Load IP Config File for FREERTOS
2025-01-17 00:03:36,836 [INFO] ApiDbMcu:508 - Load IP Config File for LIBJPEG
2025-01-17 00:03:36,850 [INFO] ApiDbMcu:508 - Load IP Config File for MBEDTLS
2025-01-17 00:03:36,870 [INFO] ApiDbMcu:508 - Load IP Config File for USB_DEVICE
2025-01-17 00:03:36,877 [INFO] ApiDbMcu:508 - Load IP Config File for USB_HOST
2025-01-17 00:03:38,843 [INFO] ProjectBuilder:5154 - Time for Generating toolchain IDE Files: 2207mS.
2025-01-17 00:03:38,844 [INFO] ProjectBuilder:3146 - Time for Copy CMSIS : 0mS.
2025-01-17 00:03:38,853 [INFO] ProjectBuilder:3146 - Time for Copy CMSIS : 0mS.
2025-01-17 09:50:41,803 [INFO] WebApp:190 - Connection lost
2025-01-17 09:50:50,586 [INFO] WebApp:187 - Connection restablished
2025-01-17 14:34:15,993 [INFO] WebApp:190 - Connection lost
2025-01-17 14:34:16,561 [INFO] WebApp:187 - Connection restablished
2025-01-17 14:34:19,295 [INFO] WebApp:190 - Connection lost
2025-01-17 14:34:19,551 [INFO] WebApp:187 - Connection restablished
