2025-01-13 01:27:49,513 [INFO] LogOutputStream:77 - [STDOUT_REDIRECT] 
2025-01-13 01:27:54,421 [INFO] ProjectBuilder:5154 - Time for Generating toolchain IDE Files: 6455mS.
2025-01-13 01:27:54,423 [INFO] ProjectBuilder:3146 - Time for Copy CMSIS : 1mS.
2025-01-13 01:27:54,427 [INFO] ProjectBuilder:3146 - Time for Copy CMSIS : 0mS.
2025-01-13 01:27:56,553 [INFO] McuFinderGlobals:76 - Set McuFinderConnectedMode to true
2025-01-13 01:27:56,561 [INFO] ApiDb:448 - Save user favorites file C:\Users\JadduVenkatesh/.stm32cubeide/favorites.mcus.txt: 0 item(s)
2025-01-13 01:27:56,561 [INFO] ApiDb:452 - User favorites MCUs=[]
2025-01-13 01:27:56,571 [INFO] ApiDb:448 - Save user favorites file C:\Users\JadduVenkatesh/.stm32cubeide/favorites.boards.txt: 0 item(s)
2025-01-13 01:27:56,571 [INFO] ApiDb:452 - User favorites Boards=[]
2025-01-13 01:28:58,948 [INFO] UtilMem:75 - End SaveConfig() Used Memory: 562715528 Bytes (982515712)
2025-01-13 01:29:00,850 [INFO] UtilMem:75 - End SaveConfig() Used Memory: 591027080 Bytes (982515712)
2025-01-13 01:29:04,583 [INFO] UtilMem:75 - End SaveConfig() Used Memory: 674913160 Bytes (982515712)
2025-01-13 01:29:05,028 [INFO] BlockDiagram:2766 - set Specific Code input for plugin: SYS
2025-01-13 01:29:05,028 [INFO] BlockDiagram:2766 - set Specific Code input for plugin: RCC
2025-01-13 01:29:05,029 [INFO] BlockDiagram:2766 - set Specific Code input for plugin: NVIC
2025-01-13 01:29:05,029 [INFO] BlockDiagram:2766 - set Specific Code input for plugin: GPIO
2025-01-13 01:29:05,031 [INFO] CodeGenerator:896 - code generatio: config db path: C:\ST\STM32CubeIDE_1.17.0\STM32CubeIDE\plugins\com.st.stm32cube.common.mx_6.13.0.202411220809\\db\
2025-01-13 01:29:05,239 [INFO] CodeEngine:255 - oldGeneratedFile, C:\Users\JadduVenkatesh\Desktop\FreeRTOS\RTOS_WorkSpace\001_Test\MXTmpFiles\license.tmp_save
2025-01-13 01:29:05,451 [INFO] CodeEngine:279 - Generated code: C:\Users\JadduVenkatesh\Desktop\FreeRTOS\RTOS_WorkSpace\001_Test\MXTmpFiles\license.tmp
2025-01-13 01:29:05,493 [INFO] CodeEngine:255 - oldGeneratedFile, C:\Users\JadduVenkatesh\Desktop\FreeRTOS\RTOS_WorkSpace\001_Test\MXTmpFiles\gpio.tmp_save
2025-01-13 01:29:05,725 [INFO] CodeEngine:279 - Generated code: C:\Users\JadduVenkatesh\Desktop\FreeRTOS\RTOS_WorkSpace\001_Test\MXTmpFiles\gpio.tmp
2025-01-13 01:29:05,831 [INFO] CodeEngine:255 - oldGeneratedFile, C:\Users\JadduVenkatesh\Desktop\FreeRTOS\RTOS_WorkSpace\001_Test\Core\Src\stm32f4xx_it.c_save
2025-01-13 01:29:06,206 [INFO] CodeEngine:279 - Generated code: C:\Users\JadduVenkatesh\Desktop\FreeRTOS\RTOS_WorkSpace\001_Test\Core\Src\stm32f4xx_it.c
2025-01-13 01:29:06,273 [INFO] CodeEngine:255 - oldGeneratedFile, C:\Users\JadduVenkatesh\Desktop\FreeRTOS\RTOS_WorkSpace\001_Test\Core\Inc\stm32f4xx_it.h_save
2025-01-13 01:29:06,498 [INFO] CodeEngine:279 - Generated code: C:\Users\JadduVenkatesh\Desktop\FreeRTOS\RTOS_WorkSpace\001_Test\Core\Inc\stm32f4xx_it.h
2025-01-13 01:29:06,547 [INFO] CodeEngine:255 - oldGeneratedFile, C:\Users\JadduVenkatesh\Desktop\FreeRTOS\RTOS_WorkSpace\001_Test\Core\Src\stm32f4xx_hal_msp.c_save
2025-01-13 01:29:06,769 [INFO] CodeEngine:279 - Generated code: C:\Users\JadduVenkatesh\Desktop\FreeRTOS\RTOS_WorkSpace\001_Test\Core\Src\stm32f4xx_hal_msp.c
2025-01-13 01:29:06,776 [INFO] CodeEngine:255 - oldGeneratedFile, C:\Users\JadduVenkatesh\Desktop\FreeRTOS\RTOS_WorkSpace\001_Test\MXTmpFiles\system.tmp_save
2025-01-13 01:29:06,868 [INFO] CodeEngine:279 - Generated code: C:\Users\JadduVenkatesh\Desktop\FreeRTOS\RTOS_WorkSpace\001_Test\MXTmpFiles\system.tmp
2025-01-13 01:29:06,890 [INFO] CodeEngine:255 - oldGeneratedFile, C:\Users\JadduVenkatesh\Desktop\FreeRTOS\RTOS_WorkSpace\001_Test\Core\Src\stm32f4xx_hal_timebase_tim.c_save
2025-01-13 01:29:07,060 [INFO] CodeEngine:279 - Generated code: C:\Users\JadduVenkatesh\Desktop\FreeRTOS\RTOS_WorkSpace\001_Test\Core\Src\stm32f4xx_hal_timebase_tim.c
2025-01-13 01:29:07,096 [INFO] CodeEngine:311 - oldGeneratedFile, C:\Users\JadduVenkatesh\Desktop\FreeRTOS\RTOS_WorkSpace\001_Test\Core\Inc\stm32f4xx_hal_conf.h_save
2025-01-13 01:29:07,270 [INFO] CodeEngine:335 - Generated code: C:\Users\JadduVenkatesh\Desktop\FreeRTOS\RTOS_WorkSpace\001_Test\Core\Inc\stm32f4xx_hal_conf.h
2025-01-13 01:29:07,321 [WARN] IPConfigManager:3034 - Warning: the RefConfig PLL2P_FOR_MCO is not available in your config.xml file
2025-01-13 01:29:07,363 [INFO] CodeEngine:255 - oldGeneratedFile, C:\Users\JadduVenkatesh\Desktop\FreeRTOS\RTOS_WorkSpace\001_Test\Core\Inc\main.h_save
2025-01-13 01:29:07,511 [INFO] CodeEngine:279 - Generated code: C:\Users\JadduVenkatesh\Desktop\FreeRTOS\RTOS_WorkSpace\001_Test\Core\Inc\main.h
2025-01-13 01:29:07,537 [INFO] CodeEngine:255 - oldGeneratedFile, C:\Users\JadduVenkatesh\Desktop\FreeRTOS\RTOS_WorkSpace\001_Test\Core\Src\main.c_save
2025-01-13 01:29:07,754 [INFO] CodeEngine:279 - Generated code: C:\Users\JadduVenkatesh\Desktop\FreeRTOS\RTOS_WorkSpace\001_Test\Core\Src\main.c
2025-01-13 01:29:08,310 [INFO] ProjectBuilder:3289 - Time for Copy HAL[1] : 246mS.
2025-01-13 01:29:08,317 [INFO] ProjectBuilder:4876 - Project Generator version: 4.5.0-RC5
2025-01-13 01:29:08,472 [INFO] ConfigFileManager:1579 - The Die is : DIE421
2025-01-13 01:29:10,774 [INFO] ProjectBuilder:5154 - Time for Generating toolchain IDE Files: 2457mS.
2025-01-13 01:29:10,775 [INFO] ProjectBuilder:3146 - Time for Copy CMSIS : 0mS.
2025-01-13 01:29:10,780 [INFO] ProjectBuilder:3146 - Time for Copy CMSIS : 0mS.
2025-01-13 10:26:55,511 [INFO] WebApp:190 - Connection lost
2025-01-13 10:27:03,501 [INFO] WebApp:187 - Connection restablished
2025-01-13 15:25:54,262 [INFO] WebApp:190 - Connection lost
2025-01-13 15:25:54,584 [INFO] WebApp:187 - Connection restablished
2025-01-13 16:25:19,196 [INFO] WebApp:190 - Connection lost
2025-01-13 16:25:19,507 [INFO] WebApp:187 - Connection restablished
2025-01-13 16:38:13,695 [INFO] WebApp:190 - Connection lost
2025-01-13 16:38:14,012 [INFO] WebApp:187 - Connection restablished
