2025-02-19 00:08:54,337 [INFO] LogOutputStream:77 - [STDOUT_REDIRECT] 
2025-02-19 00:09:04,207 [INFO] ProjectBuilder:5154 - Time for Generating toolchain IDE Files: 12195mS.
2025-02-19 00:09:04,209 [INFO] ProjectBuilder:3146 - Time for Copy CMSIS : 1mS.
2025-02-19 00:09:04,215 [INFO] ProjectBuilder:3146 - Time for Copy CMSIS : 0mS.
2025-02-19 00:09:08,746 [INFO] McuFinderGlobals:76 - Set McuFinderConnectedMode to true
2025-02-19 00:09:08,757 [INFO] ApiDb:448 - Save user favorites file C:\Users\JadduVenkatesh/.stm32cubeide/favorites.mcus.txt: 0 item(s)
2025-02-19 00:09:08,758 [INFO] ApiDb:452 - User favorites MCUs=[]
2025-02-19 00:09:08,762 [INFO] ApiDb:448 - Save user favorites file C:\Users\JadduVenkatesh/.stm32cubeide/favorites.boards.txt: 0 item(s)
2025-02-19 00:09:08,762 [INFO] ApiDb:452 - User favorites Boards=[]
2025-02-19 00:10:22,439 [INFO] Gpio:277 - dependency for GPIO []
2025-02-19 00:10:25,504 [INFO] Gpio:277 - dependency for GPIO []
2025-02-19 00:10:57,548 [INFO] NvicIntPanel:101 - NVIC parent = com.st.microxplorer.plugins.ip.nvic.MultiNvicIntPanel[,0,0,0x0,invalid,layout=javax.swing.BoxLayout,alignmentX=0.0,alignmentY=0.0,border=,flags=9,maximumSize=,minimumSize=,preferredSize=]
2025-02-19 00:11:48,522 [INFO] UtilMem:75 - End SaveConfig() Used Memory: 656597056 Bytes (1073741824)
2025-02-19 00:11:50,806 [INFO] UtilMem:75 - End SaveConfig() Used Memory: 683860032 Bytes (1073741824)
2025-02-19 00:11:56,552 [INFO] UtilMem:75 - End SaveConfig() Used Memory: 772466752 Bytes (1073741824)
2025-02-19 00:11:57,013 [INFO] BlockDiagram:2766 - set Specific Code input for plugin: SYS
2025-02-19 00:11:57,014 [INFO] BlockDiagram:2766 - set Specific Code input for plugin: RCC
2025-02-19 00:11:57,014 [INFO] BlockDiagram:2766 - set Specific Code input for plugin: NVIC
2025-02-19 00:11:57,014 [INFO] BlockDiagram:2766 - set Specific Code input for plugin: USART
2025-02-19 00:11:57,016 [INFO] BlockDiagram:2766 - set Specific Code input for plugin: GPIO
2025-02-19 00:11:57,020 [INFO] CodeGenerator:896 - code generatio: config db path: C:\ST\STM32CubeIDE_1.17.0\STM32CubeIDE\plugins\com.st.stm32cube.common.mx_6.13.0.202411220809\\db\
2025-02-19 00:11:57,175 [INFO] CodeEngine:255 - oldGeneratedFile, C:\Users\JadduVenkatesh\Desktop\FreeRTOS\RTOS_WorkSpace\Cnt_Sema_Sw_Int\MXTmpFiles\license.tmp_save
2025-02-19 00:11:57,488 [INFO] CodeEngine:279 - Generated code: C:\Users\JadduVenkatesh\Desktop\FreeRTOS\RTOS_WorkSpace\Cnt_Sema_Sw_Int\MXTmpFiles\license.tmp
2025-02-19 00:11:57,542 [INFO] CodeEngine:255 - oldGeneratedFile, C:\Users\JadduVenkatesh\Desktop\FreeRTOS\RTOS_WorkSpace\Cnt_Sema_Sw_Int\MXTmpFiles\gpio.tmp_save
2025-02-19 00:11:57,820 [INFO] CodeEngine:279 - Generated code: C:\Users\JadduVenkatesh\Desktop\FreeRTOS\RTOS_WorkSpace\Cnt_Sema_Sw_Int\MXTmpFiles\gpio.tmp
2025-02-19 00:11:57,996 [INFO] CodeEngine:255 - oldGeneratedFile, C:\Users\JadduVenkatesh\Desktop\FreeRTOS\RTOS_WorkSpace\Cnt_Sema_Sw_Int\Core\Src\stm32f4xx_it.c_save
2025-02-19 00:11:58,402 [INFO] CodeEngine:279 - Generated code: C:\Users\JadduVenkatesh\Desktop\FreeRTOS\RTOS_WorkSpace\Cnt_Sema_Sw_Int\Core\Src\stm32f4xx_it.c
2025-02-19 00:11:58,416 [INFO] CodeEngine:255 - oldGeneratedFile, C:\Users\JadduVenkatesh\Desktop\FreeRTOS\RTOS_WorkSpace\Cnt_Sema_Sw_Int\Core\Inc\stm32f4xx_it.h_save
2025-02-19 00:11:58,563 [INFO] CodeEngine:279 - Generated code: C:\Users\JadduVenkatesh\Desktop\FreeRTOS\RTOS_WorkSpace\Cnt_Sema_Sw_Int\Core\Inc\stm32f4xx_it.h
2025-02-19 00:11:58,610 [INFO] CodeEngine:255 - oldGeneratedFile, C:\Users\JadduVenkatesh\Desktop\FreeRTOS\RTOS_WorkSpace\Cnt_Sema_Sw_Int\Core\Src\stm32f4xx_hal_msp.c_save
2025-02-19 00:11:58,824 [INFO] CodeEngine:279 - Generated code: C:\Users\JadduVenkatesh\Desktop\FreeRTOS\RTOS_WorkSpace\Cnt_Sema_Sw_Int\Core\Src\stm32f4xx_hal_msp.c
2025-02-19 00:11:58,835 [INFO] CodeEngine:255 - oldGeneratedFile, C:\Users\JadduVenkatesh\Desktop\FreeRTOS\RTOS_WorkSpace\Cnt_Sema_Sw_Int\MXTmpFiles\system.tmp_save
2025-02-19 00:11:58,940 [INFO] CodeEngine:279 - Generated code: C:\Users\JadduVenkatesh\Desktop\FreeRTOS\RTOS_WorkSpace\Cnt_Sema_Sw_Int\MXTmpFiles\system.tmp
2025-02-19 00:11:58,964 [INFO] CodeEngine:255 - oldGeneratedFile, C:\Users\JadduVenkatesh\Desktop\FreeRTOS\RTOS_WorkSpace\Cnt_Sema_Sw_Int\Core\Src\stm32f4xx_hal_timebase_tim.c_save
2025-02-19 00:11:59,125 [INFO] CodeEngine:279 - Generated code: C:\Users\JadduVenkatesh\Desktop\FreeRTOS\RTOS_WorkSpace\Cnt_Sema_Sw_Int\Core\Src\stm32f4xx_hal_timebase_tim.c
2025-02-19 00:11:59,173 [INFO] CodeEngine:311 - oldGeneratedFile, C:\Users\JadduVenkatesh\Desktop\FreeRTOS\RTOS_WorkSpace\Cnt_Sema_Sw_Int\Core\Inc\stm32f4xx_hal_conf.h_save
2025-02-19 00:11:59,391 [INFO] CodeEngine:335 - Generated code: C:\Users\JadduVenkatesh\Desktop\FreeRTOS\RTOS_WorkSpace\Cnt_Sema_Sw_Int\Core\Inc\stm32f4xx_hal_conf.h
2025-02-19 00:11:59,459 [WARN] IPConfigManager:3034 - Warning: the RefConfig PLL2P_FOR_MCO is not available in your config.xml file
2025-02-19 00:11:59,471 [INFO] ApiDbMcu:508 - Load IP Config File for USART2
2025-02-19 00:11:59,510 [INFO] CodeEngine:255 - oldGeneratedFile, C:\Users\JadduVenkatesh\Desktop\FreeRTOS\RTOS_WorkSpace\Cnt_Sema_Sw_Int\Core\Inc\main.h_save
2025-02-19 00:11:59,662 [INFO] CodeEngine:279 - Generated code: C:\Users\JadduVenkatesh\Desktop\FreeRTOS\RTOS_WorkSpace\Cnt_Sema_Sw_Int\Core\Inc\main.h
2025-02-19 00:11:59,688 [INFO] CodeEngine:255 - oldGeneratedFile, C:\Users\JadduVenkatesh\Desktop\FreeRTOS\RTOS_WorkSpace\Cnt_Sema_Sw_Int\Core\Src\main.c_save
2025-02-19 00:11:59,887 [INFO] CodeEngine:279 - Generated code: C:\Users\JadduVenkatesh\Desktop\FreeRTOS\RTOS_WorkSpace\Cnt_Sema_Sw_Int\Core\Src\main.c
2025-02-19 00:12:00,471 [INFO] ProjectBuilder:3289 - Time for Copy HAL[1] : 271mS.
2025-02-19 00:12:00,475 [INFO] ProjectBuilder:4876 - Project Generator version: 4.5.0-RC5
2025-02-19 00:12:00,555 [INFO] ConfigFileManager:1579 - The Die is : DIE421
2025-02-19 00:12:02,953 [INFO] ProjectBuilder:5154 - Time for Generating toolchain IDE Files: 2478mS.
2025-02-19 00:12:02,954 [INFO] ProjectBuilder:3146 - Time for Copy CMSIS : 1mS.
2025-02-19 00:12:02,957 [INFO] ProjectBuilder:3146 - Time for Copy CMSIS : 0mS.
2025-02-19 10:12:08,603 [INFO] WebApp:190 - Connection lost
2025-02-19 10:12:16,906 [INFO] WebApp:187 - Connection restablished
2025-02-19 14:36:31,927 [INFO] WebApp:190 - Connection lost
2025-02-19 14:36:34,905 [INFO] WebApp:187 - Connection restablished
2025-02-19 14:36:36,813 [INFO] WebApp:190 - Connection lost
2025-02-19 14:36:37,355 [INFO] WebApp:187 - Connection restablished
2025-02-19 18:58:50,155 [INFO] WebApp:190 - Connection lost
2025-02-19 18:58:50,718 [INFO] WebApp:187 - Connection restablished
2025-02-19 18:58:53,182 [INFO] WebApp:190 - Connection lost
2025-02-19 18:58:53,753 [INFO] WebApp:187 - Connection restablished
2025-02-19 21:44:56,458 [INFO] WebApp:190 - Connection lost
2025-02-19 21:45:06,563 [INFO] WebApp:187 - Connection restablished
2025-02-19 22:12:15,781 [INFO] MainUpdater:2872 - connection check result : 10
2025-02-19 22:12:15,783 [INFO] MainUpdater:2872 - connection check result : 10
2025-02-19 22:12:16,011 [INFO] MicroXplorer:468 - Change Database Path : 
2025-02-19 22:12:16,012 [INFO] MicroXplorer:498 - Change Database Version : DB.6.0.130
2025-02-19 22:12:16,177 [ERROR] ProjectManagerView:394 - 
java.lang.NullPointerException: Cannot invoke "javax.swing.JTextField.getText()" because the return value of "java.util.List.get(int)" is null
	at com.st.microxplorer.plugins.projectmanager.gui.ProjectChoiceTab$9.caretUpdate(ProjectChoiceTab.java:2616) ~[filemanager.jar:?]
	at javax.swing.text.JTextComponent.fireCaretUpdate(JTextComponent.java:408) ~[?:?]
	at javax.swing.text.JTextComponent$MutableCaretEvent.fire(JTextComponent.java:4484) ~[?:?]
	at javax.swing.text.JTextComponent$MutableCaretEvent.stateChanged(JTextComponent.java:4506) ~[?:?]
	at javax.swing.text.DefaultCaret.fireStateChanged(DefaultCaret.java:857) ~[?:?]
	at javax.swing.text.DefaultCaret.changeCaretPosition(DefaultCaret.java:1343) ~[?:?]
	at javax.swing.text.DefaultCaret.handleSetDot(DefaultCaret.java:1242) ~[?:?]
	at javax.swing.text.DefaultCaret.setDot(DefaultCaret.java:1223) ~[?:?]
	at javax.swing.text.DefaultCaret$Handler.insertUpdate(DefaultCaret.java:1819) ~[?:?]
	at javax.swing.text.AbstractDocument.fireInsertUpdate(AbstractDocument.java:227) ~[?:?]
	at javax.swing.text.AbstractDocument.handleInsertString(AbstractDocument.java:781) ~[?:?]
	at javax.swing.text.AbstractDocument.insertString(AbstractDocument.java:740) ~[?:?]
	at javax.swing.text.PlainDocument.insertString(PlainDocument.java:131) ~[?:?]
	at javax.swing.text.AbstractDocument.replace(AbstractDocument.java:699) ~[?:?]
	at javax.swing.text.JTextComponent.setText(JTextComponent.java:1725) ~[?:?]
	at com.st.microxplorer.plugins.projectmanager.gui.ProjectChoiceTab.createHeapStackFields(ProjectChoiceTab.java:975) ~[filemanager.jar:?]
	at com.st.microxplorer.plugins.projectmanager.gui.ProjectChoiceTab.buildLinkSettingsPanel(ProjectChoiceTab.java:3666) ~[filemanager.jar:?]
	at com.st.microxplorer.plugins.projectmanager.gui.ProjectChoiceTab.defineWindowsFields(ProjectChoiceTab.java:1934) ~[filemanager.jar:?]
	at com.st.microxplorer.plugins.projectmanager.gui.ProjectChoiceTab.updateSettings(ProjectChoiceTab.java:553) ~[filemanager.jar:?]
	at com.st.microxplorer.plugins.projectmanager.gui.ProjectSettingsPanel.UpdateDialog(ProjectSettingsPanel.java:245) ~[filemanager.jar:?]
	at com.st.microxplorer.plugins.projectmanager.ProjectManagerView.propertyChange(ProjectManagerView.java:391) ~[filemanager.jar:?]
	at java.beans.PropertyChangeSupport.fire(PropertyChangeSupport.java:343) ~[?:?]
	at java.beans.PropertyChangeSupport.firePropertyChange(PropertyChangeSupport.java:335) ~[?:?]
	at java.beans.PropertyChangeSupport.firePropertyChange(PropertyChangeSupport.java:268) ~[?:?]
	at com.st.microxplorer.util.MXPropertyChangeSupport.firePropertyChange(MXPropertyChangeSupport.java:54) ~[STM32CubeMX.jar:?]
	at com.st.microxplorer.mxsystem.MxSystem.closeConfig(MxSystem.java:899) ~[STM32CubeMX.jar:?]
	at com.st.microxplorer.maingui.MainPanel.closeConfig(MainPanel.java:789) ~[STM32CubeMX.jar:?]
	at com.st.microxplorer.plugins.filemanager.engine.OpenFileManager.loadConfigurationFile(OpenFileManager.java:265) ~[filemanager.jar:?]
	at com.st.microxplorer.plugins.filemanager.engine.MainFileManager.userLoadConfig(MainFileManager.java:340) ~[filemanager.jar:?]
	at com.st.microxplorer.plugins.filemanager.engine.MainFileManager.userLoadConfig(MainFileManager.java:318) ~[filemanager.jar:?]
	at com.st.microxplorer.plugins.filemanager.FileManagerView.getSpecificTask(FileManagerView.java:246) ~[filemanager.jar:?]
	at com.st.stm32cube.common.mx.editor.CubeMxEditor.getMxTabbedPaneInstance(CubeMxEditor.java:1198) ~[com.st.stm32cube.common.mx_6.13.0.202411220809/:?]
	at com.st.stm32cube.common.mx.editor.CubeMxEditor$12$1.createSwingComponent(CubeMxEditor.java:1068) ~[com.st.stm32cube.common.mx_6.13.0.202411220809/:?]
	at com.st.stm32cube.common.mx.oss.core.awtswtbridge.EmbeddedSwingComposite.doComponentCreation(EmbeddedSwingComposite.java:492) ~[com.st.stm32cube.common.mx.oss_6.13.0.202411220809/:?]
	at com.st.stm32cube.common.mx.oss.core.awtswtbridge.EmbeddedSwingComposite$4.run(EmbeddedSwingComposite.java:291) ~[com.st.stm32cube.common.mx.oss_6.13.0.202411220809/:?]
	at com.st.stm32cube.common.mx.oss.core.awtswtbridge.AwtEnvironment$2.run(AwtEnvironment.java:166) ~[com.st.stm32cube.common.mx.oss_6.13.0.202411220809/:?]
	at java.awt.event.InvocationEvent.dispatch(InvocationEvent.java:318) ~[?:?]
	at java.awt.EventQueue.dispatchEventImpl(EventQueue.java:773) ~[?:?]
	at java.awt.EventQueue$4.run(EventQueue.java:720) ~[?:?]
	at java.awt.EventQueue$4.run(EventQueue.java:714) ~[?:?]
	at java.security.AccessController.doPrivileged(AccessController.java:400) ~[?:?]
	at java.security.ProtectionDomain$JavaSecurityAccessImpl.doIntersectionPrivilege(ProtectionDomain.java:87) ~[?:?]
	at java.awt.EventQueue.dispatchEvent(EventQueue.java:742) ~[?:?]
	at java.awt.EventDispatchThread.pumpOneEventForFilters(EventDispatchThread.java:203) ~[?:?]
	at java.awt.EventDispatchThread.pumpEventsForFilter(EventDispatchThread.java:124) ~[?:?]
	at java.awt.EventDispatchThread.pumpEventsForHierarchy(EventDispatchThread.java:113) ~[?:?]
	at java.awt.EventDispatchThread.pumpEvents(EventDispatchThread.java:109) ~[?:?]
	at java.awt.EventDispatchThread.pumpEvents(EventDispatchThread.java:101) ~[?:?]
	at java.awt.EventDispatchThread.run(EventDispatchThread.java:90) ~[?:?]
2025-02-19 22:12:16,204 [WARN] ThirdParty:871 - waiting for thirdparty lock release [close project]
2025-02-19 22:12:16,204 [INFO] ThirdParty:873 - entering critical section [close project]
2025-02-19 22:12:16,206 [INFO] ThirdParty:883 - exiting critical section [close project]
2025-02-19 22:12:16,211 [INFO] PinOutPanel:1589 - setPackage(No Configuration,No Configuration)
2025-02-19 22:12:16,255 [WARN] IpParametersView:154 - Warning: This peripheral hasn't parameters
2025-02-19 22:12:16,283 [WARN] MainPanel:289 - <html><b><center>Warning: This peripheral has no parameters to be configured<br></b></html>
2025-02-19 22:12:16,292 [ERROR] MainPanel:599 - java.lang.IndexOutOfBoundsException: Index: 0, Tab count: 0
2025-02-19 22:12:16,308 [INFO] UtilMem:75 - Begin LoadConfig() Used Memory: 895872584 Bytes (996147200)
2025-02-19 22:12:16,309 [INFO] MicroXplorer:468 - Change Database Path : 
2025-02-19 22:12:16,310 [INFO] MicroXplorer:498 - Change Database Version : DB.6.0.130
2025-02-19 22:12:16,310 [INFO] OpenFileManager:332 - Change cursor
2025-02-19 22:12:16,412 [INFO] RulesReader:64 - Compatibility file has been processed (297 Rules)
2025-02-19 22:12:16,447 [INFO] Mcu:2035 - Initializing MCU STM32F446R(C-E)Tx STM32F446RETx STM32F446RET6
2025-02-19 22:12:20,088 [INFO] Context:748 - Trying to add GPIOservice into a context  which must be forbidden
2025-02-19 22:12:21,241 [INFO] RtosManager:555 - Registered RTOS mode: class=CMSIS, group=RTOS, mode=CMSIS_V1, owner=FREERTOS
2025-02-19 22:12:21,241 [INFO] RtosManager:555 - Registered RTOS mode: class=CMSIS, group=RTOS2, mode=CMSIS_V2, owner=FREERTOS
2025-02-19 22:12:21,241 [INFO] RtosManager:555 - Registered RTOS mode: class=RTOS, group=Core, mode=CMSIS_V1, owner=FREERTOS
2025-02-19 22:12:21,242 [INFO] RtosManager:555 - Registered RTOS mode: class=RTOS, group=Core, mode=CMSIS_V2, owner=FREERTOS
2025-02-19 22:12:21,242 [WARN] ModelIntegratedComponent:184 - Missing modes for component STMicroelectronics:FreeRTOS:0.0.1:STMicroelectronics:RTOS:FreeRTOS:Core:::10.2.0:
2025-02-19 22:12:21,255 [WARN] ModelIntegratedComponent:63 - No mode defined for component null
2025-02-19 22:12:21,256 [WARN] ModelIntegratedComponent:63 - No mode defined for component null
2025-02-19 22:12:21,256 [WARN] ModelIntegratedComponent:63 - No mode defined for component null
2025-02-19 22:12:21,256 [WARN] ModelIntegratedComponent:63 - No mode defined for component null
2025-02-19 22:12:21,256 [WARN] ModelIntegratedComponent:63 - No mode defined for component null
2025-02-19 22:12:21,256 [WARN] ModelIntegratedComponent:63 - No mode defined for component null
2025-02-19 22:12:21,257 [WARN] ModelIntegratedComponent:63 - No mode defined for component null
2025-02-19 22:12:21,257 [WARN] ModelIntegratedComponent:63 - No mode defined for component null
2025-02-19 22:12:21,257 [WARN] ModelIntegratedComponent:63 - No mode defined for component null
2025-02-19 22:12:21,257 [WARN] ModelIntegratedComponent:63 - No mode defined for component null
2025-02-19 22:12:21,257 [WARN] ModelIntegratedComponent:63 - No mode defined for component null
2025-02-19 22:12:21,257 [WARN] ModelIntegratedComponent:63 - No mode defined for component null
2025-02-19 22:12:21,257 [WARN] ModelIntegratedComponent:63 - No mode defined for component null
2025-02-19 22:12:21,257 [WARN] ModelIntegratedComponent:63 - No mode defined for component null
2025-02-19 22:12:21,258 [WARN] ModelIntegratedComponent:63 - No mode defined for component null
2025-02-19 22:12:21,258 [WARN] ModelIntegratedComponent:63 - No mode defined for component null
2025-02-19 22:12:21,258 [WARN] ModelIntegratedComponent:63 - No mode defined for component null
2025-02-19 22:12:21,258 [WARN] ModelIntegratedComponent:63 - No mode defined for component null
2025-02-19 22:12:21,258 [WARN] ModelIntegratedComponent:63 - No mode defined for component null
2025-02-19 22:12:21,258 [WARN] ModelIntegratedComponent:63 - No mode defined for component null
2025-02-19 22:12:21,258 [WARN] ModelIntegratedComponent:63 - No mode defined for component null
2025-02-19 22:12:21,258 [WARN] ModelIntegratedComponent:63 - No mode defined for component null
2025-02-19 22:12:21,258 [WARN] ModelIntegratedComponent:63 - No mode defined for component null
2025-02-19 22:12:21,258 [WARN] ModelIntegratedComponent:63 - No mode defined for component null
2025-02-19 22:12:21,258 [WARN] ModelIntegratedComponent:63 - No mode defined for component null
2025-02-19 22:12:21,258 [WARN] ModelIntegratedComponent:63 - No mode defined for component null
2025-02-19 22:12:21,258 [WARN] ModelIntegratedComponent:63 - No mode defined for component null
2025-02-19 22:12:21,258 [WARN] ModelIntegratedComponent:63 - No mode defined for component null
2025-02-19 22:12:21,258 [WARN] ModelIntegratedComponent:63 - No mode defined for component null
2025-02-19 22:12:21,258 [WARN] ModelIntegratedComponent:63 - No mode defined for component null
2025-02-19 22:12:21,258 [WARN] ModelIntegratedComponent:63 - No mode defined for component null
2025-02-19 22:12:21,260 [WARN] ModelIntegratedComponent:63 - No mode defined for component null
2025-02-19 22:12:21,260 [WARN] ModelIntegratedComponent:63 - No mode defined for component null
2025-02-19 22:12:21,260 [WARN] ModelIntegratedComponent:63 - No mode defined for component null
2025-02-19 22:12:21,260 [WARN] ModelIntegratedComponent:63 - No mode defined for component null
2025-02-19 22:12:21,260 [WARN] ModelPack:524 - Component already loaded: STMicroelectronics:HAL Drivers:0.0.0:STMicroelectronics:Device:STMicro_Driver:XSPI:HAL::0.0.1:HAL_XSPI
2025-02-19 22:12:21,410 [INFO] ThirdPartyModel:298 - Start build external matchings
2025-02-19 22:12:22,704 [INFO] ThirdPartyModel:316 - End build external matchings
2025-02-19 22:12:23,314 [INFO] UtilMem:75 - End LoadConfig() Used Memory: 398158344 Bytes (996147200)
2025-02-19 22:12:23,409 [WARN] ThirdParty:833 - waiting for thirdparty lock release [change project]
2025-02-19 22:12:23,410 [INFO] ThirdParty:835 - entering critical section [change project]
2025-02-19 22:12:23,410 [INFO] ThirdParty:1030 - CMSIS Pack Vendor :STMicroelectronics USBPD 4.1
2025-02-19 22:12:23,410 [INFO] ThirdParty:1030 - CMSIS Pack Vendor :STMicroelectronics X-CUBE-AZRTOS-H7 3.3.0
2025-02-19 22:12:23,411 [INFO] ThirdParty:1030 - CMSIS Pack Vendor :STMicroelectronics X-CUBE-NFC9 1.0.0
2025-02-19 22:12:23,411 [INFO] ThirdParty:1030 - CMSIS Pack Vendor :STMicroelectronics USB_HOST 2.0.0
2025-02-19 22:12:23,412 [INFO] ThirdParty:1030 - CMSIS Pack Vendor :STMicroelectronics FP-SNS-MOTENVWB1 1.4.0
2025-02-19 22:12:23,413 [INFO] ThirdParty:1030 - CMSIS Pack Vendor :STMicroelectronics X-CUBE-AZRTOS-F4 1.1.0
2025-02-19 22:12:23,414 [INFO] ThirdParty:1030 - CMSIS Pack Vendor :STMicroelectronics LIBJPEG 8.0.0
2025-02-19 22:12:23,414 [INFO] ThirdParty:1030 - CMSIS Pack Vendor :STMicroelectronics FP-ATR-ASTRA1 2.0.1
2025-02-19 22:12:23,414 [INFO] ThirdParty:1030 - CMSIS Pack Vendor :STMicroelectronics X-CUBE-SMBUS 2.1.0
2025-02-19 22:12:23,414 [INFO] ThirdParty:1030 - CMSIS Pack Vendor :STMicroelectronics X-CUBE-WB05N 1.1.0
2025-02-19 22:12:23,414 [INFO] ThirdParty:1030 - CMSIS Pack Vendor :STMicroelectronics USB_DEVICE 3.0.0
2025-02-19 22:12:23,414 [INFO] ThirdParty:1030 - CMSIS Pack Vendor :STMicroelectronics X-CUBE-TCPP 4.1.0
2025-02-19 22:12:23,414 [INFO] ThirdParty:1030 - CMSIS Pack Vendor :STMicroelectronics X-CUBE-ISPU 2.1.0
2025-02-19 22:12:23,414 [INFO] ThirdParty:1030 - CMSIS Pack Vendor :STMicroelectronics X-CUBE-FREERTOS 1.2.0
2025-02-19 22:12:23,414 [INFO] ThirdParty:1030 - CMSIS Pack Vendor :STMicroelectronics X-CUBE-IPS 3.0.0
2025-02-19 22:12:23,414 [INFO] ThirdParty:1030 - CMSIS Pack Vendor :STMicroelectronics X-CUBE-AZRTOS-WB 2.0.0
2025-02-19 22:12:23,416 [INFO] ThirdParty:1030 - CMSIS Pack Vendor :STMicroelectronics X-CUBE-GNSS1 7.0.0
2025-02-19 22:12:23,416 [INFO] ThirdParty:1030 - CMSIS Pack Vendor :STMicroelectronics X-CUBE-GNSS1 7.0.1
2025-02-19 22:12:23,416 [INFO] ThirdParty:1030 - CMSIS Pack Vendor :STMicroelectronics X-CUBE-AZRTOS-F7 1.1.0
2025-02-19 22:12:23,416 [INFO] ThirdParty:1030 - CMSIS Pack Vendor :STMicroelectronics X-CUBE-AZRTOS-L5 2.0.0
2025-02-19 22:12:23,416 [INFO] ThirdParty:1030 - CMSIS Pack Vendor :STMicroelectronics USB_DEVICE 2.0.0
2025-02-19 22:12:23,416 [INFO] ThirdParty:1030 - CMSIS Pack Vendor :STMicroelectronics X-CUBE-NFC6 3.1.0
2025-02-19 22:12:23,416 [INFO] ThirdParty:1030 - CMSIS Pack Vendor :STMicroelectronics FP-SNS-STBOX1 2.0.0
2025-02-19 22:12:23,416 [INFO] ThirdParty:1030 - CMSIS Pack Vendor :STMicroelectronics X-CUBE-MEMS1 11.0.0
2025-02-19 22:12:23,416 [INFO] ThirdParty:1030 - CMSIS Pack Vendor :STMicroelectronics FreeRTOS 0.0.1
2025-02-19 22:12:23,416 [INFO] ThirdParty:1030 - CMSIS Pack Vendor :STMicroelectronics X-CUBE-AZRTOS-G0 1.1.0
2025-02-19 22:12:23,417 [INFO] ThirdParty:1030 - CMSIS Pack Vendor :STMicroelectronics X-CUBE-SAFEA1 1.2.2
2025-02-19 22:12:23,417 [INFO] ThirdParty:1030 - CMSIS Pack Vendor :STMicroelectronics X-CUBE-NFC4 3.0.0
2025-02-19 22:12:23,418 [INFO] ThirdParty:1030 - CMSIS Pack Vendor :STMicroelectronics X-CUBE-DPower 1.2.0
2025-02-19 22:12:23,418 [INFO] ThirdParty:1030 - CMSIS Pack Vendor :STMicroelectronics X-CUBE-SUBG2 5.0.0
2025-02-19 22:12:23,418 [INFO] ThirdParty:1030 - CMSIS Pack Vendor :STMicroelectronics STM32_WPAN 1.0.0
2025-02-19 22:12:23,418 [INFO] ThirdParty:1030 - CMSIS Pack Vendor :EmbeddedOffice I-CUBE-FS-RTOS 1.0.1
2025-02-19 22:12:23,418 [INFO] ThirdParty:1030 - CMSIS Pack Vendor :STMicroelectronics lwIP 2.0.3
2025-02-19 22:12:23,419 [INFO] ThirdParty:1030 - CMSIS Pack Vendor :STMicroelectronics FP-SNS-FLIGHT1 5.0.2
2025-02-19 22:12:23,419 [INFO] ThirdParty:1030 - CMSIS Pack Vendor :Cesanta I-CUBE-Mongoose 7.13.0
2025-02-19 22:12:23,419 [INFO] ThirdParty:1030 - CMSIS Pack Vendor :STMicroelectronics USB_HOST 1.0.0
2025-02-19 22:12:23,419 [INFO] ThirdParty:1030 - CMSIS Pack Vendor :Infineon AIROC-Wi-Fi-Bluetooth-STM32 1.7.0
2025-02-19 22:12:23,420 [INFO] ThirdParty:1030 - CMSIS Pack Vendor :STMicroelectronics X-CUBE-AZRTOS-G4 2.0.0
2025-02-19 22:12:23,420 [INFO] ThirdParty:1030 - CMSIS Pack Vendor :STMicroelectronics PDM2PCM 3.1.0
2025-02-19 22:12:23,420 [INFO] ThirdParty:1030 - CMSIS Pack Vendor :STMicroelectronics PDM2PCM 3.3.0
2025-02-19 22:12:23,420 [INFO] ThirdParty:1030 - CMSIS Pack Vendor :STMicroelectronics X-CUBE-DISPLAY 3.0.0
2025-02-19 22:12:23,421 [INFO] ThirdParty:1030 - CMSIS Pack Vendor :STMicroelectronics X-CUBE-TCPP 4.2.0
2025-02-19 22:12:23,421 [INFO] ThirdParty:1030 - CMSIS Pack Vendor :RealThread X-CUBE-RT-Thread_Nano 4.1.1
2025-02-19 22:12:23,422 [INFO] ThirdParty:1030 - CMSIS Pack Vendor :STMicroelectronics X-CUBE-BLE1 7.0.0
2025-02-19 22:12:23,422 [INFO] ThirdParty:1030 - CMSIS Pack Vendor :STMicroelectronics FP-ATR-SIGFOX1 3.2.0
2025-02-19 22:12:23,422 [INFO] ThirdParty:1030 - CMSIS Pack Vendor :STMicroelectronics X-CUBE-NFC10 1.0.0
2025-02-19 22:12:23,422 [INFO] ThirdParty:1030 - CMSIS Pack Vendor :quantropi X-CUBE-qispace-sdk-base 1.9.3
2025-02-19 22:12:23,422 [INFO] ThirdParty:1030 - CMSIS Pack Vendor :STMicroelectronics X-CUBE-BLEMGR 4.0.0
2025-02-19 22:12:23,425 [INFO] ThirdParty:1030 - CMSIS Pack Vendor :STMicroelectronics X-CUBE-EEPRMA1 5.1.0
2025-02-19 22:12:23,426 [INFO] ThirdParty:1030 - CMSIS Pack Vendor :STMicroelectronics HAL Drivers 0.0.0
2025-02-19 22:12:23,426 [INFO] ThirdParty:1030 - CMSIS Pack Vendor :STMicroelectronics MBEDTLS 2.16.2
2025-02-19 22:12:23,427 [INFO] ThirdParty:1030 - CMSIS Pack Vendor :STMicroelectronics X-CUBE-IPS 3.1.0
2025-02-19 22:12:23,427 [INFO] ThirdParty:1030 - CMSIS Pack Vendor :STMicroelectronics X-CUBE-ALS 1.0.2
2025-02-19 22:12:23,427 [INFO] ThirdParty:1030 - CMSIS Pack Vendor :emotas I-CUBE-CANOPEN 1.3.0
2025-02-19 22:12:23,428 [INFO] ThirdParty:1030 - CMSIS Pack Vendor :STMicroelectronics X-CUBE-FREERTOS 1.3.0
2025-02-19 22:12:23,428 [INFO] ThirdParty:1030 - CMSIS Pack Vendor :wolfSSL I-CUBE-wolfSSL 5.7.4
2025-02-19 22:12:23,428 [INFO] ThirdParty:1030 - CMSIS Pack Vendor :STMicroelectronics X-CUBE-NFC7 1.0.1
2025-02-19 22:12:23,428 [INFO] ThirdParty:1030 - CMSIS Pack Vendor :STMicroelectronics MBEDTLS 2.14.1
2025-02-19 22:12:23,428 [INFO] ThirdParty:1030 - CMSIS Pack Vendor :ITTIA_DB I-CUBE-ITTIADB 8.9.0
2025-02-19 22:12:23,428 [INFO] ThirdParty:1030 - CMSIS Pack Vendor :STMicroelectronics X-CUBE-TOUCHGFX 4.24.2
2025-02-19 22:12:23,428 [INFO] ThirdParty:1030 - CMSIS Pack Vendor :STMicroelectronics X-CUBE-TOUCHGFX 4.24.1
2025-02-19 22:12:23,428 [INFO] ThirdParty:1030 - CMSIS Pack Vendor :wolfSSL I-CUBE-wolfTPM 3.4.0
2025-02-19 22:12:23,429 [INFO] ThirdParty:1030 - CMSIS Pack Vendor :portGmbH I-Cube-SoM-uGOAL 1.1.0
2025-02-19 22:12:23,429 [INFO] ThirdParty:1030 - CMSIS Pack Vendor :STMicroelectronics X-CUBE-BLEMGR 3.1.0
2025-02-19 22:12:23,429 [INFO] ThirdParty:1030 - CMSIS Pack Vendor :STMicroelectronics X-CUBE-AI 10.0.0
2025-02-19 22:12:23,429 [INFO] ThirdParty:1030 - CMSIS Pack Vendor :STMicroelectronics ThreadX 1.0.0
2025-02-19 22:12:23,429 [INFO] ThirdParty:1030 - CMSIS Pack Vendor :STMicroelectronics FP-SNS-SMARTAG2 1.2.0
2025-02-19 22:12:23,429 [INFO] ThirdParty:1030 - CMSIS Pack Vendor :STMicroelectronics X-CUBE-MEMS1 11.1.0
2025-02-19 22:12:23,429 [INFO] ThirdParty:1030 - CMSIS Pack Vendor :STMicroelectronics X-CUBE-AZRTOS-WL 2.0.0
2025-02-19 22:12:23,429 [INFO] ThirdParty:1030 - CMSIS Pack Vendor :SEGGER I-CUBE-embOS 1.3.1
2025-02-19 22:12:23,430 [INFO] ThirdParty:1030 - CMSIS Pack Vendor :STMicroelectronics X-CUBE-ALGOBUILD 1.4.0
2025-02-19 22:12:23,430 [INFO] ThirdParty:1030 - CMSIS Pack Vendor :STMicroelectronics FP-SNS-MOTENV1 5.0.0
2025-02-19 22:12:23,430 [INFO] ThirdParty:1030 - CMSIS Pack Vendor :STMicroelectronics USB_DEVICE 1.0.0
2025-02-19 22:12:23,430 [INFO] ThirdParty:1030 - CMSIS Pack Vendor :STMicroelectronics X-CUBE-AZRTOS-H7RS 1.0.0
2025-02-19 22:12:23,430 [INFO] ThirdParty:1030 - CMSIS Pack Vendor :wolfSSL I-CUBE-wolfMQTT 1.19.0
2025-02-19 22:12:23,430 [INFO] ThirdParty:1030 - CMSIS Pack Vendor :STMicroelectronics X-CUBE-AZRTOS-L4 2.0.0
2025-02-19 22:12:23,431 [INFO] ThirdParty:1030 - CMSIS Pack Vendor :STMicroelectronics ThreadX 0.0.2
2025-02-19 22:12:23,431 [INFO] ThirdParty:1030 - CMSIS Pack Vendor :WES I-CUBE-Cesium 1.3.0
2025-02-19 22:12:23,431 [INFO] ThirdParty:1030 - CMSIS Pack Vendor :STMicroelectronics lwIP 2.1.2
2025-02-19 22:12:23,431 [INFO] ThirdParty:1030 - CMSIS Pack Vendor :STMicroelectronics X-CUBE-SFXS2LP1 4.0.0
2025-02-19 22:12:23,431 [INFO] ThirdParty:1030 - CMSIS Pack Vendor :STMicroelectronics X-CUBE-BLE2 3.3.0
2025-02-19 22:12:23,431 [INFO] ThirdParty:1030 - CMSIS Pack Vendor :STMicroelectronics X-CUBE-TOF1 3.4.2
2025-02-19 22:12:23,431 [INFO] ThirdParty:1030 - CMSIS Pack Vendor :STMicroelectronics X-CUBE-AI 9.1.0
2025-02-19 22:12:23,432 [INFO] ThirdParty:1030 - CMSIS Pack Vendor :STMicroelectronics PDM2PCM 3.2.0
2025-02-19 22:12:23,432 [INFO] ThirdParty:1030 - CMSIS Pack Vendor :wolfSSL I-CUBE-wolfSSH 1.4.17
2025-02-19 22:12:23,432 [INFO] ThirdParty:841 - exiting critical section [change project]
2025-02-19 22:12:24,078 [INFO] PinOutPanel:1589 - setPackage(No Configuration,No Configuration)
2025-02-19 22:12:24,081 [INFO] PinOutPanel:1589 - setPackage(STM32F446RETx,LQFP64)
2025-02-19 22:12:24,643 [INFO] UtilMem:75 - Before build in PCC Used Memory: 597140584 Bytes (996147200)
2025-02-19 22:12:25,141 [INFO] UtilMem:75 - After build in PCC Used Memory: 647472232 Bytes (996147200)
2025-02-19 22:12:25,180 [INFO] IPUIPlugin:80 - create IPUIPlugin
2025-02-19 22:12:25,180 [INFO] IPUIPlugin:80 - create IPUIPlugin
2025-02-19 22:12:25,180 [INFO] IPUIPlugin:80 - create IPUIPlugin
2025-02-19 22:12:25,182 [INFO] IPUIPlugin:80 - create IPUIPlugin
2025-02-19 22:12:25,182 [INFO] IPUIPlugin:80 - create IPUIPlugin
2025-02-19 22:12:25,182 [INFO] IPUIPlugin:80 - create IPUIPlugin
2025-02-19 22:12:25,183 [INFO] IPUIPlugin:80 - create IPUIPlugin
2025-02-19 22:12:25,183 [INFO] IPUIPlugin:80 - create IPUIPlugin
2025-02-19 22:12:25,183 [INFO] IPUIPlugin:80 - create IPUIPlugin
2025-02-19 22:12:25,183 [INFO] IPUIPlugin:80 - create IPUIPlugin
2025-02-19 22:12:25,184 [INFO] IPUIPlugin:80 - create IPUIPlugin
2025-02-19 22:12:25,184 [INFO] IPUIPlugin:80 - create IPUIPlugin
2025-02-19 22:12:25,184 [INFO] IPUIPlugin:80 - create IPUIPlugin
2025-02-19 22:12:25,185 [INFO] IPUIPlugin:80 - create IPUIPlugin
2025-02-19 22:12:25,185 [INFO] IPUIPlugin:80 - create IPUIPlugin
2025-02-19 22:12:25,185 [INFO] IPUIPlugin:80 - create IPUIPlugin
2025-02-19 22:12:25,186 [INFO] IPUIPlugin:80 - create IPUIPlugin
2025-02-19 22:12:25,186 [INFO] IPUIPlugin:80 - create IPUIPlugin
2025-02-19 22:12:25,186 [INFO] IPUIPlugin:80 - create IPUIPlugin
2025-02-19 22:12:25,186 [INFO] IPUIPlugin:80 - create IPUIPlugin
2025-02-19 22:12:25,187 [INFO] IPUIPlugin:80 - create IPUIPlugin
2025-02-19 22:12:25,187 [INFO] IPUIPlugin:80 - create IPUIPlugin
2025-02-19 22:12:25,188 [INFO] IPUIPlugin:80 - create IPUIPlugin
2025-02-19 22:12:25,188 [INFO] IPUIPlugin:80 - create IPUIPlugin
2025-02-19 22:12:25,188 [INFO] IPUIPlugin:80 - create IPUIPlugin
2025-02-19 22:12:25,189 [INFO] IPUIPlugin:80 - create IPUIPlugin
2025-02-19 22:12:25,189 [INFO] IPUIPlugin:80 - create IPUIPlugin
2025-02-19 22:12:25,189 [INFO] IPUIPlugin:80 - create IPUIPlugin
2025-02-19 22:12:25,190 [INFO] IPUIPlugin:80 - create IPUIPlugin
2025-02-19 22:12:25,190 [INFO] IPUIPlugin:80 - create IPUIPlugin
2025-02-19 22:12:25,191 [INFO] IPUIPlugin:80 - create IPUIPlugin
2025-02-19 22:12:25,191 [INFO] IPUIPlugin:80 - create IPUIPlugin
2025-02-19 22:12:25,191 [INFO] IPUIPlugin:80 - create IPUIPlugin
2025-02-19 22:12:25,191 [INFO] IPUIPlugin:80 - create IPUIPlugin
2025-02-19 22:12:25,191 [INFO] IPUIPlugin:80 - create IPUIPlugin
2025-02-19 22:12:25,191 [INFO] IPUIPlugin:80 - create IPUIPlugin
2025-02-19 22:12:25,191 [INFO] IPUIPlugin:80 - create IPUIPlugin
2025-02-19 22:12:25,191 [INFO] IPUIPlugin:80 - create IPUIPlugin
2025-02-19 22:12:25,192 [INFO] IPUIPlugin:80 - create IPUIPlugin
2025-02-19 22:12:25,192 [INFO] IPUIPlugin:80 - create IPUIPlugin
2025-02-19 22:12:25,192 [INFO] IPUIPlugin:80 - create IPUIPlugin
2025-02-19 22:12:25,193 [INFO] IPUIPlugin:80 - create IPUIPlugin
2025-02-19 22:12:25,193 [INFO] IPUIPlugin:80 - create IPUIPlugin
2025-02-19 22:12:25,193 [INFO] IPUIPlugin:80 - create IPUIPlugin
2025-02-19 22:12:25,194 [INFO] IPUIPlugin:80 - create IPUIPlugin
2025-02-19 22:12:25,194 [INFO] IPUIPlugin:80 - create IPUIPlugin
2025-02-19 22:12:25,194 [INFO] IPUIPlugin:80 - create IPUIPlugin
2025-02-19 22:12:25,194 [INFO] IPUIPlugin:80 - create IPUIPlugin
2025-02-19 22:12:25,195 [INFO] IPUIPlugin:80 - create IPUIPlugin
2025-02-19 22:12:25,195 [INFO] IPUIPlugin:80 - create IPUIPlugin
2025-02-19 22:12:25,196 [INFO] IPUIPlugin:80 - create IPUIPlugin
2025-02-19 22:12:25,196 [INFO] IPUIPlugin:80 - create IPUIPlugin
2025-02-19 22:12:25,196 [INFO] IPUIPlugin:80 - create IPUIPlugin
2025-02-19 22:12:25,197 [INFO] IPUIPlugin:80 - create IPUIPlugin
2025-02-19 22:12:25,197 [INFO] IPUIPlugin:80 - create IPUIPlugin
2025-02-19 22:12:25,198 [INFO] IPUIPlugin:80 - create IPUIPlugin
2025-02-19 22:12:25,198 [INFO] IPUIPlugin:80 - create IPUIPlugin
2025-02-19 22:12:25,199 [INFO] IPUIPlugin:80 - create IPUIPlugin
2025-02-19 22:12:25,199 [INFO] IPUIPlugin:80 - create IPUIPlugin
2025-02-19 22:12:25,200 [INFO] IPUIPlugin:80 - create IPUIPlugin
2025-02-19 22:12:25,230 [INFO] ApiDbMcu:508 - Load IP Config File for PDM2PCM
2025-02-19 22:12:25,324 [INFO] CADModel:165 - CPN selected for project levelSTM32F446RET6
2025-02-19 22:12:25,324 [INFO] CADModel:114 - Register for checkConnection events
2025-02-19 22:12:25,409 [INFO] OpenFileManager:363 - Restore cursor
2025-02-19 22:12:25,435 [INFO] ApiDb:581 - Connected to CubeFinder SQLite database (C:\Users\JadduVenkatesh\.stmcufinder\plugins\mcufinder\mcu\cube-finder-db.db)
2025-02-19 22:15:01,458 [INFO] UtilMem:75 - End SaveConfig() Used Memory: 391095400 Bytes (996147200)
2025-02-19 22:15:03,181 [INFO] UtilMem:75 - End SaveConfig() Used Memory: 418358376 Bytes (996147200)
2025-02-19 22:15:04,076 [INFO] UtilMem:75 - End SaveConfig() Used Memory: 515353704 Bytes (996147200)
2025-02-19 22:15:04,458 [INFO] BlockDiagram:2766 - set Specific Code input for plugin: SYS
2025-02-19 22:15:04,459 [INFO] BlockDiagram:2766 - set Specific Code input for plugin: RCC
2025-02-19 22:15:04,459 [INFO] BlockDiagram:2766 - set Specific Code input for plugin: NVIC
2025-02-19 22:15:04,459 [INFO] BlockDiagram:2766 - set Specific Code input for plugin: USART
2025-02-19 22:15:04,460 [INFO] BlockDiagram:2766 - set Specific Code input for plugin: GPIO
2025-02-19 22:15:04,461 [INFO] CodeGenerator:896 - code generatio: config db path: C:\ST\STM32CubeIDE_1.17.0\STM32CubeIDE\plugins\com.st.stm32cube.common.mx_6.13.0.202411220809\\db\
2025-02-19 22:15:04,808 [INFO] CodeEngine:255 - oldGeneratedFile, C:\Users\JadduVenkatesh\Desktop\FreeRTOS\RTOS_WorkSpace\Cnt_Sema_Sw_Int\MXTmpFiles\license.tmp_save
2025-02-19 22:15:05,217 [INFO] CodeEngine:279 - Generated code: C:\Users\JadduVenkatesh\Desktop\FreeRTOS\RTOS_WorkSpace\Cnt_Sema_Sw_Int\MXTmpFiles\license.tmp
2025-02-19 22:15:05,348 [INFO] CodeEngine:255 - oldGeneratedFile, C:\Users\JadduVenkatesh\Desktop\FreeRTOS\RTOS_WorkSpace\Cnt_Sema_Sw_Int\MXTmpFiles\gpio.tmp_save
2025-02-19 22:15:05,621 [INFO] CodeEngine:279 - Generated code: C:\Users\JadduVenkatesh\Desktop\FreeRTOS\RTOS_WorkSpace\Cnt_Sema_Sw_Int\MXTmpFiles\gpio.tmp
2025-02-19 22:15:05,808 [INFO] CodeEngine:255 - oldGeneratedFile, C:\Users\JadduVenkatesh\Desktop\FreeRTOS\RTOS_WorkSpace\Cnt_Sema_Sw_Int\Core\Src\stm32f4xx_it.c_save
2025-02-19 22:15:06,390 [INFO] CodeEngine:279 - Generated code: C:\Users\JadduVenkatesh\Desktop\FreeRTOS\RTOS_WorkSpace\Cnt_Sema_Sw_Int\Core\Src\stm32f4xx_it.c
2025-02-19 22:15:06,427 [INFO] CodeEngine:255 - oldGeneratedFile, C:\Users\JadduVenkatesh\Desktop\FreeRTOS\RTOS_WorkSpace\Cnt_Sema_Sw_Int\Core\Inc\stm32f4xx_it.h_save
2025-02-19 22:15:06,553 [INFO] CodeEngine:279 - Generated code: C:\Users\JadduVenkatesh\Desktop\FreeRTOS\RTOS_WorkSpace\Cnt_Sema_Sw_Int\Core\Inc\stm32f4xx_it.h
2025-02-19 22:15:06,610 [INFO] CodeEngine:255 - oldGeneratedFile, C:\Users\JadduVenkatesh\Desktop\FreeRTOS\RTOS_WorkSpace\Cnt_Sema_Sw_Int\Core\Src\stm32f4xx_hal_msp.c_save
2025-02-19 22:15:06,813 [INFO] CodeEngine:279 - Generated code: C:\Users\JadduVenkatesh\Desktop\FreeRTOS\RTOS_WorkSpace\Cnt_Sema_Sw_Int\Core\Src\stm32f4xx_hal_msp.c
2025-02-19 22:15:06,829 [INFO] CodeEngine:255 - oldGeneratedFile, C:\Users\JadduVenkatesh\Desktop\FreeRTOS\RTOS_WorkSpace\Cnt_Sema_Sw_Int\MXTmpFiles\system.tmp_save
2025-02-19 22:15:06,949 [INFO] CodeEngine:279 - Generated code: C:\Users\JadduVenkatesh\Desktop\FreeRTOS\RTOS_WorkSpace\Cnt_Sema_Sw_Int\MXTmpFiles\system.tmp
2025-02-19 22:15:06,992 [INFO] CodeEngine:255 - oldGeneratedFile, C:\Users\JadduVenkatesh\Desktop\FreeRTOS\RTOS_WorkSpace\Cnt_Sema_Sw_Int\Core\Src\stm32f4xx_hal_timebase_tim.c_save
2025-02-19 22:15:07,164 [INFO] CodeEngine:279 - Generated code: C:\Users\JadduVenkatesh\Desktop\FreeRTOS\RTOS_WorkSpace\Cnt_Sema_Sw_Int\Core\Src\stm32f4xx_hal_timebase_tim.c
2025-02-19 22:15:07,223 [INFO] CodeEngine:311 - oldGeneratedFile, C:\Users\JadduVenkatesh\Desktop\FreeRTOS\RTOS_WorkSpace\Cnt_Sema_Sw_Int\Core\Inc\stm32f4xx_hal_conf.h_save
2025-02-19 22:15:07,374 [INFO] CodeEngine:335 - Generated code: C:\Users\JadduVenkatesh\Desktop\FreeRTOS\RTOS_WorkSpace\Cnt_Sema_Sw_Int\Core\Inc\stm32f4xx_hal_conf.h
2025-02-19 22:15:07,423 [WARN] IPConfigManager:3034 - Warning: the RefConfig PLL2P_FOR_MCO is not available in your config.xml file
2025-02-19 22:15:07,433 [INFO] ApiDbMcu:508 - Load IP Config File for USART2
2025-02-19 22:15:07,440 [INFO] ApiDbMcu:508 - Load IP Config File for RCC
2025-02-19 22:15:07,505 [INFO] CodeEngine:255 - oldGeneratedFile, C:\Users\JadduVenkatesh\Desktop\FreeRTOS\RTOS_WorkSpace\Cnt_Sema_Sw_Int\Core\Inc\main.h_save
2025-02-19 22:15:07,697 [INFO] CodeEngine:279 - Generated code: C:\Users\JadduVenkatesh\Desktop\FreeRTOS\RTOS_WorkSpace\Cnt_Sema_Sw_Int\Core\Inc\main.h
2025-02-19 22:15:07,742 [INFO] CodeEngine:255 - oldGeneratedFile, C:\Users\JadduVenkatesh\Desktop\FreeRTOS\RTOS_WorkSpace\Cnt_Sema_Sw_Int\Core\Src\main.c_save
2025-02-19 22:15:08,042 [INFO] CodeEngine:279 - Generated code: C:\Users\JadduVenkatesh\Desktop\FreeRTOS\RTOS_WorkSpace\Cnt_Sema_Sw_Int\Core\Src\main.c
2025-02-19 22:15:08,922 [INFO] ProjectBuilder:3289 - Time for Copy HAL[1] : 456mS.
2025-02-19 22:15:08,927 [INFO] ProjectBuilder:4876 - Project Generator version: 4.5.0-RC5
2025-02-19 22:15:09,057 [INFO] ConfigFileManager:1579 - The Die is : DIE421
2025-02-19 22:15:09,075 [INFO] ApiDbMcu:508 - Load IP Config File for FATFS
2025-02-19 22:15:09,096 [INFO] ApiDbMcu:508 - Load IP Config File for FREERTOS
2025-02-19 22:15:09,114 [INFO] ApiDbMcu:508 - Load IP Config File for LIBJPEG
2025-02-19 22:15:09,134 [INFO] ApiDbMcu:508 - Load IP Config File for MBEDTLS
2025-02-19 22:15:09,160 [INFO] ApiDbMcu:508 - Load IP Config File for USB_DEVICE
2025-02-19 22:15:09,180 [INFO] ApiDbMcu:508 - Load IP Config File for USB_HOST
2025-02-19 22:15:11,066 [INFO] ProjectBuilder:5154 - Time for Generating toolchain IDE Files: 2139mS.
2025-02-19 22:15:11,067 [INFO] ProjectBuilder:3146 - Time for Copy CMSIS : 1mS.
2025-02-19 22:15:11,072 [INFO] ProjectBuilder:3146 - Time for Copy CMSIS : 0mS.
